
=================
== ../../dataset/webspam/webspam_trigram.svm
=================

340000 Vectors, 10000 Queries
Nodes: 10
Tables: 24
RangePow: 18
Reservoir Size: 256
Hashes: 8
CMS Bucket Size: 1024
CMS Hashes: 4

LSH Initialized in Node 0
LSH Initialized in Node 4
LSH Initialized in Node 5
LSH Initialized in Node 9
LSH Initialized in Node 8
LSH Initialized in Node 2
LSH Initialized in Node 6
LSH Initialized in Node 1
LSH Initialized in Node 7
LSH Initialized in Node 3
CMS Initialized in Node 2
CMS Initialized in Node 4
CMS Initialized in Node 6
CMS Initialized in Node 5
CMS Initialized in Node 9
CMS Initialized in Node 0
CMS Initialized in Node 8
CMS Initialized in Node 3
CMS Initialized in Node 7
CMS Initialized in Node 1
LSH Reservoir Initialized in Node 0
LSH Reservoir Initialized in Node 1
LSH Reservoir Initialized in Node 9
LSH Reservoir Initialized in Node 5
LSH Reservoir Initialized in Node 7
LSH Reservoir Initialized in Node 4
LSH Reservoir Initialized in Node 8
LSH Reservoir Initialized in Node 6
LSH Reservoir Initialized in Node 2
FLASH Controller Initialized in Node 0
FLASH Controller Initialized in Node 8
FLASH Controller Initialized in Node 4
LSH Reservoir Initialized in Node 3
FLASH Controller Initialized in Node 1
FLASH Controller Initialized in Node 3
FLASH Controller Initialized in Node 5
FLASH Controller Initialized in Node 2
FLASH Controller Initialized in Node 6
FLASH Controller Initialized in Node 9
FLASH Controller Initialized in Node 7
Adding Vectors Node 0...
Adding Vectors Node 5...
Adding Vectors Node 9...
Adding Vectors Node 4...
Adding Vectors Node 6...
Adding Vectors Node 7...
Adding Vectors Node 2...
Adding Vectors Node 3...
Adding Vectors Node 8...
Adding Vectors Node 1...
Vectors Read Node 0: 39.7536 Seconds

Node 0 Table Mem Usage ranges from 0.001774 to 0.002193, average 0.002019
Node 0 Table Mem Usage ranges from 0.013947 to 0.018143, average 0.016541
Node 0 Table Mem Usage ranges from 0.024002 to 0.031704, average 0.028669
Node 0 Table Mem Usage ranges from 0.033081 to 0.043941, average 0.039668
Node 0 Table Mem Usage ranges from 0.041496 to 0.055386, average 0.049866
Vectors Added Node 0: 40.1499 Seconds

Vectors Read Node 4: 41.5668 Seconds

Node 4 Table Mem Usage ranges from 0.001701 to 0.002209, average 0.001993
Node 4 Table Mem Usage ranges from 0.014118 to 0.018494, average 0.016694
Node 4 Table Mem Usage ranges from 0.024426 to 0.032059, average 0.028917
Node 4 Table Mem Usage ranges from 0.033428 to 0.044270, average 0.039865
Node 4 Table Mem Usage ranges from 0.041805 to 0.055611, average 0.050043
Vectors Added Node 4: 41.9586 Seconds

Vectors Read Node 5: 53.3254 Seconds

Node 5 Table Mem Usage ranges from 0.001678 to 0.002159, average 0.001940
Node 5 Table Mem Usage ranges from 0.013832 to 0.018215, average 0.016262
Node 5 Table Mem Usage ranges from 0.024014 to 0.031872, average 0.028564
Node 5 Table Mem Usage ranges from 0.033039 to 0.044044, average 0.039478
Node 5 Table Mem Usage ranges from 0.041317 to 0.055462, average 0.049672
Vectors Added Node 5: 53.7098 Seconds

Vectors Read Node 1: 57.602 Seconds

Node 1 Table Mem Usage ranges from 0.001732 to 0.002220, average 0.001987
Node 1 Table Mem Usage ranges from 0.013783 to 0.018242, average 0.016390
Node 1 Table Mem Usage ranges from 0.024044 to 0.031696, average 0.028608
Node 1 Table Mem Usage ranges from 0.032803 to 0.043610, average 0.039250
Node 1 Table Mem Usage ranges from 0.041161 to 0.054943, average 0.049404
Vectors Added Node 1: 58.0064 Seconds

Vectors Read Node 2: 68.2265 Seconds

Node 2 Table Mem Usage ranges from 0.001774 to 0.002213, average 0.002009
Node 2 Table Mem Usage ranges from 0.014236 to 0.018391, average 0.016705
Node 2 Table Mem Usage ranges from 0.024426 to 0.032162, average 0.028999
Node 2 Table Mem Usage ranges from 0.033718 to 0.044403, average 0.040169
Node 2 Table Mem Usage ranges from 0.041943 to 0.055828, average 0.050298
Vectors Added Node 2: 68.6354 Seconds

Vectors Read Node 9: 74.8475 Seconds

Node 9 Table Mem Usage ranges from 0.001797 to 0.002190, average 0.002014
Node 9 Table Mem Usage ranges from 0.014126 to 0.018349, average 0.016535
Node 9 Table Mem Usage ranges from 0.024151 to 0.031837, average 0.028640
Node 9 Table Mem Usage ranges from 0.033043 to 0.044071, average 0.039557
Node 9 Table Mem Usage ranges from 0.041519 to 0.055359, average 0.049764
Vectors Added Node 9: 75.3551 Seconds

Vectors Read Node 8: 76.5753 Seconds

Node 8 Table Mem Usage ranges from 0.001755 to 0.002232, average 0.002000
Node 8 Table Mem Usage ranges from 0.014194 to 0.018627, average 0.016663
Node 8 Table Mem Usage ranges from 0.024315 to 0.032047, average 0.028858
Node 8 Table Mem Usage ranges from 0.033417 to 0.044296, average 0.040037
Node 8 Table Mem Usage ranges from 0.041901 to 0.055763, average 0.050306
Vectors Added Node 8: 77.0753 Seconds

Vectors Read Node 3: 78.4624 Seconds

Node 3 Table Mem Usage ranges from 0.001785 to 0.002190, average 0.001997
Node 3 Table Mem Usage ranges from 0.013882 to 0.018280, average 0.016384
Node 3 Table Mem Usage ranges from 0.023979 to 0.031796, average 0.028540
Node 3 Table Mem Usage ranges from 0.032970 to 0.043957, average 0.039516
Node 3 Table Mem Usage ranges from 0.041492 to 0.055523, average 0.049753
Vectors Added Node 3: 78.8651 Seconds

Vectors Read Node 6: 98.6758 Seconds

Node 6 Table Mem Usage ranges from 0.001743 to 0.002182, average 0.001993
Node 6 Table Mem Usage ranges from 0.014191 to 0.018299, average 0.016625
Node 6 Table Mem Usage ranges from 0.024483 to 0.031902, average 0.028897
Node 6 Table Mem Usage ranges from 0.033520 to 0.044312, average 0.039997
Node 6 Table Mem Usage ranges from 0.041851 to 0.055763, average 0.050234
Vectors Added Node 6: 99.0958 Seconds

Vectors Read Node 7: 103.296 Seconds

Node 7 Table Mem Usage ranges from 0.001728 to 0.002167, average 0.001977
Node 7 Table Mem Usage ranges from 0.013962 to 0.018158, average 0.016329
Node 7 Table Mem Usage ranges from 0.023968 to 0.031879, average 0.028598
Node 7 Table Mem Usage ranges from 0.033001 to 0.044350, average 0.039677
Node 7 Table Mem Usage ranges from 0.041481 to 0.055534, average 0.049842
Vectors Added Node 7: 103.696 Seconds

Computing Query Hashes Node 9...
Computing Query Hashes Node 1...
Computing Query Hashes Node 4...
Computing Query Hashes Node 8...
Computing Query Hashes Node 0...
Computing Query Hashes Node 7...
Computing Query Hashes Node 5...
Computing Query Hashes Node 2...
Computing Query Hashes Node 6...
Computing Query Hashes Node 3...
Query Hashes Computed Node 4: 0.035255 Seconds

Query Hashes Computed Node 8: 0.035281 Seconds

Query Hashes Computed Node 0: 0.0353387 Seconds

Query Hashes Computed Node 7: 0.0351288 Seconds

Query Hashes Computed Node 3: 0.0383585 Seconds

Query Hashes Computed Node 5: 0.0382354 Seconds

Query Hashes Computed Node 2: 0.0354109 Seconds

Query Hashes Computed Node 6: 0.0352046 Seconds

Query Hashes Computed Node 1: 0.0479751 Seconds

Query Hashes Computed Node 9: 0.057676 Seconds

Extracting Top K (TREE) Node 0...
Extracting Top K (TREE) Node 7...
Extracting Top K (TREE) Node 5...
Extracting Top K (TREE) Node 9...
Extracting Top K (TREE) Node 4...
Extracting Top K (TREE) Node 8...
Extracting Top K (TREE) Node 3...
Extracting Top K (TREE) Node 2...
Extracting Top K (TREE) Node 6...
Extracting Top K (TREE) Node 1...
Top K (TREE) Extracted Node 5: 1.02779 Seconds

Top K (TREE) Extracted Node 1: 1.04027 Seconds

Top K (TREE) Extracted Node 7: 1.06264 Seconds

Top K (TREE) Extracted Node 3: 1.12384 Seconds

Top K (TREE) Extracted Node 9: 1.13569 Seconds

Top K (TREE) Extracted Node 6: 1.15285 Seconds

Top K (TREE) Extracted Node 2: 1.21304 Seconds

Top K (TREE) Extracted Node 4: 1.3028 Seconds

Top K (TREE) Extracted Node 8: 1.39348 Seconds

Extracting Top K (LINEAR) Node 9...
Extracting Top K (LINEAR) Node 1...
Extracting Top K (LINEAR) Node 4...
Extracting Top K (LINEAR) Node 8...
Extracting Top K (LINEAR) Node 7...
Extracting Top K (LINEAR) Node 3...
Extracting Top K (LINEAR) Node 5...
Extracting Top K (LINEAR) Node 2...
Extracting Top K (LINEAR) Node 6...
Top K (TREE) Extracted Node 0: 1.51695 Seconds

Extracting Top K (LINEAR) Node 0...
Top K (LINEAR) Extracted Node 1: 1.0092 Seconds

Top K (LINEAR) Extracted Node 2: 1.12908 Seconds

Top K (LINEAR) Extracted Node 3: 1.21315 Seconds

Top K (LINEAR) Extracted Node 4: 1.29715 Seconds

Top K (LINEAR) Extracted Node 5: 1.38131 Seconds

Top K (LINEAR) Extracted Node 6: 1.46596 Seconds

Top K (LINEAR) Extracted Node 7: 1.57957 Seconds

Top K (LINEAR) Extracted Node 8: 1.68512 Seconds

Top K (LINEAR) Extracted Node 9: 1.76911 Seconds

Extracting Top K (BRUTEFORCE) Node 9...
Extracting Top K (BRUTEFORCE) Node 1...
Extracting Top K (BRUTEFORCE) Node 4...
Extracting Top K (BRUTEFORCE) Node 8...
Extracting Top K (BRUTEFORCE) Node 7...
Extracting Top K (BRUTEFORCE) Node 3...
Extracting Top K (BRUTEFORCE) Node 5...
Extracting Top K (BRUTEFORCE) Node 2...
Extracting Top K (BRUTEFORCE) Node 6...
Top K (LINEAR) Extracted Node 0: 2.41206 Seconds

Extracting Top K (BRUTEFORCE) Node 0...
Top K (BRUTEFORCE) Extracted Node 1: 0.159664 Seconds

Top K (BRUTEFORCE) Extracted Node 2: 0.221094 Seconds

Top K (BRUTEFORCE) Extracted Node 3: 0.283282 Seconds

Top K (BRUTEFORCE) Extracted Node 4: 0.345686 Seconds

Top K (BRUTEFORCE) Extracted Node 5: 0.406922 Seconds

Top K (BRUTEFORCE) Extracted Node 6: 0.469152 Seconds

Top K (BRUTEFORCE) Extracted Node 7: 0.531216 Seconds

Top K (BRUTEFORCE) Extracted Node 8: 0.592521 Seconds

Top K (BRUTEFORCE) Extracted Node 9: 0.702149 Seconds

Top K (BRUTEFORCE) Extracted Node 0: 8.35769 Seconds



================================
TOP K TREE

[similarityMetric] Averaging output. 

S@k = s_out(s_true): In top k, average output similarity (average groundtruth similarity). 
S@1 = 0.894 
S@10 = 0.844 
S@20 = 0.821 
S@30 = 0.808 
S@32 = 0.806 
S@40 = 0.799 
S@50 = 0.791 
S@64 = 0.783 
S@100 = 0.769 
S@128 = 0.760 
1 10 20 30 32 40 50 64 100 128 
0.894 0.844 0.821 0.808 0.806 0.799 0.791 0.783 0.769 0.760 


================================
TOP K LINEAR

[similarityMetric] Averaging output. 

S@k = s_out(s_true): In top k, average output similarity (average groundtruth similarity). 
S@1 = 0.891 
S@10 = 0.840 
S@20 = 0.818 
S@30 = 0.805 
S@32 = 0.803 
S@40 = 0.796 
S@50 = 0.789 
S@64 = 0.781 
S@100 = 0.767 
S@128 = 0.759 
1 10 20 30 32 40 50 64 100 128 
0.891 0.840 0.818 0.805 0.803 0.796 0.789 0.781 0.767 0.759 


================================
TOP K BRUTEFORCE

[similarityMetric] Averaging output. 

S@k = s_out(s_true): In top k, average output similarity (average groundtruth similarity). 
S@1 = 0.900 
S@10 = 0.852 
S@20 = 0.831 
S@30 = 0.818 
S@32 = 0.816 
S@40 = 0.809 
S@50 = 0.802 
S@64 = 0.794 
S@100 = 0.781 
S@128 = 0.773 
1 10 20 30 32 40 50 64 100 128 
0.900 0.852 0.831 0.818 0.816 0.809 0.802 0.794 0.781 0.773 
Similarity Metric Computed
