
=================
== ../../dataset/webspam/webspam_trigram.svm
=================

340000 Vectors, 10000 Queries
Nodes: 5
Tables: 24
RangePow: 18
Reservoir Size: 256
Hashes: 8
CMS Bucket Size: 1024
CMS Hashes: 4

LSH Initialized in Node 0
LSH Initialized in Node 2
LSH Initialized in Node 4
LSH Initialized in Node 3
LSH Initialized in Node 1
CMS Initialized in Node 4
CMS Initialized in Node 2
CMS Initialized in Node 0
CMS Initialized in Node 3
CMS Initialized in Node 1
LSH Reservoir Initialized in Node 3
LSH Reservoir Initialized in Node 1
LSH Reservoir Initialized in Node 2
LSH Reservoir Initialized in Node 0
FLASH Controller Initialized in Node 0
LSH Reservoir Initialized in Node 4
FLASH Controller Initialized in Node 4
FLASH Controller Initialized in Node 1
FLASH Controller Initialized in Node 2
FLASH Controller Initialized in Node 3
Adding Vectors Node 0...
Adding Vectors Node 4...
Adding Vectors Node 3...
Adding Vectors Node 1...
Adding Vectors Node 2...
Vectors Read Node 0: 74.006 Seconds

Node 0 Table Mem Usage ranges from 0.003254 to 0.004059, average 0.003724
Node 0 Table Mem Usage ranges from 0.024971 to 0.033066, average 0.029827
Node 0 Table Mem Usage ranges from 0.042271 to 0.056400, average 0.050805
Node 0 Table Mem Usage ranges from 0.057407 to 0.077518, average 0.069380
Node 0 Table Mem Usage ranges from 0.071411 to 0.096832, average 0.086452
Vectors Added Node 0: 74.7795 Seconds

Vectors Read Node 2: 77.659 Seconds

Node 2 Table Mem Usage ranges from 0.003284 to 0.004181, average 0.003756
Node 2 Table Mem Usage ranges from 0.025387 to 0.033401, average 0.030079
Node 2 Table Mem Usage ranges from 0.042664 to 0.056725, average 0.051125
Node 2 Table Mem Usage ranges from 0.057796 to 0.077572, average 0.069615
Node 2 Table Mem Usage ranges from 0.071941 to 0.097179, average 0.086970
Vectors Added Node 2: 78.4294 Seconds

Vectors Read Node 1: 117.516 Seconds

Node 1 Table Mem Usage ranges from 0.003258 to 0.004082, average 0.003709
Node 1 Table Mem Usage ranges from 0.025333 to 0.033405, average 0.030123
Node 1 Table Mem Usage ranges from 0.042709 to 0.056931, average 0.051276
Node 1 Table Mem Usage ranges from 0.057930 to 0.078045, average 0.069946
Node 1 Table Mem Usage ranges from 0.071884 to 0.097588, average 0.087186
Vectors Added Node 1: 118.285 Seconds

Vectors Read Node 3: 172.951 Seconds

Node 3 Table Mem Usage ranges from 0.003201 to 0.004055, average 0.003713
Node 3 Table Mem Usage ranges from 0.025257 to 0.033222, average 0.029987
Node 3 Table Mem Usage ranges from 0.042458 to 0.056808, average 0.051114
Node 3 Table Mem Usage ranges from 0.057793 to 0.077927, average 0.069695
Node 3 Table Mem Usage ranges from 0.071823 to 0.097538, average 0.087139
Vectors Added Node 3: 173.74 Seconds

Vectors Read Node 4: 188.253 Seconds

Computing Query Hashes Node 0...
Computing Query Hashes Node 1...
Computing Query Hashes Node 2...
Computing Query Hashes Node 3...
Node 4 Table Mem Usage ranges from 0.003300 to 0.004143, average 0.003734
Node 4 Table Mem Usage ranges from 0.025196 to 0.033325, average 0.030008
Node 4 Table Mem Usage ranges from 0.042706 to 0.056927, average 0.051336
Node 4 Table Mem Usage ranges from 0.058025 to 0.078003, average 0.070058
Node 4 Table Mem Usage ranges from 0.072044 to 0.097443, average 0.087193
Vectors Added Node 4: 189.044 Seconds

Computing Query Hashes Node 4...
Query Hashes Computed Node 0: 0.0488136 Seconds

Extracting Top K (TREE) Node 0...
Query Hashes Computed Node 4: 0.0488011 Seconds

Extracting Top K (TREE) Node 4...
Query Hashes Computed Node 1: 0.0488141 Seconds

Extracting Top K (TREE) Node 1...
Query Hashes Computed Node 2: 0.0488298 Seconds

Extracting Top K (TREE) Node 2...
Query Hashes Computed Node 3: 0.0488263 Seconds

Extracting Top K (TREE) Node 3...
Top K (TREE) Extracted Node 3: 1.023 Seconds

Top K (TREE) Extracted Node 1: 1.03324 Seconds

Top K (TREE) Extracted Node 2: 1.12075 Seconds

Top K (TREE) Extracted Node 4: 1.21156 Seconds

Extracting Top K (LINEAR) Node 4...
Extracting Top K (LINEAR) Node 1...
Extracting Top K (LINEAR) Node 2...
Extracting Top K (LINEAR) Node 3...
Top K (TREE) Extracted Node 0: 1.33118 Seconds

Extracting Top K (LINEAR) Node 0...
Top K (LINEAR) Extracted Node 1: 1.04984 Seconds

Top K (LINEAR) Extracted Node 2: 1.13356 Seconds

Top K (LINEAR) Extracted Node 3: 1.29129 Seconds

Top K (LINEAR) Extracted Node 4: 1.41198 Seconds

Extracting Top K (BRUTEFORCE) Node 4...
Extracting Top K (BRUTEFORCE) Node 1...
Extracting Top K (BRUTEFORCE) Node 2...
Extracting Top K (BRUTEFORCE) Node 3...
Top K (LINEAR) Extracted Node 0: 1.72893 Seconds

Extracting Top K (BRUTEFORCE) Node 0...
Top K (BRUTEFORCE) Extracted Node 1: 0.152778 Seconds

Top K (BRUTEFORCE) Extracted Node 2: 0.215301 Seconds

Top K (BRUTEFORCE) Extracted Node 3: 0.295147 Seconds

Top K (BRUTEFORCE) Extracted Node 4: 0.422246 Seconds

Top K (BRUTEFORCE) Extracted Node 0: 4.35181 Seconds



================================
TOP K TREE

[similarityMetric] Averaging output. 

S@k = s_out(s_true): In top k, average output similarity (average groundtruth similarity). 
S@1 = 0.895 
S@10 = 0.845 
S@20 = 0.823 
S@30 = 0.809 
S@32 = 0.807 
S@40 = 0.800 
S@50 = 0.793 
S@64 = 0.784 
S@100 = 0.770 
S@128 = 0.761 
1 10 20 30 32 40 50 64 100 128 
0.895 0.845 0.823 0.809 0.807 0.800 0.793 0.784 0.770 0.761 


================================
TOP K LINEAR

[similarityMetric] Averaging output. 

S@k = s_out(s_true): In top k, average output similarity (average groundtruth similarity). 
S@1 = 0.893 
S@10 = 0.843 
S@20 = 0.821 
S@30 = 0.807 
S@32 = 0.805 
S@40 = 0.798 
S@50 = 0.791 
S@64 = 0.783 
S@100 = 0.769 
S@128 = 0.761 
1 10 20 30 32 40 50 64 100 128 
0.893 0.843 0.821 0.807 0.805 0.798 0.791 0.783 0.769 0.761 


================================
TOP K BRUTEFORCE

[similarityMetric] Averaging output. 

S@k = s_out(s_true): In top k, average output similarity (average groundtruth similarity). 
S@1 = 0.900 
S@10 = 0.852 
S@20 = 0.831 
S@30 = 0.818 
S@32 = 0.816 
S@40 = 0.809 
S@50 = 0.802 
S@64 = 0.795 
S@100 = 0.781 
S@128 = 0.773 
1 10 20 30 32 40 50 64 100 128 
0.900 0.852 0.831 0.818 0.816 0.809 0.802 0.795 0.781 0.773 
Similarity Metric Computed
