
=================
== ../../dataset/webspam/webspam_trigram.svm
=================

LSH Initialized in Node 2
LSH Initialized in Node 1
340000 Vectors, 10000 Queries
Nodes: 3
Tables: 24
RangePow: 18
Reservoir Size: 256
Hashes: 8
CMS Bucket Size: 1024
CMS Hashes: 4

LSH Initialized in Node 0
CMS Initialized in Node 1
CMS Initialized in Node 2
CMS Initialized in Node 0
LSH Reservoir Initialized in Node 1
LSH Reservoir Initialized in Node 2
FLASH Controller Initialized in Node 1
LSH Reservoir Initialized in Node 0
FLASH Controller Initialized in Node 0
FLASH Controller Initialized in Node 2
Adding Vectors Node 0...
Adding Vectors Node 2...
Adding Vectors Node 1...
Vectors Read Node 0: 122.861 Seconds

Node 0 Table Mem Usage ranges from 0.005085 to 0.006432, average 0.005850
Node 0 Table Mem Usage ranges from 0.037792 to 0.050491, average 0.045473
Node 0 Table Mem Usage ranges from 0.063263 to 0.085766, average 0.076520
Node 0 Table Mem Usage ranges from 0.085518 to 0.116287, average 0.103558
Node 0 Table Mem Usage ranges from 0.105907 to 0.144745, average 0.128605
Vectors Added Node 0: 124.117 Seconds

Vectors Read Node 1: 146.776 Seconds

Node 1 Table Mem Usage ranges from 0.005112 to 0.006428, average 0.005879
Node 1 Table Mem Usage ranges from 0.037983 to 0.050850, average 0.045541
Node 1 Table Mem Usage ranges from 0.063606 to 0.086182, average 0.076924
Node 1 Table Mem Usage ranges from 0.085915 to 0.116909, average 0.104117
Node 1 Table Mem Usage ranges from 0.105629 to 0.144817, average 0.128506
Vectors Added Node 1: 148.023 Seconds

Vectors Read Node 2: 177.269 Seconds

Computing Query Hashes Node 1...
Node 2 Table Mem Usage ranges from 0.005009 to 0.006424, average 0.005790
Node 2 Table Mem Usage ranges from 0.037868 to 0.050594, average 0.045393
Node 2 Table Mem Usage ranges from 0.063492 to 0.085819, average 0.076635
Node 2 Table Mem Usage ranges from 0.086086 to 0.116646, average 0.104265
Node 2 Table Mem Usage ranges from 0.106461 to 0.144718, average 0.128953
Vectors Added Node 2: 178.501 Seconds

Computing Query Hashes Node 0...
Computing Query Hashes Node 2...
Query Hashes Computed Node 1: 0.0479332 Seconds

Extracting Top K (TREE) Node 1...
Query Hashes Computed Node 2: 0.0478925 Seconds

Extracting Top K (TREE) Node 2...
Query Hashes Computed Node 0: 0.048016 Seconds

Extracting Top K (TREE) Node 0...
Top K (TREE) Extracted Node 1: 1.01391 Seconds

Top K (TREE) Extracted Node 2: 1.09928 Seconds

Extracting Top K (LINEAR) Node 1...
Extracting Top K (LINEAR) Node 2...
Top K (TREE) Extracted Node 0: 1.21285 Seconds

Extracting Top K (LINEAR) Node 0...
Top K (LINEAR) Extracted Node 1: 1.09737 Seconds

Top K (LINEAR) Extracted Node 2: 1.19217 Seconds

Top K (LINEAR) Extracted Node 0: 1.38173 Seconds

Extracting Top K (BRUTEFORCE) Node 1...
Extracting Top K (BRUTEFORCE) Node 2...
Extracting Top K (BRUTEFORCE) Node 0...
Top K (BRUTEFORCE) Extracted Node 1: 0.238149 Seconds

Top K (BRUTEFORCE) Extracted Node 2: 0.309327 Seconds

Top K (BRUTEFORCE) Extracted Node 0: 2.66505 Seconds



================================
TOP K TREE

[similarityMetric] Averaging output. 

S@k = s_out(s_true): In top k, average output similarity (average groundtruth similarity). 
S@1 = 0.896 
S@10 = 0.847 
S@20 = 0.825 
S@30 = 0.811 
S@32 = 0.809 
S@40 = 0.802 
S@50 = 0.794 
S@64 = 0.786 
S@100 = 0.771 
S@128 = 0.762 
1 10 20 30 32 40 50 64 100 128 
0.896 0.847 0.825 0.811 0.809 0.802 0.794 0.786 0.771 0.762 


================================
TOP K LINEAR

[similarityMetric] Averaging output. 

S@k = s_out(s_true): In top k, average output similarity (average groundtruth similarity). 
S@1 = 0.895 
S@10 = 0.846 
S@20 = 0.824 
S@30 = 0.810 
S@32 = 0.808 
S@40 = 0.801 
S@50 = 0.793 
S@64 = 0.785 
S@100 = 0.770 
S@128 = 0.762 
1 10 20 30 32 40 50 64 100 128 
0.895 0.846 0.824 0.810 0.808 0.801 0.793 0.785 0.770 0.762 


================================
TOP K BRUTEFORCE

[similarityMetric] Averaging output. 

S@k = s_out(s_true): In top k, average output similarity (average groundtruth similarity). 
S@1 = 0.900 
S@10 = 0.852 
S@20 = 0.831 
S@30 = 0.818 
S@32 = 0.816 
S@40 = 0.809 
S@50 = 0.803 
S@64 = 0.795 
S@100 = 0.781 
S@128 = 0.773 
1 10 20 30 32 40 50 64 100 128 
0.900 0.852 0.831 0.818 0.816 0.809 0.803 0.795 0.781 0.773 
Similarity Metric Computed
