
=================
== ../../dataset/webspam/webspam_trigram.svm
=================

LSH Initialized in Node 1
LSH Initialized in Node 3
LSH Initialized in Node 2
340000 Vectors, 10000 Queries
Nodes: 4
Tables: 24
RangePow: 18
Reservoir Size: 256
Hashes: 8
CMS Bucket Size: 1024
CMS Hashes: 4

LSH Initialized in Node 0
CMS Initialized in Node 3
CMS Initialized in Node 1
CMS Initialized in Node 2
CMS Initialized in Node 0
LSH Reservoir Initialized in Node 0
LSH Reservoir Initialized in Node 2
LSH Reservoir Initialized in Node 3
FLASH Controller Initialized in Node 0
FLASH Controller Initialized in Node 2
FLASH Controller Initialized in Node 3
LSH Reservoir Initialized in Node 1
FLASH Controller Initialized in Node 1
Adding Vectors Node 3...
Adding Vectors Node 1...
Adding Vectors Node 0...
Adding Vectors Node 2...
Vectors Read Node 0: 95.6581 Seconds

Node 0 Table Mem Usage ranges from 0.003960 to 0.004974, average 0.004527
Node 0 Table Mem Usage ranges from 0.030029 to 0.039856, average 0.035916
Node 0 Table Mem Usage ranges from 0.050632 to 0.067802, average 0.060859
Node 0 Table Mem Usage ranges from 0.068455 to 0.092625, average 0.082759
Node 0 Table Mem Usage ranges from 0.085155 to 0.115623, average 0.102998
Vectors Added Node 0: 96.6257 Seconds

Vectors Read Node 1: 98.9624 Seconds

Node 1 Table Mem Usage ranges from 0.004002 to 0.005035, average 0.004585
Node 1 Table Mem Usage ranges from 0.030029 to 0.039921, average 0.035969
Node 1 Table Mem Usage ranges from 0.050434 to 0.068356, average 0.060915
Node 1 Table Mem Usage ranges from 0.068680 to 0.093433, average 0.083118
Node 1 Table Mem Usage ranges from 0.085381 to 0.116451, average 0.103554
Vectors Added Node 1: 99.9442 Seconds

Vectors Read Node 2: 122.126 Seconds

Node 2 Table Mem Usage ranges from 0.003860 to 0.004997, average 0.004420
Node 2 Table Mem Usage ranges from 0.030029 to 0.039879, average 0.035752
Node 2 Table Mem Usage ranges from 0.050358 to 0.067844, average 0.060646
Node 2 Table Mem Usage ranges from 0.068783 to 0.093445, average 0.083156
Node 2 Table Mem Usage ranges from 0.085144 to 0.116276, average 0.103260
Vectors Added Node 2: 123.088 Seconds

Vectors Read Node 3: 152.159 Seconds

Computing Query Hashes Node 2...
Node 3 Table Mem Usage ranges from 0.003986 to 0.005051, average 0.004539
Node 3 Table Mem Usage ranges from 0.030266 to 0.040283, average 0.035992
Node 3 Table Mem Usage ranges from 0.050995 to 0.068058, average 0.061300
Node 3 Table Mem Usage ranges from 0.069214 to 0.093079, average 0.083477
Node 3 Table Mem Usage ranges from 0.085728 to 0.115993, average 0.103726
Vectors Added Node 3: 153.119 Seconds

Computing Query Hashes Node 1...
Computing Query Hashes Node 0...
Computing Query Hashes Node 3...
Query Hashes Computed Node 2: 0.0378481 Seconds

Extracting Top K (TREE) Node 2...
Query Hashes Computed Node 3: 0.037664 Seconds

Extracting Top K (TREE) Node 3...
Query Hashes Computed Node 1: 0.0378321 Seconds

Extracting Top K (TREE) Node 1...
Query Hashes Computed Node 0: 0.0376478 Seconds

Extracting Top K (TREE) Node 0...
Top K (TREE) Extracted Node 3: 1.02838 Seconds

Top K (TREE) Extracted Node 1: 1.023 Seconds

Top K (TREE) Extracted Node 2: 1.11456 Seconds

Extracting Top K (LINEAR) Node 2...
Extracting Top K (LINEAR) Node 3...
Extracting Top K (LINEAR) Node 1...
Top K (TREE) Extracted Node 0: 1.23168 Seconds

Extracting Top K (LINEAR) Node 0...
Top K (LINEAR) Extracted Node 1: 1.05348 Seconds

Top K (LINEAR) Extracted Node 2: 1.21501 Seconds

Top K (LINEAR) Extracted Node 3: 1.29692 Seconds

Extracting Top K (BRUTEFORCE) Node 2...
Extracting Top K (BRUTEFORCE) Node 3...
Extracting Top K (BRUTEFORCE) Node 1...
Top K (LINEAR) Extracted Node 0: 1.55095 Seconds

Extracting Top K (BRUTEFORCE) Node 0...
Top K (BRUTEFORCE) Extracted Node 1: 0.170743 Seconds

Top K (BRUTEFORCE) Extracted Node 2: 0.316535 Seconds

Top K (BRUTEFORCE) Extracted Node 3: 0.377759 Seconds

Top K (BRUTEFORCE) Extracted Node 0: 3.49787 Seconds



================================
TOP K TREE

[similarityMetric] Averaging output. 

S@k = s_out(s_true): In top k, average output similarity (average groundtruth similarity). 
S@1 = 0.895 
S@10 = 0.846 
S@20 = 0.824 
S@30 = 0.811 
S@32 = 0.808 
S@40 = 0.801 
S@50 = 0.794 
S@64 = 0.785 
S@100 = 0.771 
S@128 = 0.762 
1 10 20 30 32 40 50 64 100 128 
0.895 0.846 0.824 0.811 0.808 0.801 0.794 0.785 0.771 0.762 


================================
TOP K LINEAR

[similarityMetric] Averaging output. 

S@k = s_out(s_true): In top k, average output similarity (average groundtruth similarity). 
S@1 = 0.894 
S@10 = 0.843 
S@20 = 0.821 
S@30 = 0.807 
S@32 = 0.805 
S@40 = 0.798 
S@50 = 0.791 
S@64 = 0.783 
S@100 = 0.769 
S@128 = 0.761 
1 10 20 30 32 40 50 64 100 128 
0.894 0.843 0.821 0.807 0.805 0.798 0.791 0.783 0.769 0.761 


================================
TOP K BRUTEFORCE

[similarityMetric] Averaging output. 

S@k = s_out(s_true): In top k, average output similarity (average groundtruth similarity). 
S@1 = 0.899 
S@10 = 0.852 
S@20 = 0.831 
S@30 = 0.818 
S@32 = 0.816 
S@40 = 0.809 
S@50 = 0.802 
S@64 = 0.795 
S@100 = 0.781 
S@128 = 0.773 
1 10 20 30 32 40 50 64 100 128 
0.899 0.852 0.831 0.818 0.816 0.809 0.802 0.795 0.781 0.773 
Similarity Metric Computed
