
=================
== ../../dataset/webspam/webspam_trigram.svm
=================

LSH Initialized in Node 5
LSH Initialized in Node 2
LSH Initialized in Node 4
LSH Initialized in Node 3
LSH Initialized in Node 1
LSH Initialized in Node 6
340000 Vectors, 10000 Queries
Nodes: 7
Tables: 24
RangePow: 18
Reservoir Size: 256
Hashes: 8
CMS Bucket Size: 1024
CMS Hashes: 4

LSH Initialized in Node 0
CMS Initialized in Node 4
CMS Initialized in Node 6
CMS Initialized in Node 2
CMS Initialized in Node 3
CMS Initialized in Node 0
CMS Initialized in Node 5
CMS Initialized in Node 1
LSH Reservoir Initialized in Node 6
LSH Reservoir Initialized in Node 5
LSH Reservoir Initialized in Node 1
LSH Reservoir Initialized in Node 2
LSH Reservoir Initialized in Node 3
LSH Reservoir Initialized in Node 0
LSH Reservoir Initialized in Node 4
FLASH Controller Initialized in Node 0
FLASH Controller Initialized in Node 5
FLASH Controller Initialized in Node 4
FLASH Controller Initialized in Node 6
FLASH Controller Initialized in Node 3
FLASH Controller Initialized in Node 1
FLASH Controller Initialized in Node 2
Adding Vectors Node 6...
Adding Vectors Node 4...
Adding Vectors Node 0...
Adding Vectors Node 3...
Adding Vectors Node 1...
Adding Vectors Node 5...
Adding Vectors Node 2...
Vectors Read Node 0: 53.613 Seconds

Node 0 Table Mem Usage ranges from 0.002441 to 0.003036, average 0.002781
Node 0 Table Mem Usage ranges from 0.018780 to 0.024879, average 0.022432
Node 0 Table Mem Usage ranges from 0.032131 to 0.042831, average 0.038566
Node 0 Table Mem Usage ranges from 0.044132 to 0.058971, average 0.053004
Node 0 Table Mem Usage ranges from 0.054863 to 0.073967, average 0.066246
Vectors Added Node 0: 54.1688 Seconds

Vectors Read Node 2: 55.0469 Seconds

Node 2 Table Mem Usage ranges from 0.002430 to 0.002968, average 0.002732
Node 2 Table Mem Usage ranges from 0.018845 to 0.024826, average 0.022339
Node 2 Table Mem Usage ranges from 0.032166 to 0.042931, average 0.038550
Node 2 Table Mem Usage ranges from 0.044209 to 0.059265, average 0.053027
Node 2 Table Mem Usage ranges from 0.055248 to 0.074486, average 0.066543
Vectors Added Node 2: 55.6193 Seconds

Vectors Read Node 5: 57.1733 Seconds

Node 5 Table Mem Usage ranges from 0.002388 to 0.002991, average 0.002741
Node 5 Table Mem Usage ranges from 0.018761 to 0.025040, average 0.022499
Node 5 Table Mem Usage ranges from 0.032284 to 0.043068, average 0.038722
Node 5 Table Mem Usage ranges from 0.044292 to 0.059223, average 0.053163
Node 5 Table Mem Usage ranges from 0.055389 to 0.074200, average 0.066711
Vectors Added Node 5: 57.7183 Seconds

Vectors Read Node 1: 84.6365 Seconds

Node 1 Table Mem Usage ranges from 0.002373 to 0.002945, average 0.002691
Node 1 Table Mem Usage ranges from 0.018761 to 0.024403, average 0.022037
Node 1 Table Mem Usage ranges from 0.032146 to 0.042507, average 0.038254
Node 1 Table Mem Usage ranges from 0.044312 to 0.058807, average 0.052924
Node 1 Table Mem Usage ranges from 0.055595 to 0.074200, average 0.066624
Vectors Added Node 1: 85.2049 Seconds

Vectors Read Node 3: 133.259 Seconds

Node 3 Table Mem Usage ranges from 0.002434 to 0.003063, average 0.002752
Node 3 Table Mem Usage ranges from 0.019047 to 0.024853, average 0.022496
Node 3 Table Mem Usage ranges from 0.032387 to 0.042755, average 0.038655
Node 3 Table Mem Usage ranges from 0.044041 to 0.058708, average 0.052892
Node 3 Table Mem Usage ranges from 0.055149 to 0.074112, average 0.066435
Vectors Added Node 3: 133.816 Seconds

Vectors Read Node 4: 154.465 Seconds

Node 4 Table Mem Usage ranges from 0.002354 to 0.002956, average 0.002735
Node 4 Table Mem Usage ranges from 0.018806 to 0.024902, average 0.022380
Node 4 Table Mem Usage ranges from 0.032578 to 0.042969, average 0.038749
Node 4 Table Mem Usage ranges from 0.044552 to 0.059422, average 0.053380
Node 4 Table Mem Usage ranges from 0.055431 to 0.074455, average 0.066788
Vectors Added Node 4: 155.041 Seconds

Vectors Read Node 6: 179.165 Seconds

Computing Query Hashes Node 3...
Computing Query Hashes Node 1...
Computing Query Hashes Node 5...
Computing Query Hashes Node 4...
Computing Query Hashes Node 2...
Computing Query Hashes Node 0...
Node 6 Table Mem Usage ranges from 0.002373 to 0.003033, average 0.002745
Node 6 Table Mem Usage ranges from 0.019272 to 0.025089, average 0.022580
Node 6 Table Mem Usage ranges from 0.032536 to 0.043003, average 0.038731
Node 6 Table Mem Usage ranges from 0.044380 to 0.059334, average 0.053233
Node 6 Table Mem Usage ranges from 0.055527 to 0.074219, average 0.066577
Vectors Added Node 6: 179.731 Seconds

Computing Query Hashes Node 6...
Query Hashes Computed Node 6: 0.0158831 Seconds

Extracting Top K (TREE) Node 6...
Query Hashes Computed Node 3: 0.0159822 Seconds

Extracting Top K (TREE) Node 3...
Query Hashes Computed Node 5: 0.0159437 Seconds

Extracting Top K (TREE) Node 5...
Query Hashes Computed Node 2: 0.0159425 Seconds

Extracting Top K (TREE) Node 2...
Query Hashes Computed Node 4: 0.0159761 Seconds

Extracting Top K (TREE) Node 4...
Query Hashes Computed Node 0: 0.0159279 Seconds

Extracting Top K (TREE) Node 0...
Query Hashes Computed Node 1: 0.0159097 Seconds

Extracting Top K (TREE) Node 1...
Top K (TREE) Extracted Node 3: 1.02106 Seconds

Top K (TREE) Extracted Node 1: 1.0256 Seconds

Top K (TREE) Extracted Node 5: 1.03329 Seconds

Top K (TREE) Extracted Node 2: 1.11299 Seconds

Top K (TREE) Extracted Node 6: 1.12343 Seconds

Top K (TREE) Extracted Node 4: 1.21492 Seconds

Extracting Top K (LINEAR) Node 3...
Extracting Top K (LINEAR) Node 1...
Extracting Top K (LINEAR) Node 5...
Top K (TREE) Extracted Node 0: 1.33715 Seconds

Extracting Top K (LINEAR) Node 6...
Extracting Top K (LINEAR) Node 4...
Extracting Top K (LINEAR) Node 2...
Extracting Top K (LINEAR) Node 0...
Top K (LINEAR) Extracted Node 1: 1.03099 Seconds

Top K (LINEAR) Extracted Node 2: 1.10853 Seconds

Top K (LINEAR) Extracted Node 3: 1.19547 Seconds

Top K (LINEAR) Extracted Node 4: 1.27246 Seconds

Top K (LINEAR) Extracted Node 5: 1.4716 Seconds

Top K (LINEAR) Extracted Node 6: 1.54775 Seconds

Extracting Top K (BRUTEFORCE) Node 6...
Extracting Top K (BRUTEFORCE) Node 3...
Extracting Top K (BRUTEFORCE) Node 1...
Extracting Top K (BRUTEFORCE) Node 5...
Extracting Top K (BRUTEFORCE) Node 4...
Extracting Top K (BRUTEFORCE) Node 2...
Top K (LINEAR) Extracted Node 0: 1.99723 Seconds

Extracting Top K (BRUTEFORCE) Node 0...
Top K (BRUTEFORCE) Extracted Node 1: 0.151561 Seconds

Top K (BRUTEFORCE) Extracted Node 2: 0.212696 Seconds

Top K (BRUTEFORCE) Extracted Node 3: 0.274528 Seconds

Top K (BRUTEFORCE) Extracted Node 4: 0.335734 Seconds

Top K (BRUTEFORCE) Extracted Node 5: 0.481303 Seconds

Top K (BRUTEFORCE) Extracted Node 6: 0.542128 Seconds

Top K (BRUTEFORCE) Extracted Node 0: 6.11681 Seconds



================================
TOP K TREE

[similarityMetric] Averaging output. 

S@k = s_out(s_true): In top k, average output similarity (average groundtruth similarity). 
S@1 = 0.895 
S@10 = 0.845 
S@20 = 0.823 
S@30 = 0.809 
S@32 = 0.807 
S@40 = 0.800 
S@50 = 0.793 
S@64 = 0.784 
S@100 = 0.770 
S@128 = 0.761 
1 10 20 30 32 40 50 64 100 128 
0.895 0.845 0.823 0.809 0.807 0.800 0.793 0.784 0.770 0.761 


================================
TOP K LINEAR

[similarityMetric] Averaging output. 

S@k = s_out(s_true): In top k, average output similarity (average groundtruth similarity). 
S@1 = 0.893 
S@10 = 0.843 
S@20 = 0.821 
S@30 = 0.807 
S@32 = 0.805 
S@40 = 0.798 
S@50 = 0.791 
S@64 = 0.782 
S@100 = 0.769 
S@128 = 0.760 
1 10 20 30 32 40 50 64 100 128 
0.893 0.843 0.821 0.807 0.805 0.798 0.791 0.782 0.769 0.760 


================================
TOP K BRUTEFORCE

[similarityMetric] Averaging output. 

S@k = s_out(s_true): In top k, average output similarity (average groundtruth similarity). 
S@1 = 0.900 
S@10 = 0.852 
S@20 = 0.831 
S@30 = 0.818 
S@32 = 0.816 
S@40 = 0.809 
S@50 = 0.802 
S@64 = 0.794 
S@100 = 0.781 
S@128 = 0.773 
1 10 20 30 32 40 50 64 100 128 
0.900 0.852 0.831 0.818 0.816 0.809 0.802 0.794 0.781 0.773 
Similarity Metric Computed
