
=================
== ../../dataset/webspam/webspam_trigram.svm
=================

LSH Initialized in Node 1
340000 Vectors, 10000 Queries
Nodes: 2
Tables: 24
RangePow: 18
Reservoir Size: 256
Hashes: 8
CMS Bucket Size: 1024
CMS Hashes: 4

LSH Initialized in Node 0
CMS Initialized in Node 1
CMS Initialized in Node 0
LSH Reservoir Initialized in Node 1
LSH Reservoir Initialized in Node 0
FLASH Controller Initialized in Node 0
FLASH Controller Initialized in Node 1
Adding Vectors Node 0...
Adding Vectors Node 1...
Vectors Read Node 0: 238.905 Seconds

Node 0 Table Mem Usage ranges from 0.007236 to 0.009274, average 0.008450
Node 0 Table Mem Usage ranges from 0.052395 to 0.070465, average 0.063189
Node 0 Table Mem Usage ranges from 0.086678 to 0.118141, average 0.105089
Node 0 Table Mem Usage ranges from 0.116394 to 0.159760, average 0.141545
Node 0 Table Mem Usage ranges from 0.142735 to 0.196190, average 0.173980
Vectors Added Node 0: 241.627 Seconds

Vectors Read Node 1: 242.832 Seconds

Computing Query Hashes Node 0...
Node 1 Table Mem Usage ranges from 0.007023 to 0.009102, average 0.008139
Node 1 Table Mem Usage ranges from 0.052372 to 0.070496, average 0.063075
Node 1 Table Mem Usage ranges from 0.086800 to 0.118576, average 0.105293
Node 1 Table Mem Usage ranges from 0.116386 to 0.159092, average 0.141500
Node 1 Table Mem Usage ranges from 0.143272 to 0.195915, average 0.174002
Vectors Added Node 1: 245.323 Seconds

Computing Query Hashes Node 1...
Query Hashes Computed Node 0: 0.0932537 Seconds

Extracting Top K (TREE) Node 0...
Query Hashes Computed Node 1: 0.0932658 Seconds

Extracting Top K (TREE) Node 1...
Top K (TREE) Extracted Node 1: 1.481 Seconds

Extracting Top K (LINEAR) Node 1...
Top K (TREE) Extracted Node 0: 1.6492 Seconds

Extracting Top K (LINEAR) Node 0...
Top K (LINEAR) Extracted Node 1: 1.7436 Seconds

Top K (LINEAR) Extracted Node 0: 1.93394 Seconds

Extracting Top K (BRUTEFORCE) Node 0...
Extracting Top K (BRUTEFORCE) Node 1...
Top K (BRUTEFORCE) Extracted Node 1: 0.449736 Seconds

Top K (BRUTEFORCE) Extracted Node 0: 2.46872 Seconds



================================
TOP K TREE

[similarityMetric] Averaging output. 

S@k = s_out(s_true): In top k, average output similarity (average groundtruth similarity). 
S@1 = 0.896 
S@10 = 0.848 
S@20 = 0.825 
S@30 = 0.811 
S@32 = 0.809 
S@40 = 0.802 
S@50 = 0.794 
S@64 = 0.786 
S@100 = 0.772 
S@128 = 0.764 
1 10 20 30 32 40 50 64 100 128 
0.896 0.848 0.825 0.811 0.809 0.802 0.794 0.786 0.772 0.764 


================================
TOP K LINEAR

[similarityMetric] Averaging output. 

S@k = s_out(s_true): In top k, average output similarity (average groundtruth similarity). 
S@1 = 0.895 
S@10 = 0.846 
S@20 = 0.823 
S@30 = 0.809 
S@32 = 0.807 
S@40 = 0.800 
S@50 = 0.792 
S@64 = 0.784 
S@100 = 0.770 
S@128 = 0.762 
1 10 20 30 32 40 50 64 100 128 
0.895 0.846 0.823 0.809 0.807 0.800 0.792 0.784 0.770 0.762 


================================
TOP K BRUTEFORCE

[similarityMetric] Averaging output. 

S@k = s_out(s_true): In top k, average output similarity (average groundtruth similarity). 
S@1 = 0.900 
S@10 = 0.851 
S@20 = 0.831 
S@30 = 0.818 
S@32 = 0.816 
S@40 = 0.809 
S@50 = 0.802 
S@64 = 0.795 
S@100 = 0.781 
S@128 = 0.773 
1 10 20 30 32 40 50 64 100 128 
0.900 0.851 0.831 0.818 0.816 0.809 0.802 0.795 0.781 0.773 
Similarity Metric Computed
