
=================
== /scratch/ncm5/dataset/kdd12/kdd12
=================

LSH Initialized in Node 4
LSH Initialized in Node 8
LSH Initialized in Node 10
LSH Initialized in Node 6
LSH Initialized in Node 2
LSH Initialized in Node 9
LSH Initialized in Node 5
LSH Initialized in Node 1
LSH Initialized in Node 11
LSH Initialized in Node 3
LSH Initialized in Node 7
140000000 Vectors, 10000 Queries
Nodes: 12
Tables: 16
RangePow: 18
Reservoir Size: 256
Hashes: 4
CMS Bucket Size: 2048
CMS Hashes: 4

LSH Initialized in Node 0
CMS Initialized in Node 0
CMS Initialized in Node 4
CMS Initialized in Node 1
CMS Initialized in Node 11
CMS Initialized in Node 5
CMS Initialized in Node 9
CMS Initialized in Node 2
CMS Initialized in Node 3
CMS Initialized in Node 10
CMS Initialized in Node 7
CMS Initialized in Node 8
CMS Initialized in Node 6
LSH Reservoir Initialized in Node 10
LSH Reservoir Initialized in Node 6
LSH Reservoir Initialized in Node 7
LSH Reservoir Initialized in Node 4
LSH Reservoir Initialized in Node 8
LSH Reservoir Initialized in Node 5
LSH Reservoir Initialized in Node 9
LSH Reservoir Initialized in Node 11
LSH Reservoir Initialized in Node 1
LSH Reservoir Initialized in Node 2
LSH Reservoir Initialized in Node 0
FLASH Controller Initialized in Node 4
LSH Reservoir Initialized in Node 3
FLASH Controller Initialized in Node 11
FLASH Controller Initialized in Node 10
FLASH Controller Initialized in Node 7
FLASH Controller Initialized in Node 8
FLASH Controller Initialized in Node 6
FLASH Controller Initialized in Node 5
FLASH Controller Initialized in Node 9
FLASH Controller Initialized in Node 0
FLASH Controller Initialized in Node 1
FLASH Controller Initialized in Node 2
FLASH Controller Initialized in Node 3
[readSparse] Read 110000 numbers, 10000 vectors. 
Adding Vectors Node 4...
Adding Vectors Node 11...
Adding Vectors Node 10...
Adding Vectors Node 7...
Adding Vectors Node 8...
Adding Vectors Node 6...
Adding Vectors Node 5...
Adding Vectors Node 9...
Adding Vectors Node 0...
Adding Vectors Node 2...
Adding Vectors Node 3...
Adding Vectors Node 1...
[readSparse] Read 128333337 numbers, 11666667 vectors. 
Vectors Read Node 0: 53.3556 Seconds

[readSparse] Read 128333337 numbers, 11666667 vectors. 
Vectors Read Node 1: 69.3802 Seconds

Vectors Added Node 0: 77.6138 Seconds

[readSparse] Read 128333337 numbers, 11666667 vectors. 
Vectors Read Node 2: 89.7028 Seconds

Vectors Added Node 1: 93.3185 Seconds

[readSparse] Read 128333337 numbers, 11666667 vectors. 
Vectors Read Node 3: 99.6577 Seconds

Vectors Added Node 2: 112.867 Seconds

Vectors Added Node 3: 123.212 Seconds

[readSparse] Read 128333337 numbers, 11666667 vectors. 
Vectors Read Node 6: 145.465 Seconds

[readSparse] Read 128333337 numbers, 11666667 vectors. 
Vectors Read Node 4: 148.843 Seconds

[readSparse] Read 128333337 numbers, 11666667 vectors. 
Vectors Read Node 5: 151.369 Seconds

Vectors Added Node 6: 161.551 Seconds

Vectors Added Node 4: 165.789 Seconds

Vectors Added Node 5: 167.923 Seconds

[readSparse] Read 128333326 numbers, 11666666 vectors. 
Vectors Read Node 9: 173.704 Seconds

[readSparse] Read 128333337 numbers, 11666667 vectors. 
Vectors Read Node 7: 181.186 Seconds

[readSparse] Read 128333326 numbers, 11666666 vectors. 
Vectors Read Node 8: 182.678 Seconds

Vectors Added Node 9: 187.854 Seconds

[readSparse] Read 128333326 numbers, 11666666 vectors. 
Vectors Read Node 11: 190.405 Seconds

[readSparse] Read 128333326 numbers, 11666666 vectors. 
Vectors Read Node 10: 193.856 Seconds

Vectors Added Node 7: 196.372 Seconds

Vectors Added Node 8: 197.551 Seconds

Vectors Added Node 10: 207.536 Seconds

Computing Query Hashes Node 4...
Computing Query Hashes Node 1...
Computing Query Hashes Node 2...
Computing Query Hashes Node 3...
Computing Query Hashes Node 10...
Computing Query Hashes Node 7...
Computing Query Hashes Node 8...
Computing Query Hashes Node 6...
Computing Query Hashes Node 5...
Computing Query Hashes Node 0...
Computing Query Hashes Node 9...
Vectors Added Node 11: 208.168 Seconds

Computing Query Hashes Node 11...
Query Hashes Computed Node 0: 0.00714851 Seconds

Query Hashes Computed Node 1: 0.00723772 Seconds

Query Hashes Computed Node 2: 0.00723627 Seconds

Query Hashes Computed Node 4: 0.00745774 Seconds

Query Hashes Computed Node 3: 0.00739126 Seconds

Query Hashes Computed Node 6: 0.00751356 Seconds

Query Hashes Computed Node 5: 0.00748757 Seconds

Query Hashes Computed Node 11: 0.00720866 Seconds

Query Hashes Computed Node 9: 0.00731202 Seconds

Query Hashes Computed Node 10: 0.00731155 Seconds

Query Hashes Computed Node 7: 0.00752856 Seconds

Extracting Top K (TREE) Node 4...
Extracting Top K (TREE) Node 1...
Extracting Top K (TREE) Node 11...
Extracting Top K (TREE) Node 7...
Query Hashes Computed Node 8: 0.00747637 Seconds

Extracting Top K (TREE) Node 5...
Extracting Top K (TREE) Node 0...
Extracting Top K (TREE) Node 10...
Extracting Top K (TREE) Node 8...
Extracting Top K (TREE) Node 6...
Extracting Top K (TREE) Node 9...
Extracting Top K (TREE) Node 2...
Extracting Top K (TREE) Node 3...
Top K (TREE) Extracted Node 11: 0.893553 Seconds

Top K (TREE) Extracted Node 5: 1.12655 Seconds

Top K (TREE) Extracted Node 3: 1.28797 Seconds

Top K (TREE) Extracted Node 1: 1.30148 Seconds

Top K (TREE) Extracted Node 9: 1.31754 Seconds

Top K (TREE) Extracted Node 7: 1.4504 Seconds

Top K (TREE) Extracted Node 2: 1.61822 Seconds

Top K (TREE) Extracted Node 10: 1.67039 Seconds

Top K (TREE) Extracted Node 6: 1.75776 Seconds

Top K (TREE) Extracted Node 4: 1.95227 Seconds

Top K (TREE) Extracted Node 8: 2.18729 Seconds

Top K (TREE) Extracted Node 0: 2.51426 Seconds

Extracting Top K (LINEAR) Node 4...
Extracting Top K (LINEAR) Node 1...
Extracting Top K (LINEAR) Node 2...
Extracting Top K (LINEAR) Node 3...
Extracting Top K (LINEAR) Node 11...
Extracting Top K (LINEAR) Node 10...
Extracting Top K (LINEAR) Node 7...
Extracting Top K (LINEAR) Node 8...
Extracting Top K (LINEAR) Node 6...
Extracting Top K (LINEAR) Node 5...
Extracting Top K (LINEAR) Node 9...
Extracting Top K (LINEAR) Node 0...
Top K (LINEAR) Extracted Node 1: 1.2311 Seconds

Top K (LINEAR) Extracted Node 2: 1.56262 Seconds

Top K (LINEAR) Extracted Node 3: 1.89809 Seconds

Top K (LINEAR) Extracted Node 4: 2.23123 Seconds

Top K (LINEAR) Extracted Node 5: 2.56451 Seconds

Top K (LINEAR) Extracted Node 6: 2.89052 Seconds

Top K (LINEAR) Extracted Node 7: 3.22374 Seconds

Top K (LINEAR) Extracted Node 8: 3.55477 Seconds

Top K (LINEAR) Extracted Node 9: 4.13001 Seconds

Top K (LINEAR) Extracted Node 10: 4.7551 Seconds

Top K (LINEAR) Extracted Node 11: 5.06089 Seconds

Extracting Top K (BRUTEFORCE) Node 4...
Top K (LINEAR) Extracted Node 0: 7.8031 Seconds

Extracting Top K (BRUTEFORCE) Node 0...
Extracting Top K (BRUTEFORCE) Node 11...
Extracting Top K (BRUTEFORCE) Node 6...
Extracting Top K (BRUTEFORCE) Node 5...
Extracting Top K (BRUTEFORCE) Node 1...
Extracting Top K (BRUTEFORCE) Node 2...
Extracting Top K (BRUTEFORCE) Node 3...
Extracting Top K (BRUTEFORCE) Node 10...
Extracting Top K (BRUTEFORCE) Node 7...
Extracting Top K (BRUTEFORCE) Node 8...
Extracting Top K (BRUTEFORCE) Node 9...
Top K (BRUTEFORCE) Extracted Node 1: 0.131073 Seconds

Top K (BRUTEFORCE) Extracted Node 2: 0.201669 Seconds

Top K (BRUTEFORCE) Extracted Node 3: 0.273907 Seconds

Top K (BRUTEFORCE) Extracted Node 4: 0.343357 Seconds

Top K (BRUTEFORCE) Extracted Node 5: 0.428517 Seconds

Top K (BRUTEFORCE) Extracted Node 6: 0.500422 Seconds

Top K (BRUTEFORCE) Extracted Node 7: 0.58271 Seconds

Top K (BRUTEFORCE) Extracted Node 8: 0.654519 Seconds

Top K (BRUTEFORCE) Extracted Node 9: 0.738073 Seconds

Top K (BRUTEFORCE) Extracted Node 10: 0.807592 Seconds

Top K (BRUTEFORCE) Extracted Node 11: 1.01407 Seconds

Top K (BRUTEFORCE) Extracted Node 0: 11.2734 Seconds

[readSparse] Read 1540110000 numbers, 140010000 vectors. 


================================
TOP K TREE

[similarityMetric] Averaging output. 

S@k = s_out(s_true): In top k, average output similarity (average groundtruth similarity). 
S@1 = 0.834 
S@10 = 0.795 
S@20 = 0.774 
S@30 = 0.759 
S@32 = 0.756 
S@40 = 0.746 
S@50 = 0.735 
S@64 = 0.722 
S@100 = 0.699 
S@128 = 0.683 
1 10 20 30 32 40 50 64 100 128 
0.834 0.795 0.774 0.759 0.756 0.746 0.735 0.722 0.699 0.683 
[similarityMetric] Averaging output. 

S@k = s_out(s_true): In top k, average output similarity (average groundtruth similarity). 
S@1 = 0.831 
S@10 = 0.787 
S@20 = 0.765 
S@30 = 0.748 
S@32 = 0.745 
S@40 = 0.734 
S@50 = 0.722 
S@64 = 0.709 
S@100 = 0.683 
S@128 = 0.667 
1 10 20 30 32 40 50 64 100 128 
0.831 0.787 0.765 0.748 0.745 0.734 0.722 0.709 0.683 0.667 


================================
TOP K BRUTEFORCE

[similarityMetric] Averaging output. 

S@k = s_out(s_true): In top k, average output similarity (average groundtruth similarity). 
S@1 = 0.849 
S@10 = 0.818 
S@20 = 0.801 
S@30 = 0.789 
S@32 = 0.787 
S@40 = 0.779 
S@50 = 0.771 
S@64 = 0.762 
S@100 = 0.747 
S@128 = 0.738 
1 10 20 30 32 40 50 64 100 128 
0.849 0.818 0.801 0.789 0.787 0.779 0.771 0.762 0.747 0.738 
Similarity Metric Computed
