
=================
== /scratch/ncm5/dataset/kdd12/kdd12
=================

LSH Initialized in Node 4
LSH Initialized in Node 5
LSH Initialized in Node 6
LSH Initialized in Node 2
LSH Initialized in Node 7
LSH Initialized in Node 3
LSH Initialized in Node 1
140000000 Vectors, 10000 Queries
Nodes: 8
Tables: 16
RangePow: 18
Reservoir Size: 256
Hashes: 4
CMS Bucket Size: 2048
CMS Hashes: 4

LSH Initialized in Node 0
CMS Initialized in Node 2
CMS Initialized in Node 6
CMS Initialized in Node 7
CMS Initialized in Node 1
CMS Initialized in Node 0
CMS Initialized in Node 4
CMS Initialized in Node 5
CMS Initialized in Node 3
LSH Reservoir Initialized in Node 5
LSH Reservoir Initialized in Node 7
LSH Reservoir Initialized in Node 4
LSH Reservoir Initialized in Node 6
LSH Reservoir Initialized in Node 1
LSH Reservoir Initialized in Node 2
LSH Reservoir Initialized in Node 0
FLASH Controller Initialized in Node 2
LSH Reservoir Initialized in Node 3
FLASH Controller Initialized in Node 1
FLASH Controller Initialized in Node 0
FLASH Controller Initialized in Node 3
FLASH Controller Initialized in Node 6
FLASH Controller Initialized in Node 7
FLASH Controller Initialized in Node 4
FLASH Controller Initialized in Node 5
[readSparse] Read 110000 numbers, 10000 vectors. 
Adding Vectors Node 7...
Adding Vectors Node 0...
Adding Vectors Node 4...
Adding Vectors Node 2...
Adding Vectors Node 6...
Adding Vectors Node 1...
Adding Vectors Node 5...
Adding Vectors Node 3...
[readSparse] Read 192500000 numbers, 17500000 vectors. 
Vectors Read Node 0: 79.9909 Seconds

[readSparse] Read 192500000 numbers, 17500000 vectors. 
Vectors Read Node 1: 104 Seconds

Vectors Added Node 0: 115.495 Seconds

[readSparse] Read 192500000 numbers, 17500000 vectors. 
Vectors Read Node 2: 134.869 Seconds

Vectors Added Node 1: 138.452 Seconds

[readSparse] Read 192500000 numbers, 17500000 vectors. 
Vectors Read Node 3: 147.174 Seconds

[readSparse] Read 192500000 numbers, 17500000 vectors. 
Vectors Read Node 4: 154.331 Seconds

Vectors Added Node 2: 168.085 Seconds

[readSparse] Read 192500000 numbers, 17500000 vectors. 
Vectors Read Node 5: 168.994 Seconds

Vectors Added Node 4: 179.399 Seconds

Vectors Added Node 3: 181.2 Seconds

Vectors Added Node 5: 187.069 Seconds

[readSparse] Read 192500000 numbers, 17500000 vectors. 
Vectors Read Node 6: 189.782 Seconds

Vectors Added Node 6: 214.62 Seconds

[readSparse] Read 192500000 numbers, 17500000 vectors. 
Vectors Read Node 7: 216.622 Seconds

Computing Query Hashes Node 2...
Computing Query Hashes Node 6...
Computing Query Hashes Node 3...
Computing Query Hashes Node 1...
Computing Query Hashes Node 0...
Computing Query Hashes Node 4...
Computing Query Hashes Node 5...
Vectors Added Node 7: 241.087 Seconds

Computing Query Hashes Node 7...
Query Hashes Computed Node 1: 0.0146692 Seconds

Query Hashes Computed Node 2: 0.0146881 Seconds

Query Hashes Computed Node 6: 0.0277944 Seconds

Extracting Top K (TREE) Node 6...
Query Hashes Computed Node 0: 0.0277989 Seconds

Query Hashes Computed Node 4: 0.027877 Seconds

Query Hashes Computed Node 5: 0.0277781 Seconds

Extracting Top K (TREE) Node 0...
Extracting Top K (TREE) Node 5...
Extracting Top K (TREE) Node 2...
Query Hashes Computed Node 7: 0.0279142 Seconds

Query Hashes Computed Node 3: 0.0279033 Seconds

Extracting Top K (TREE) Node 3...
Extracting Top K (TREE) Node 1...
Extracting Top K (TREE) Node 4...
Extracting Top K (TREE) Node 7...
Top K (TREE) Extracted Node 5: 0.815748 Seconds

Top K (TREE) Extracted Node 7: 0.818038 Seconds

Top K (TREE) Extracted Node 6: 1.03996 Seconds

Top K (TREE) Extracted Node 3: 1.3848 Seconds

Top K (TREE) Extracted Node 1: 1.47492 Seconds

Top K (TREE) Extracted Node 2: 1.8728 Seconds

Top K (TREE) Extracted Node 4: 2.20955 Seconds

Top K (TREE) Extracted Node 0: 2.64007 Seconds

Extracting Top K (LINEAR) Node 2...
Extracting Top K (LINEAR) Node 6...
Extracting Top K (LINEAR) Node 7...
Extracting Top K (LINEAR) Node 3...
Extracting Top K (LINEAR) Node 1...
Extracting Top K (LINEAR) Node 0...
Extracting Top K (LINEAR) Node 4...
Extracting Top K (LINEAR) Node 5...
Top K (LINEAR) Extracted Node 1: 1.34447 Seconds

Top K (LINEAR) Extracted Node 2: 1.70998 Seconds

Top K (LINEAR) Extracted Node 3: 2.06886 Seconds

Top K (LINEAR) Extracted Node 4: 2.71143 Seconds

Top K (LINEAR) Extracted Node 5: 3.70327 Seconds

Top K (LINEAR) Extracted Node 6: 4.11051 Seconds

Top K (LINEAR) Extracted Node 7: 4.51125 Seconds

Top K (LINEAR) Extracted Node 0: 6.35212 Seconds

Extracting Top K (BRUTEFORCE) Node 0...
Extracting Top K (BRUTEFORCE) Node 2...
Extracting Top K (BRUTEFORCE) Node 6...
Extracting Top K (BRUTEFORCE) Node 7...
Extracting Top K (BRUTEFORCE) Node 3...
Extracting Top K (BRUTEFORCE) Node 4...
Extracting Top K (BRUTEFORCE) Node 5...
Extracting Top K (BRUTEFORCE) Node 1...
Top K (BRUTEFORCE) Extracted Node 1: 0.246073 Seconds

Top K (BRUTEFORCE) Extracted Node 2: 0.392682 Seconds

Top K (BRUTEFORCE) Extracted Node 3: 0.508342 Seconds

Top K (BRUTEFORCE) Extracted Node 4: 0.622609 Seconds

Top K (BRUTEFORCE) Extracted Node 5: 0.739422 Seconds

Top K (BRUTEFORCE) Extracted Node 6: 0.847061 Seconds

Top K (BRUTEFORCE) Extracted Node 7: 1.13963 Seconds

Top K (BRUTEFORCE) Extracted Node 0: 8.22516 Seconds

[readSparse] Read 1540110000 numbers, 140010000 vectors. 


================================
TOP K TREE

[similarityMetric] Averaging output. 

S@k = s_out(s_true): In top k, average output similarity (average groundtruth similarity). 
S@1 = 0.830 
S@10 = 0.792 
S@20 = 0.770 
S@30 = 0.754 
S@32 = 0.751 
S@40 = 0.741 
S@50 = 0.729 
S@64 = 0.716 
S@100 = 0.690 
S@128 = 0.674 
1 10 20 30 32 40 50 64 100 128 
0.830 0.792 0.770 0.754 0.751 0.741 0.729 0.716 0.690 0.674 
[similarityMetric] Averaging output. 

S@k = s_out(s_true): In top k, average output similarity (average groundtruth similarity). 
S@1 = 0.829 
S@10 = 0.786 
S@20 = 0.763 
S@30 = 0.745 
S@32 = 0.742 
S@40 = 0.731 
S@50 = 0.719 
S@64 = 0.705 
S@100 = 0.678 
S@128 = 0.661 
1 10 20 30 32 40 50 64 100 128 
0.829 0.786 0.763 0.745 0.742 0.731 0.719 0.705 0.678 0.661 


================================
TOP K BRUTEFORCE

[similarityMetric] Averaging output. 

S@k = s_out(s_true): In top k, average output similarity (average groundtruth similarity). 
S@1 = 0.845 
S@10 = 0.813 
S@20 = 0.797 
S@30 = 0.785 
S@32 = 0.783 
S@40 = 0.775 
S@50 = 0.767 
S@64 = 0.758 
S@100 = 0.743 
S@128 = 0.734 
1 10 20 30 32 40 50 64 100 128 
0.845 0.813 0.797 0.785 0.783 0.775 0.767 0.758 0.743 0.734 
Similarity Metric Computed
