[bc11u11n1:55162] mca_base_component_repository_open: unable to open mca_pmix_s1: libslurm.so.29: cannot open shared object file: No such file or directory (ignored)
[bc11u21n1:39747] mca_base_component_repository_open: unable to open mca_pmix_s1: libslurm.so.29: cannot open shared object file: No such file or directory (ignored)
[bc11u19n1:75693] mca_base_component_repository_open: unable to open mca_pmix_s1: libslurm.so.29: cannot open shared object file: No such file or directory (ignored)
[bc11u25n1:63468] mca_base_component_repository_open: unable to open mca_pmix_s1: libslurm.so.29: cannot open shared object file: No such file or directory (ignored)
[bc11u19n2:18587] mca_base_component_repository_open: unable to open mca_pmix_s1: libslurm.so.29: cannot open shared object file: No such file or directory (ignored)
[bc11u23n2:58854] mca_base_component_repository_open: unable to open mca_pmix_s1: libslurm.so.29: cannot open shared object file: No such file or directory (ignored)
[bc11u21n2:13356] mca_base_component_repository_open: unable to open mca_pmix_s1: libslurm.so.29: cannot open shared object file: No such file or directory (ignored)
[bc11u25n2:47038] mca_base_component_repository_open: unable to open mca_pmix_s1: libslurm.so.29: cannot open shared object file: No such file or directory (ignored)

=================
== Webspam
=================

9900 Vectors, 100 Queries
Nodes: 8
Tables: 24
RangePow: 14
Reservoir Size: 256
Hashes: 8
CMS Bucket Size: 1024
CMS Hashes: 4

LSH Initialized in Node 0
LSH Initialized in Node 6
LSH Initialized in Node 5
LSH Initialized in Node 2
LSH Initialized in Node 3
LSH Initialized in Node 1
LSH Initialized in Node 7
LSH Initialized in Node 4
CMS Initialized in Node 5
CMS Initialized in Node 3
CMS Initialized in Node 7
CMS Initialized in Node 6
CMS Initialized in Node 1
CMS Initialized in Node 2
CMS Initialized in Node 4
CMS Initialized in Node 0
LSH Reservoir Initialized in Node 1
LSH Reservoir Initialized in Node 0
LSH Reservoir Initialized in Node 7
LSH Reservoir Initialized in Node 6
LSH Reservoir Initialized in Node 4
LSH Reservoir Initialized in Node 5
LSH Reservoir Initialized in Node 3
FLASH Controller Initialized in Node 3

Reading Data Node 3...
FLASH Controller Initialized in Node 5

Reading Data Node 5...
[readSparse]
FLASH Controller Initialized in Node 0

Reading Data Node 0...
[readSparse]
[readSparse]
FLASH Controller Initialized in Node 7

Reading Data Node 7...
[readSparse]
FLASH Controller Initialized in Node 4

Reading Data Node 4...
FLASH Controller Initialized in Node 6

Reading Data Node 6...
[readSparse]
FLASH Controller Initialized in Node 1

Reading Data Node 1...
[readSparse]
LSH Reservoir Initialized in Node 2
FLASH Controller Initialized in Node 2

Reading Data Node 2...
[readSparse]
[readSparse]
[readSparse] Read 4640792 numbers, 1238 vectors. 
[readSparse] Read 4705034 numbers, 1238 vectors. 
[readSparse] Read 4562942 numbers, 1237 vectors. 
[readSparse] Read 4518149 numbers, 1238 vectors. 
[readSparse] Read 4664458 numbers, 1237 vectors. 
[readSparse] Read 4636752 numbers, 1238 vectors. 
[readSparse] Read 4489516 numbers, 1237 vectors. 
[readSparse] Read 4636494 numbers, 1237 vectors. 
Data Read Node 4: 2.05811 Seconds

Data Read Node 5: 2.0581 Seconds

Data Read Node 0: 2.05811 Seconds

[readSparse]
Data Read Node 7: 2.05811 Seconds

Data Read Node 1: 2.05811 Seconds

Data Read Node 3: 2.05811 Seconds

Data Read Node 2: 2.0581 Seconds

Data Read Node 6: 2.0581 Seconds

[readSparse] Read 353581 numbers, 100 vectors. 
Adding Vectors Node 0...
Adding Vectors Node 4...
Adding Vectors Node 3...
Adding Vectors Node 7...
Adding Vectors Node 6...
Adding Vectors Node 5...
Adding Vectors Node 1...
Adding Vectors Node 2...
Node 1 Table Mem Usage ranges from 0.001343 to 0.001465, average 0.001442
Node 1 Table Mem Usage ranges from 0.011475 to 0.014038, average 0.012866
Node 1 Table Mem Usage ranges from 0.020752 to 0.025757, average 0.023109
Node 1 Table Mem Usage ranges from 0.028931 to 0.035583, average 0.032102
Node 1 Table Mem Usage ranges from 0.037292 to 0.045715, average 0.041100
Vectors Added Node 1: 0.0158238 Seconds

Node 3 Table Mem Usage ranges from 0.001343 to 0.001465, average 0.001434
Node 3 Table Mem Usage ranges from 0.011780 to 0.014221, average 0.013163
Node 3 Table Mem Usage ranges from 0.020996 to 0.025635, average 0.023346
Node 3 Table Mem Usage ranges from 0.030212 to 0.036560, average 0.033521
Node 3 Table Mem Usage ranges from 0.038269 to 0.046509, average 0.042236
Vectors Added Node 3: 0.018945 Seconds

Node 6 Table Mem Usage ranges from 0.001221 to 0.001465, average 0.001368
Node 6 Table Mem Usage ranges from 0.011353 to 0.013428, average 0.012525
Node 6 Table Mem Usage ranges from 0.020386 to 0.024841, average 0.022636
Node 6 Table Mem Usage ranges from 0.029053 to 0.035156, average 0.031932
Node 6 Table Mem Usage ranges from 0.036499 to 0.045166, average 0.040886
Vectors Added Node 6: 0.0179076 Seconds

Node 0 Table Mem Usage ranges from 0.001282 to 0.001465, average 0.001394
Node 0 Table Mem Usage ranges from 0.012024 to 0.013916, average 0.013051
Node 0 Table Mem Usage ranges from 0.020874 to 0.025024, average 0.023140
Node 0 Table Mem Usage ranges from 0.028259 to 0.034790, average 0.031904
Node 0 Table Mem Usage ranges from 0.036499 to 0.045166, average 0.041298
Vectors Added Node 0: 0.0203185 Seconds

Node 2 Table Mem Usage ranges from 0.001343 to 0.001465, average 0.001409
Node 2 Table Mem Usage ranges from 0.011780 to 0.013977, average 0.012876
Node 2 Table Mem Usage ranges from 0.021545 to 0.025208, average 0.023257
Node 2 Table Mem Usage ranges from 0.029358 to 0.034912, average 0.032412
Node 2 Table Mem Usage ranges from 0.037964 to 0.045410, average 0.041740
Vectors Added Node 2: 0.0185015 Seconds

Node 7 Table Mem Usage ranges from 0.001282 to 0.001465, average 0.001399
Node 7 Table Mem Usage ranges from 0.011536 to 0.014099, average 0.012863
Node 7 Table Mem Usage ranges from 0.020508 to 0.025208, average 0.022697
Node 7 Table Mem Usage ranges from 0.028320 to 0.035583, average 0.031858
Node 7 Table Mem Usage ranges from 0.035278 to 0.044922, average 0.040382
Vectors Added Node 7: 0.0213037 Seconds

Node 4 Table Mem Usage ranges from 0.001343 to 0.001465, average 0.001439
Node 4 Table Mem Usage ranges from 0.011902 to 0.013916, average 0.012833
Node 4 Table Mem Usage ranges from 0.020752 to 0.024780, average 0.022614
Node 4 Table Mem Usage ranges from 0.028381 to 0.035034, average 0.031586
Node 4 Table Mem Usage ranges from 0.036438 to 0.044861, average 0.040721
Vectors Added Node 4: 0.0229414 Seconds

Computing Query Hashes Node 0...
Computing Query Hashes Node 1...
Computing Query Hashes Node 3...
Computing Query Hashes Node 7...
Computing Query Hashes Node 6...
Computing Query Hashes Node 4...
Computing Query Hashes Node 2...
Node 5 Table Mem Usage ranges from 0.001221 to 0.001465, average 0.001419
Node 5 Table Mem Usage ranges from 0.012573 to 0.014648, average 0.013491
Node 5 Table Mem Usage ranges from 0.020569 to 0.024841, average 0.022774
Node 5 Table Mem Usage ranges from 0.028259 to 0.035217, average 0.032166
Node 5 Table Mem Usage ranges from 0.036926 to 0.045715, average 0.041293
Vectors Added Node 5: 0.0374948 Seconds

Computing Query Hashes Node 5...
Query Hashes Computed Node 3: 0.010971 Seconds

Extracting Top K (CMS) Node 3...
Query Hashes Computed Node 7: 0.00913451 Seconds

Query Hashes Computed Node 4: 0.00914557 Seconds

Extracting Top K (CMS) Node 4...
Query Hashes Computed Node 6: 0.0092266 Seconds

Query Hashes Computed Node 5: 0.00923283 Seconds

Query Hashes Computed Node 0: 0.00915691 Seconds

Extracting Top K (CMS) Node 0...
Query Hashes Computed Node 1: 0.00916618 Seconds

Extracting Top K (CMS) Node 1...
Query Hashes Computed Node 2: 0.0103451 Seconds

Extracting Top K (CMS) Node 7...
Extracting Top K (CMS) Node 6...
Extracting Top K (CMS) Node 5...
Extracting Top K (CMS) Node 2...
Top K Extracted Node 7: 0.0102658 Seconds

Top K Extracted Node 5: 0.0106372 Seconds

Top K Extracted Node 1: 0.0103436 Seconds

Top K Extracted Node 2: 0.0132109 Seconds

Top K Extracted Node 3: 0.012388 Seconds

Top K Extracted Node 6: 0.0114697 Seconds

Top K Extracted Node 4: 0.0139934 Seconds

Top K Extracted Node 0: 0.020242 Seconds

[readSparse]
[readSparse] Read 37207718 numbers, 10000 vectors. 


================================
TOP K CMS

[similarityMetric] Averaging output. 

S@k = s_out(s_true): In top k, average output similarity (average groundtruth similarity). 
S@1 = 0.729 
S@10 = 0.667 
S@20 = 0.655 
S@30 = 0.648 
S@32 = 0.646 
S@40 = 0.641 
S@50 = 0.634 
S@64 = 0.625 
S@100 = 0.608 
S@128 = 0.597 
1 10 20 30 32 40 50 64 100 128 
0.729 0.667 0.655 0.648 0.646 0.641 0.634 0.625 0.608 0.597 
Similarity Metric Computed
Evaluation Complete
