[bc12u13n2:18818] mca_base_component_repository_open: unable to open mca_pmix_s1: libslurm.so.29: cannot open shared object file: No such file or directory (ignored)
[bc12u27n4:39986] mca_base_component_repository_open: unable to open mca_pmix_s1: libslurm.so.29: cannot open shared object file: No such file or directory (ignored)
[bc12u29n2:68815] mca_base_component_repository_open: unable to open mca_pmix_s1: libslurm.so.29: cannot open shared object file: No such file or directory (ignored)
[bc12u13n3:68234] mca_base_component_repository_open: unable to open mca_pmix_s1: libslurm.so.29: cannot open shared object file: No such file or directory (ignored)

=================
== Webspam
=================

[bc12u13n3:68234] *** Process received signal ***
[bc12u13n3:68234] Signal: Segmentation fault (11)
[bc12u13n3:68234] Signal code: Address not mapped (1)
[bc12u13n3:68234] Failing at address: 0x38
LSH Initialized in Node 2
[bc12u27n4:39986] *** Process received signal ***
[bc12u27n4:39986] Signal: Segmentation fault (11)
[bc12u27n4:39986] Signal code: Address not mapped (1)
[bc12u27n4:39986] Failing at address: 0x38
[bc12u13n3:68234] [ 0] /lib64/libpthread.so.0(+0xf5d0)[0x7feed30995d0]
[bc12u13n3:68234] [ 1] /opt/apps/software/Compiler/GCC/6.4.0/OpenMPI/2.1.3/lib/openmpi/mca_mtl_psm2.so(ompi_mtl_psm2_isend+0x103)[0x7feed10ec043]
[bc12u13n3:68234] [ 2] /opt/apps/software/Compiler/GCC/6.4.0/OpenMPI/2.1.3/lib/openmpi/mca_pml_cm.so(+0x327b)[0x7feed12b527b]
[bc12u13n3:68234] [ 3] /opt/apps/software/Compiler/GCC/6.4.0/OpenMPI/2.1.3/lib/libmpi.so.20(ompi_coll_base_bcast_intra_generic+0x4b6)[0x7feed38e1826]
[bc12u13n3:68234] [ 4] /opt/apps/software/Compiler/GCC/6.4.0/OpenMPI/2.1.3/lib/libmpi.so.20(ompi_coll_base_bcast_intra_binomial+0xb2)[0x7feed38e1d02]
[bc12u13n3:68234] [ 5] /opt/apps/software/Compiler/GCC/6.4.0/OpenMPI/2.1.3/lib/openmpi/mca_coll_tuned.so(ompi_coll_tuned_bcast_intra_dec_fixed+0xcb)[0x7feed0e36e9b]
[bc12u13n3:68234] [ 6] /opt/apps/software/Compiler/GCC/6.4.0/OpenMPI/2.1.3/lib/libmpi.so.20(PMPI_Bcast+0x1a0)[0x7feed38a8cd0]
[bc12u13n3:68234] [ 7] /scratch/ncm5/D-FLASH/src/./runme[0x40babe]
[bc12u13n3:68234] [ 8] /scratch/ncm5/D-FLASH/src/./runme[0x404b2f]
[bc12u13n3:68234] [ 9] /scratch/ncm5/D-FLASH/src/./runme[0x402e19]
[bc12u13n3:68234] [10] /lib64/libc.so.6(__libc_start_main+0xf5)[0x7feed2cdf3d5]
[bc12u13n3:68234] [11] /scratch/ncm5/D-FLASH/src/./runme[0x403027]
[bc12u13n3:68234] *** End of error message ***
[bc12u27n4:39986] [ 0] /lib64/libpthread.so.0(+0xf5d0)[0x7fd8bfd9f5d0]
[bc12u27n4:39986] [ 1] /opt/apps/software/Compiler/GCC/6.4.0/OpenMPI/2.1.3/lib/openmpi/mca_mtl_psm2.so(ompi_mtl_psm2_send+0xbc)[0x7fd8bddf1d0c]
[bc12u27n4:39986] [ 2] /opt/apps/software/Compiler/GCC/6.4.0/OpenMPI/2.1.3/lib/openmpi/mca_pml_cm.so(+0x4015)[0x7fd8bdfbc015]
[bc12u27n4:39986] [ 3] /opt/apps/software/Compiler/GCC/6.4.0/OpenMPI/2.1.3/lib/libmpi.so.20(ompi_coll_base_barrier_intra_recursivedoubling+0x1c9)[0x7fd8c05f1b49]
[bc12u27n4:39986] [ 4] /opt/apps/software/Compiler/GCC/6.4.0/OpenMPI/2.1.3/lib/libmpi.so.20(PMPI_Barrier+0x44)[0x7fd8c05ae7e4]
[bc12u27n4:39986] [ 5] /scratch/ncm5/D-FLASH/src/./runme[0x404b37]
[bc12u27n4:39986] [ 6] /scratch/ncm5/D-FLASH/src/./runme[0x402e19]
[bc12u27n4:39986] [ 7] /lib64/libc.so.6(__libc_start_main+0xf5)[0x7fd8bf9e53d5]
[bc12u27n4:39986] [ 8] /scratch/ncm5/D-FLASH/src/./runme[0x403027]
[bc12u27n4:39986] *** End of error message ***
srun: error: bc12u27n4: task 2: Segmentation fault
srun: error: bc12u13n3: task 1: Segmentation fault
