
=================
== Criteo
=================

LSH Initialized in Node 2
LSH Initialized in Node 4
LSH Initialized in Node 3
LSH Initialized in Node 1
400000000 Vectors, 10000 Queries
Nodes: 5
Tables: 32
RangePow: 18
Reservoir Size: 256
Hashes: 4
CMS Bucket Size: 2048
CMS Hashes: 4

LSH Initialized in Node 0
CMS Initialized in Node 0
CMS Initialized in Node 2
CMS Initialized in Node 1
CMS Initialized in Node 4
CMS Initialized in Node 3
LSH Reservoir Initialized in Node 4
LSH Reservoir Initialized in Node 2
LSH Reservoir Initialized in Node 3
LSH Reservoir Initialized in Node 1
LSH Reservoir Initialized in Node 0
FLASH Controller Initialized in Node 0
FLASH Controller Initialized in Node 3
FLASH Controller Initialized in Node 1
FLASH Controller Initialized in Node 4
FLASH Controller Initialized in Node 2

<<< LSHR Parameters >>>
_rangePow 18
_numTables 32
_reservoirSize 256
_dimension 42
_maxSamples 400010000
_numReservoirs 262144
_maxReservoirRand 40001000

[readSparse] Read 389997 numbers, 10000 vectors. 
Adding Vectors Node 3...
Adding Vectors Node 2...
Adding Vectors Node 1...
Adding Vectors Node 0...
<<Reading from file /scratch/ncm5/dataset/criteo/criteo_partition00 in node 0>>
Adding Vectors Node 4...
<<Reading from file /scratch/ncm5/dataset/criteo/criteo_partition03 in node 3>>
<<Reading from file /scratch/ncm5/dataset/criteo/criteo_partition02 in node 2>>
<<Reading from file /scratch/ncm5/dataset/criteo/criteo_partition04 in node 4>>
<<Reading from file /scratch/ncm5/dataset/criteo/criteo_partition01 in node 1>>
[readSparse] Read 389997970 numbers, 10000000 vectors. 
[readSparse] Read 389998211 numbers, 10000000 vectors. 
[readSparse] Read 389998686 numbers, 10000000 vectors. 
[readSparse] Read 389998095 numbers, 10000000 vectors. 
[readSparse] Read 389998226 numbers, 10000000 vectors. 
Batch 0 Complete node 2
Batch 0 Complete node 4
Batch 0 Complete node 3
Batch 0 Complete node 0
Batch 0 Complete node 1
[readSparse] Read 389997642 numbers, 10000000 vectors. 
[readSparse] Read 389997892 numbers, 10000000 vectors. 
[readSparse] Read 389998036 numbers, 10000000 vectors. 
[readSparse] Read 389998663 numbers, 10000000 vectors. 
[readSparse] Read 389998335 numbers, 10000000 vectors. 
[readSparse] Read 389997737 numbers, 10000000 vectors. 
[readSparse] Read 389997906 numbers, 10000000 vectors. 
[readSparse] Read 389997644 numbers, 10000000 vectors. 
[readSparse] Read 389998572 numbers, 10000000 vectors. 
[readSparse] Read 389998119 numbers, 10000000 vectors. 
[readSparse] Read 389997421 numbers, 10000000 vectors. 
[readSparse] Read 389998188 numbers, 10000000 vectors. 
[readSparse] Read 389997633 numbers, 10000000 vectors. 
[readSparse] Read 389998507 numbers, 10000000 vectors. 
[readSparse] Read 389997937 numbers, 10000000 vectors. 
[readSparse] Read 389997380 numbers, 10000000 vectors. 
[readSparse] Read 389998349 numbers, 10000000 vectors. 
[readSparse] Read 389997610 numbers, 10000000 vectors. 
[readSparse] Read 389998496 numbers, 10000000 vectors. 
[readSparse] Read 389997759 numbers, 10000000 vectors. 
[readSparse] Read 389997456 numbers, 10000000 vectors. 
[readSparse] Read 389998368 numbers, 10000000 vectors. 
[readSparse] Read 389997611 numbers, 10000000 vectors. 
[readSparse] Read 389998477 numbers, 10000000 vectors. 
[readSparse] Read 389997791 numbers, 10000000 vectors. 
[readSparse] Read 389997439 numbers, 10000000 vectors. 
[readSparse] Read 389997530 numbers, 10000000 vectors. 
[readSparse] Read 389998395 numbers, 10000000 vectors. 
[readSparse] Read 389998417 numbers, 10000000 vectors. 
[readSparse] Read 389997716 numbers, 10000000 vectors. 
[readSparse] Read 389997329 numbers, 10000000 vectors. 
[readSparse] Read 389997500 numbers, 10000000 vectors. 
[readSparse] Read 389998193 numbers, 10000000 vectors. 
[readSparse] Read 389998346 numbers, 10000000 vectors. 
[readSparse] Read 389997609 numbers, 10000000 vectors. 
[readSparse] Read 389997100 numbers, 10000000 vectors. 
[readSparse] Read 389997540 numbers, 10000000 vectors. 
[readSparse] Read 389997886 numbers, 10000000 vectors. 
[readSparse] Read 389998245 numbers, 10000000 vectors. 
[readSparse] Read 389997649 numbers, 10000000 vectors. 
[readSparse] Read 389996989 numbers, 10000000 vectors. 
[readSparse] Read 389997434 numbers, 10000000 vectors. 
[readSparse] Read 389997695 numbers, 10000000 vectors. 
[readSparse] Read 389998381 numbers, 10000000 vectors. 
[readSparse] Read 389997687 numbers, 10000000 vectors. 
[readSparse] Read 389997642 numbers, 10000000 vectors. 
[readSparse] Read 389997520 numbers, 10000000 vectors. 
[readSparse] Read 389997745 numbers, 10000000 vectors. 
[readSparse] Read 389998208 numbers, 10000000 vectors. 
[readSparse] Read 389997665 numbers, 10000000 vectors. 
[readSparse] Read 389997459 numbers, 10000000 vectors. 
[readSparse] Read 389997442 numbers, 10000000 vectors. 
[readSparse] Read 389997732 numbers, 10000000 vectors. 
[readSparse] Read 389998240 numbers, 10000000 vectors. 
[readSparse] Read 389997616 numbers, 10000000 vectors. 
[readSparse] Read 389997763 numbers, 10000000 vectors. 
[readSparse] Read 389997359 numbers, 10000000 vectors. 
[readSparse] Read 389997961 numbers, 10000000 vectors. 
[readSparse] Read 389998234 numbers, 10000000 vectors. 
[readSparse] Read 389997409 numbers, 10000000 vectors. 
[readSparse] Read 389998006 numbers, 10000000 vectors. 
[readSparse] Read 389997373 numbers, 10000000 vectors. 
[readSparse] Read 389997810 numbers, 10000000 vectors. 
[readSparse] Read 389998270 numbers, 10000000 vectors. 
[readSparse] Read 389997501 numbers, 10000000 vectors. 
[readSparse] Read 389998281 numbers, 10000000 vectors. 
[readSparse] Read 389997758 numbers, 10000000 vectors. 
[readSparse] Read 389997726 numbers, 10000000 vectors. 
[readSparse] Read 389998185 numbers, 10000000 vectors. 
[readSparse] Read 389997766 numbers, 10000000 vectors. 
[readSparse] Read 389998110 numbers, 10000000 vectors. 
[readSparse] Read 389997088 numbers, 10000000 vectors. 
[readSparse] Read 389998112 numbers, 10000000 vectors. 
[readSparse] Read 389998038 numbers, 10000000 vectors. 
[readSparse] Read 389998056 numbers, 10000000 vectors. 
[readSparse] Read 389997883 numbers, 10000000 vectors. 
[readSparse] Read 389997414 numbers, 10000000 vectors. 
[readSparse] Read 389998068 numbers, 10000000 vectors. 
[readSparse] Read 389998015 numbers, 10000000 vectors. 
[readSparse] Read 389998224 numbers, 10000000 vectors. 
[readSparse] Read 389997727 numbers, 10000000 vectors. 
[readSparse] Read 389997597 numbers, 10000000 vectors. 
[readSparse] Read 389998008 numbers, 10000000 vectors. 
[readSparse] Read 389998087 numbers, 10000000 vectors. 
[readSparse] Read 389998224 numbers, 10000000 vectors. 
[readSparse] Read 389997393 numbers, 10000000 vectors. 
[readSparse] Read 389997423 numbers, 10000000 vectors. 
[readSparse] Read 389997745 numbers, 10000000 vectors. 
[readSparse] Read 389998112 numbers, 10000000 vectors. 
[readSparse] Read 389998105 numbers, 10000000 vectors. 
[readSparse] Read 389997572 numbers, 10000000 vectors. 
[readSparse] Read 389997495 numbers, 10000000 vectors. 
[readSparse] Read 389997671 numbers, 10000000 vectors. 
[readSparse] Read 389998296 numbers, 10000000 vectors. 
[readSparse] Read 389997937 numbers, 10000000 vectors. 
[readSparse] Read 389997576 numbers, 10000000 vectors. 
[readSparse] Read 389997852 numbers, 10000000 vectors. 
[readSparse] Read 389997922 numbers, 10000000 vectors. 
[readSparse] Read 389998265 numbers, 10000000 vectors. 
[readSparse] Read 389997782 numbers, 10000000 vectors. 
[readSparse] Read 389997634 numbers, 10000000 vectors. 
[readSparse] Read 389997936 numbers, 10000000 vectors. 
[readSparse] Read 389997926 numbers, 10000000 vectors. 
[readSparse] Read 389998180 numbers, 10000000 vectors. 
[readSparse] Read 389997850 numbers, 10000000 vectors. 
[readSparse] Read 389997471 numbers, 10000000 vectors. 
[readSparse] Read 389997780 numbers, 10000000 vectors. 
[readSparse] Read 389997837 numbers, 10000000 vectors. 
[readSparse] Read 389998158 numbers, 10000000 vectors. 
[readSparse] Read 389997784 numbers, 10000000 vectors. 
[readSparse] Read 389997483 numbers, 10000000 vectors. 
[readSparse] Read 389998268 numbers, 10000000 vectors. 
[readSparse] Read 389997773 numbers, 10000000 vectors. 
[readSparse] Read 389998607 numbers, 10000000 vectors. 
[readSparse] Read 389997925 numbers, 10000000 vectors. 
[readSparse] Read 389997500 numbers, 10000000 vectors. 
[readSparse] Read 389997649 numbers, 10000000 vectors. 
[readSparse] Read 389998409 numbers, 10000000 vectors. 
[readSparse] Read 389998424 numbers, 10000000 vectors. 
[readSparse] Read 389997840 numbers, 10000000 vectors. 
[readSparse] Read 389997677 numbers, 10000000 vectors. 
[readSparse] Read 389997378 numbers, 10000000 vectors. 
[readSparse] Read 389998342 numbers, 10000000 vectors. 
[readSparse] Read 389998327 numbers, 10000000 vectors. 
[readSparse] Read 389997866 numbers, 10000000 vectors. 
[readSparse] Read 389997691 numbers, 10000000 vectors. 
[readSparse] Read 389997435 numbers, 10000000 vectors. 
[readSparse] Read 389998166 numbers, 10000000 vectors. 
[readSparse] Read 389998175 numbers, 10000000 vectors. 
[readSparse] Read 389997919 numbers, 10000000 vectors. 
[readSparse] Read 389997759 numbers, 10000000 vectors. 
[readSparse] Read 389997367 numbers, 10000000 vectors. 
[readSparse] Read 389998009 numbers, 10000000 vectors. 
[readSparse] Read 389998145 numbers, 10000000 vectors. 
[readSparse] Read 389997804 numbers, 10000000 vectors. 
[readSparse] Read 389997779 numbers, 10000000 vectors. 
[readSparse] Read 389997397 numbers, 10000000 vectors. 
[readSparse] Read 389997681 numbers, 10000000 vectors. 
[readSparse] Read 389998069 numbers, 10000000 vectors. 
[readSparse] Read 389997811 numbers, 10000000 vectors. 
[readSparse] Read 389997988 numbers, 10000000 vectors. 
[readSparse] Read 389997696 numbers, 10000000 vectors. 
[readSparse] Read 389997230 numbers, 10000000 vectors. 
[readSparse] Read 389998118 numbers, 10000000 vectors. 
[readSparse] Read 389997567 numbers, 10000000 vectors. 
[readSparse] Read 389998179 numbers, 10000000 vectors. 
[readSparse] Read 389997585 numbers, 10000000 vectors. 
[readSparse] Read 389997493 numbers, 10000000 vectors. 
[readSparse] Read 389998093 numbers, 10000000 vectors. 
[readSparse] Read 389997688 numbers, 10000000 vectors. 
[readSparse] Read 389998135 numbers, 10000000 vectors. 
[readSparse] Read 389997641 numbers, 10000000 vectors. 
[readSparse] Read 389997107 numbers, 10000000 vectors. 
[readSparse] Read 389997983 numbers, 10000000 vectors. 
[readSparse] Read 389997782 numbers, 10000000 vectors. 
[readSparse] Read 389998169 numbers, 10000000 vectors. 
[readSparse] Read 389997473 numbers, 10000000 vectors. 
[readSparse] Read 389997392 numbers, 10000000 vectors. 
[readSparse] Read 389997896 numbers, 10000000 vectors. 
[readSparse] Read 389998048 numbers, 10000000 vectors. 
[readSparse] Read 389997993 numbers, 10000000 vectors. 
[readSparse] Read 389997885 numbers, 10000000 vectors. 
[readSparse] Read 389996948 numbers, 10000000 vectors. 
[readSparse] Read 389997823 numbers, 10000000 vectors. 
[readSparse] Read 389998335 numbers, 10000000 vectors. 
[readSparse] Read 389997767 numbers, 10000000 vectors. 
[readSparse] Read 389997887 numbers, 10000000 vectors. 
[readSparse] Read 389996785 numbers, 10000000 vectors. 
[readSparse] Read 389997833 numbers, 10000000 vectors. 
[readSparse] Read 389998613 numbers, 10000000 vectors. 
[readSparse] Read 389997825 numbers, 10000000 vectors. 
[readSparse] Read 389997819 numbers, 10000000 vectors. 
[readSparse] Read 389996965 numbers, 10000000 vectors. 
[readSparse] Read 389997842 numbers, 10000000 vectors. 
[readSparse] Read 389998520 numbers, 10000000 vectors. 
[readSparse] Read 389997888 numbers, 10000000 vectors. 
[readSparse] Read 389997412 numbers, 10000000 vectors. 
[readSparse] Read 389996884 numbers, 10000000 vectors. 
[readSparse] Read 389997885 numbers, 10000000 vectors. 
[readSparse] Read 389998374 numbers, 10000000 vectors. 
[readSparse] Read 389998008 numbers, 10000000 vectors. 
[readSparse] Read 389997308 numbers, 10000000 vectors. 
[readSparse] Read 389997105 numbers, 10000000 vectors. 
[readSparse] Read 389997871 numbers, 10000000 vectors. 
[readSparse] Read 389998061 numbers, 10000000 vectors. 
[readSparse] Read 389997936 numbers, 10000000 vectors. 
[readSparse] Read 389997301 numbers, 10000000 vectors. 
[readSparse] Read 389996927 numbers, 10000000 vectors. 
[readSparse] Read 389997821 numbers, 10000000 vectors. 
[readSparse] Read 389997903 numbers, 10000000 vectors. 
[readSparse] Read 389997826 numbers, 10000000 vectors. 
Vectors Added Node 4: 5512.94 Seconds

[readSparse] Read 389996906 numbers, 10000000 vectors. 
[readSparse] Read 389997152 numbers, 10000000 vectors. 
Vectors Added Node 3: 5548.97 Seconds

Vectors Added Node 2: 5549.79 Seconds

[readSparse] Read 389998119 numbers, 10000000 vectors. 
Vectors Added Node 0: 5579.75 Seconds

[readSparse] Read 389997548 numbers, 10000000 vectors. 
Vectors Added Node 1: 5599.87 Seconds

Computing Query Hashes Node 1...
Computing Query Hashes Node 0...
Computing Query Hashes Node 4...
Computing Query Hashes Node 3...
Computing Query Hashes Node 2...
Query Hashes Computed Node 1: 0.0151222 Seconds

Query Hashes Computed Node 0: 0.0152439 Seconds

Query Hashes Computed Node 3: 0.0152584 Seconds

Query Hashes Computed Node 2: 0.015232 Seconds

Query Hashes Computed Node 4: 0.0154478 Seconds

Extracting Top K (TREE) Node 2...
Extracting Top K (TREE) Node 1...
Extracting Top K (TREE) Node 3...
Extracting Top K (TREE) Node 0...
Extracting Top K (TREE) Node 4...
Top K (TREE) Extracted Node 1: 1.18558 Seconds

Top K (TREE) Extracted Node 3: 1.19115 Seconds

Top K (TREE) Extracted Node 2: 1.80123 Seconds

Top K (TREE) Extracted Node 4: 2.34416 Seconds

Top K (TREE) Extracted Node 0: 2.45916 Seconds

