
=================
== Criteo
=================

LSH Initialized in Node 3
LSH Initialized in Node 2
LSH Initialized in Node 4
LSH Initialized in Node 1
1000000000 Vectors, 10000 Queries
Nodes: 5
Tables: 24
RangePow: 19
Reservoir Size: 256
Hashes: 4
CMS Bucket Size: 2048
CMS Hashes: 4

LSH Initialized in Node 0
CMS Initialized in Node 4
CMS Initialized in Node 0
CMS Initialized in Node 2
CMS Initialized in Node 1
CMS Initialized in Node 3
LSH Reservoir Initialized in Node 4
LSH Reservoir Initialized in Node 0
LSH Reservoir Initialized in Node 2
LSH Reservoir Initialized in Node 3
LSH Reservoir Initialized in Node 1
FLASH Controller Initialized in Node 0
FLASH Controller Initialized in Node 3
FLASH Controller Initialized in Node 4
FLASH Controller Initialized in Node 1
FLASH Controller Initialized in Node 2
Adding Vectors Node 3...

<<< LSHR Parameters >>>
_rangePow 19
_rangePow_Rehashed 19
_numTables 24
_reservoirSize 256
_dimension 42
_maxSamples 1000010000
_tableAllocFraction 1
_numReservoirs 524288
_numReservoirsHashed 524288
_aggNumReservoirs 524288
_maxReservoirRand 100001000
_tableMemMax 3233808384
_tableMemReservoirMax 12582912
_tablePointerMax 12582912

Adding Vectors Node 0...
Adding Vectors Node 1...
Adding Vectors Node 4...
Adding Vectors Node 2...
Batch Size: 10000000 For 100 BatchesNode 0 Table Mem Usage ranges from 0.037954 to 0.064156, average 0.049970
Batch Complete: 0
Node 0 Table Mem Usage ranges from 0.641684 to 0.888714, average 0.778405
Node 0 Table Mem Usage ranges from 0.823114 to 0.975824, average 0.921689
Node 0 Table Mem Usage ranges from 0.908422 to 0.990906, average 0.967718
Node 0 Table Mem Usage ranges from 0.953764 to 0.995007, average 0.985743
Node 0 Table Mem Usage ranges from 0.976603 to 0.996031, average 0.992534
Batch Complete: 5
Node 0 Table Mem Usage ranges from 0.987152 to 0.996820, average 0.994933
Node 0 Table Mem Usage ranges from 0.992290 to 0.997248, average 0.995883
Node 0 Table Mem Usage ranges from 0.994854 to 0.997400, average 0.996307
Node 0 Table Mem Usage ranges from 0.994896 to 0.997515, average 0.996509
Node 0 Table Mem Usage ranges from 0.994896 to 0.997602, average 0.996615
Batch Complete: 10
Node 0 Table Mem Usage ranges from 0.994896 to 0.997965, average 0.996670
Node 0 Table Mem Usage ranges from 0.994896 to 0.998161, average 0.996701
Node 0 Table Mem Usage ranges from 0.994896 to 0.998287, average 0.996717
Node 0 Table Mem Usage ranges from 0.994896 to 0.998363, average 0.996727
Node 0 Table Mem Usage ranges from 0.994896 to 0.998386, average 0.996731
Batch Complete: 15
Node 0 Table Mem Usage ranges from 0.994896 to 0.998409, average 0.996734
Node 0 Table Mem Usage ranges from 0.994896 to 0.998426, average 0.996736
Node 0 Table Mem Usage ranges from 0.994896 to 0.998438, average 0.996737
Node 0 Table Mem Usage ranges from 0.994896 to 0.998444, average 0.996738
Node 0 Table Mem Usage ranges from 0.994896 to 0.998447, average 0.996738
Batch Complete: 20
Node 0 Table Mem Usage ranges from 0.994896 to 0.998449, average 0.996738
Node 0 Table Mem Usage ranges from 0.994896 to 0.998451, average 0.996739
Node 0 Table Mem Usage ranges from 0.994896 to 0.998453, average 0.996739
Node 0 Table Mem Usage ranges from 0.994896 to 0.998453, average 0.996739
Node 0 Table Mem Usage ranges from 0.994896 to 0.998453, average 0.996739
Batch Complete: 25
Node 0 Table Mem Usage ranges from 0.994896 to 0.998453, average 0.996739
Node 0 Table Mem Usage ranges from 0.994896 to 0.998455, average 0.996739
Node 0 Table Mem Usage ranges from 0.994896 to 0.998455, average 0.996739
Node 0 Table Mem Usage ranges from 0.994896 to 0.998455, average 0.996739
Node 0 Table Mem Usage ranges from 0.994896 to 0.998455, average 0.996739
Batch Complete: 30
srun: Job step aborted: Waiting up to 32 seconds for job step to finish.
slurmstepd: error: *** JOB 387221 ON bc10u7n4 CANCELLED AT 2020-02-27T06:15:33 DUE TO TIME LIMIT ***
slurmstepd: error: *** STEP 387221.0 ON bc10u7n4 CANCELLED AT 2020-02-27T06:15:33 DUE TO TIME LIMIT ***
