[bc12u13n2:65782] mca_base_component_repository_open: unable to open mca_pmix_s1: libslurm.so.29: cannot open shared object file: No such file or directory (ignored)
[bc12u15n1:61511] mca_base_component_repository_open: unable to open mca_pmix_s1: libslurm.so.29: cannot open shared object file: No such file or directory (ignored)
[bc12u17n1:45702] mca_base_component_repository_open: unable to open mca_pmix_s1: libslurm.so.29: cannot open shared object file: No such file or directory (ignored)
[bc12u17n4:73425] mca_base_component_repository_open: unable to open mca_pmix_s1: libslurm.so.29: cannot open shared object file: No such file or directory (ignored)
[bc12u17n3:63277] mca_base_component_repository_open: unable to open mca_pmix_s1: libslurm.so.29: cannot open shared object file: No such file or directory (ignored)
[bc12u15n4:59619] mca_base_component_repository_open: unable to open mca_pmix_s1: libslurm.so.29: cannot open shared object file: No such file or directory (ignored)
[bc12u17n2:65226] mca_base_component_repository_open: unable to open mca_pmix_s1: libslurm.so.29: cannot open shared object file: No such file or directory (ignored)
[bc12u19n1:80979] mca_base_component_repository_open: unable to open mca_pmix_s1: libslurm.so.29: cannot open shared object file: No such file or directory (ignored)
[bc12u15n2:50246] mca_base_component_repository_open: unable to open mca_pmix_s1: libslurm.so.29: cannot open shared object file: No such file or directory (ignored)
[bc12u15n3:07411] mca_base_component_repository_open: unable to open mca_pmix_s1: libslurm.so.29: cannot open shared object file: No such file or directory (ignored)

=================
== Criteo
=================

4000000000 Vectors, 10000 Queries
Nodes: 10
Tables: 18
RangePow: 20
Reservoir Size: 256
Hashes: 4
CMS Bucket Size: 2048
CMS Hashes: 4

LSH Initialized in Node 0
LSH Initialized in Node 6
LSH Initialized in Node 9
LSH Initialized in Node 1
LSH Initialized in Node 8
LSH Initialized in Node 3
LSH Initialized in Node 2
LSH Initialized in Node 5
LSH Initialized in Node 4
LSH Initialized in Node 7
CMS Initialized in Node 4
CMS Initialized in Node 0
CMS Initialized in Node 8
CMS Initialized in Node 6
CMS Initialized in Node 2
CMS Initialized in Node 9
CMS Initialized in Node 3
CMS Initialized in Node 5
CMS Initialized in Node 7
CMS Initialized in Node 1
LSH Reservoir Initialized in Node 4
LSH Reservoir Initialized in Node 5
LSH Reservoir Initialized in Node 7
LSH Reservoir Initialized in Node 1
LSH Reservoir Initialized in Node 8
LSH Reservoir Initialized in Node 9
LSH Reservoir Initialized in Node 2
LSH Reservoir Initialized in Node 3
LSH Reservoir Initialized in Node 6
LSH Reservoir Initialized in Node 0
FLASH Controller Initialized in Node 0
FLASH Controller Initialized in Node 3
FLASH Controller Initialized in Node 9
FLASH Controller Initialized in Node 7
FLASH Controller Initialized in Node 8
FLASH Controller Initialized in Node 2
FLASH Controller Initialized in Node 1
FLASH Controller Initialized in Node 5
FLASH Controller Initialized in Node 4
FLASH Controller Initialized in Node 6
Adding Vectors Node 7...
Adding Vectors Node 3...
Adding Vectors Node 5...
Adding Vectors Node 6...
Adding Vectors Node 0...
Adding Vectors Node 1...
Adding Vectors Node 9...
Adding Vectors Node 4...
Adding Vectors Node 8...
Adding Vectors Node 2...
srun: Job step aborted: Waiting up to 32 seconds for job step to finish.
slurmstepd: error: *** JOB 373655 ON bc12u13n2 CANCELLED AT 2020-02-25T12:56:50 DUE TO TIME LIMIT ***
slurmstepd: error: *** STEP 373655.0 ON bc12u13n2 CANCELLED AT 2020-02-25T12:56:50 DUE TO TIME LIMIT ***
