
=================
== Criteo
=================

LSH Initialized in Node 1
LSH Initialized in Node 2
4000000000 Vectors, 10000 Queries
Nodes: 3
Tables: 24
RangePow: 19
Reservoir Size: 256
Hashes: 4
CMS Bucket Size: 2048
CMS Hashes: 4

LSH Initialized in Node 0
CMS Initialized in Node 1
CMS Initialized in Node 0
CMS Initialized in Node 2
LSH Reservoir Initialized in Node 0
LSH Reservoir Initialized in Node 1
FLASH Controller Initialized in Node 0
LSH Reservoir Initialized in Node 2
FLASH Controller Initialized in Node 2
FLASH Controller Initialized in Node 1

<<< LSHR Parameters >>>
_rangePow 19
_rangePow_Rehashed 19
_numTables 24
_reservoirSize 256
_dimension 42
_maxSamples 4000010000
_tableAllocFraction 1
_numReservoirs 524288
_numReservoirsHashed 524288
_aggNumReservoirs 524288
_maxReservoirRand 400001000
_tableMemMax 3233808384
_tableMemReservoirMax 12582912
_tablePointerMax 12582912

Adding Vectors Node 0...
Adding Vectors Node 2...
Adding Vectors Node 1...
Batch Size: 40000000 For 100 BatchesNode 0 Table Mem Usage ranges from 0.176176 to 0.314625, average 0.239343
Batch 0 complete
Node 0 Table Mem Usage ranges from 0.985668 to 0.996639, average 0.994393
Batch 1 complete
Vectors Added Node 0: 358.968 Seconds

Batch Size: 40000000 For 100 BatchesNode 1 Table Mem Usage ranges from 0.177088 to 0.311228, average 0.240995
Node 1 Table Mem Usage ranges from 0.986496 to 0.996614, average 0.994835
Vectors Added Node 1: 399.328 Seconds

Batch Size: 40000000 For 100 BatchesNode 2 Table Mem Usage ranges from 0.184921 to 0.313658, average 0.253292
Node 2 Table Mem Usage ranges from 0.990627 to 0.997112, average 0.995366
Vectors Added Node 2: 448.979 Seconds

