
=================
== Criteo
=================

LSH Initialized in Node 4
LSH Initialized in Node 2
LSH Initialized in Node 1
LSH Initialized in Node 3
100000000 Vectors, 10000 Queries
Nodes: 5
Tables: 24
RangePow: 19
Reservoir Size: 256
Hashes: 4
CMS Bucket Size: 1024
CMS Hashes: 4

LSH Initialized in Node 0
CMS Initialized in Node 4
CMS Initialized in Node 0
CMS Initialized in Node 1
CMS Initialized in Node 2
CMS Initialized in Node 3
LSH Reservoir Initialized in Node 2
LSH Reservoir Initialized in Node 1
LSH Reservoir Initialized in Node 4
LSH Reservoir Initialized in Node 3
LSH Reservoir Initialized in Node 0
FLASH Controller Initialized in Node 0
FLASH Controller Initialized in Node 4
FLASH Controller Initialized in Node 2
FLASH Controller Initialized in Node 3
FLASH Controller Initialized in Node 1
Adding Vectors Node 4...
Adding Vectors Node 1...
Adding Vectors Node 0...
<<Reading from file ../../dataset/criteo/criteo_tb0 in node 0>>
Adding Vectors Node 2...
Adding Vectors Node 3...
<<Reading from file ../../dataset/criteo/criteo_tb3 in node 3>>
<<Reading from file ../../dataset/criteo/criteo_tb4 in node 4>>
<<Reading from file ../../dataset/criteo/criteo_tb1 in node 1>>
<<Reading from file ../../dataset/criteo/criteo_tb2 in node 2>>
Read Complete: 108.859717s 10000000 vectors, total dim: 389998349
Batch 0 Complete node 4
Read Complete: 130.523987s 10000000 vectors, total dim: 389998175
Batch 0 Complete node 2
Read Complete: 128.563084s 10000000 vectors, total dim: 389998483
Batch 0 Complete node 1
Read Complete: 142.039841s 10000000 vectors, total dim: 389998045
Batch 0 Complete node 3
Read Complete: 145.657471s 10000000 vectors, total dim: 389998686
Batch 0 Complete node 0
Read Complete: 108.293155s 10000000 vectors, total dim: 389997970
Batch 1 Complete node 4
Read Complete: 125.821074s 10000000 vectors, total dim: 389998270
Batch 1 Complete node 2
Read Complete: 132.046335s 10000000 vectors, total dim: 389998417
Batch 1 Complete node 1
Read Complete: 143.342822s 10000000 vectors, total dim: 389998052
Batch 1 Complete node 3
Read Complete: 142.903790s 10000000 vectors, total dim: 389998663
Batch 1 Complete node 0
Read Complete: 108.856452s 10000000 vectors, total dim: 389998503
Batch 2 Complete node 4
Read Complete: 131.003937s 10000000 vectors, total dim: 389998243
Batch 2 Complete node 2
Read Complete: 131.435067s 10000000 vectors, total dim: 389998292
Batch 2 Complete node 1
Read Complete: 104.306090s 10000000 vectors, total dim: 389998530
Batch 3 Complete node 4
Read Complete: 121.257818s 10000000 vectors, total dim: 389998250
Batch 3 Complete node 2
Read Complete: 127.019348s 10000000 vectors, total dim: 389998285
Batch 3 Complete node 1
Read Complete: 136.045841s 10000000 vectors, total dim: 389998067
Batch 2 Complete node 3
Read Complete: 135.050797s 10000000 vectors, total dim: 389998572
Batch 2 Complete node 0
Read Complete: 109.894155s 10000000 vectors, total dim: 389998347
Batch 4 Complete node 4
Read Complete: 131.031515s 10000000 vectors, total dim: 389998106
Batch 4 Complete node 2
Read Complete: 135.473075s 10000000 vectors, total dim: 389998383
Batch 4 Complete node 1
Read Complete: 137.000784s 10000000 vectors, total dim: 389998507
Batch 3 Complete node 0
Read Complete: 140.587654s 10000000 vectors, total dim: 389998188
Batch 3 Complete node 3
Read Complete: 88.455888s 10000000 vectors, total dim: 389998321
Batch 5 Complete node 4
Read Complete: 105.140415s 10000000 vectors, total dim: 389997985
Batch 5 Complete node 2
Read Complete: 114.166195s 10000000 vectors, total dim: 389998192
Batch 5 Complete node 1
