
=================
== ../../dataset/webspam/webspam_trigram.svm
=================

LSH Initialized in Node 1
340000 Vectors, 10000 Queries
Nodes: 2
Tables: 24
RangePow: 18
Reservoir Size: 256
Hashes: 8
CMS Bucket Size: 1024
CMS Hashes: 4

LSH Initialized in Node 0
CMS Initialized in Node 0
CMS Initialized in Node 1
LSH Reservoir Initialized in Node 1
LSH Reservoir Initialized in Node 0
FLASH Controller Initialized in Node 0
FLASH Controller Initialized in Node 1
[readSparse] Read 37207718 numbers, 10000 vectors. 
Adding Vectors Node 0...
Adding Vectors Node 1...
[readSparse] Read 633179023 numbers, 170000 vectors. 
Vectors Read Node 0: 262.635 Seconds

[readSparse] Read 634310705 numbers, 170000 vectors. 
Vectors Read Node 1: 262.766 Seconds

Node 0 Table Mem Usage ranges from 0.007244 to 0.009281, average 0.008448
Node 0 Table Mem Usage ranges from 0.052399 to 0.070332, average 0.063104
Node 0 Table Mem Usage ranges from 0.086697 to 0.117851, average 0.104972
Node 0 Table Mem Usage ranges from 0.116428 to 0.159355, average 0.141401
Node 0 Table Mem Usage ranges from 0.142792 to 0.195778, average 0.173835
Vectors Added Node 0: 265.654 Seconds

Node 1 Table Mem Usage ranges from 0.007038 to 0.009132, average 0.008150
Node 1 Table Mem Usage ranges from 0.052238 to 0.070564, average 0.063056
Node 1 Table Mem Usage ranges from 0.086578 to 0.118340, average 0.105250
Node 1 Table Mem Usage ranges from 0.116158 to 0.159264, average 0.141445
Node 1 Table Mem Usage ranges from 0.142994 to 0.195599, average 0.173923
Vectors Added Node 1: 265.863 Seconds

Computing Query Hashes Node 0...
Computing Query Hashes Node 1...
Query Hashes Computed Node 0: 0.101827 Seconds

Extracting Top K (TREE) Node 0...
Query Hashes Computed Node 1: 0.102034 Seconds

Extracting Top K (TREE) Node 1...
Top K (TREE) Extracted Node 1: 1.26628 Seconds

Top K (TREE) Extracted Node 0: 1.41447 Seconds

Extracting Top K (LINEAR) Node 1...
Extracting Top K (LINEAR) Node 0...
Top K (LINEAR) Extracted Node 1: 1.62826 Seconds

Extracting Top K (BRUTEFORCE) Node 1...
Top K (LINEAR) Extracted Node 0: 1.80922 Seconds

Extracting Top K (BRUTEFORCE) Node 0...
Top K (BRUTEFORCE) Extracted Node 1: 0.412977 Seconds

Top K (BRUTEFORCE) Extracted Node 0: 2.44557 Seconds

[readSparse] Read 1304697446 numbers, 350000 vectors. 


================================
TOP K TREE

[similarityMetric] Averaging output. 

S@k = s_out(s_true): In top k, average output similarity (average groundtruth similarity). 
S@1 = 0.895 
S@10 = 0.847 
S@20 = 0.825 
S@30 = 0.811 
S@32 = 0.809 
S@40 = 0.802 
S@50 = 0.794 
S@64 = 0.786 
S@100 = 0.772 
S@128 = 0.764 
1 10 20 30 32 40 50 64 100 128 
0.895 0.847 0.825 0.811 0.809 0.802 0.794 0.786 0.772 0.764 


================================
TOP K LINEAR

[similarityMetric] Averaging output. 

S@k = s_out(s_true): In top k, average output similarity (average groundtruth similarity). 
S@1 = 0.895 
S@10 = 0.847 
S@20 = 0.825 
S@30 = 0.811 
S@32 = 0.809 
S@40 = 0.802 
S@50 = 0.794 
S@64 = 0.786 
S@100 = 0.772 
S@128 = 0.764 
1 10 20 30 32 40 50 64 100 128 
0.895 0.847 0.825 0.811 0.809 0.802 0.794 0.786 0.772 0.764 


================================
TOP K BRUTEFORCE

[similarityMetric] Averaging output. 

S@k = s_out(s_true): In top k, average output similarity (average groundtruth similarity). 
S@1 = 0.900 
S@10 = 0.851 
S@20 = 0.831 
S@30 = 0.818 
S@32 = 0.816 
S@40 = 0.809 
S@50 = 0.802 
S@64 = 0.794 
S@100 = 0.781 
S@128 = 0.773 
1 10 20 30 32 40 50 64 100 128 
0.900 0.851 0.831 0.818 0.816 0.809 0.802 0.794 0.781 0.773 
Similarity Metric Computed
