
=================
== ../../dataset/webspam/webspam_trigram.svm
=================

LSH Initialized in Node 4
LSH Initialized in Node 5
LSH Initialized in Node 2
LSH Initialized in Node 6
LSH Initialized in Node 1
LSH Initialized in Node 3
LSH Initialized in Node 7
340000 Vectors, 10000 Queries
Nodes: 8
Tables: 24
RangePow: 18
Reservoir Size: 256
Hashes: 8
CMS Bucket Size: 1024
CMS Hashes: 4

LSH Initialized in Node 0
CMS Initialized in Node 0
CMS Initialized in Node 2
CMS Initialized in Node 3
CMS Initialized in Node 6
CMS Initialized in Node 7
CMS Initialized in Node 4
CMS Initialized in Node 1
CMS Initialized in Node 5
LSH Reservoir Initialized in Node 7
LSH Reservoir Initialized in Node 4
LSH Reservoir Initialized in Node 3
LSH Reservoir Initialized in Node 1
LSH Reservoir Initialized in Node 2
LSH Reservoir Initialized in Node 5
LSH Reservoir Initialized in Node 6
LSH Reservoir Initialized in Node 0
FLASH Controller Initialized in Node 0
FLASH Controller Initialized in Node 2
FLASH Controller Initialized in Node 3
FLASH Controller Initialized in Node 1
FLASH Controller Initialized in Node 6
FLASH Controller Initialized in Node 7
FLASH Controller Initialized in Node 4
FLASH Controller Initialized in Node 5
[readSparse] Read 37207718 numbers, 10000 vectors. 
Adding Vectors Node 4...
Adding Vectors Node 0...
Adding Vectors Node 3...
Adding Vectors Node 6...
Adding Vectors Node 7...
Adding Vectors Node 2...
Adding Vectors Node 5...
Adding Vectors Node 1...
[readSparse] Read 157745352 numbers, 42500 vectors. 
Vectors Read Node 2: 61.6218 Seconds

Node 2 Table Mem Usage ranges from 0.002254 to 0.002785, average 0.002519
Node 2 Table Mem Usage ranges from 0.016930 to 0.022354, average 0.020146
Node 2 Table Mem Usage ranges from 0.028893 to 0.038540, average 0.034663
Node 2 Table Mem Usage ranges from 0.039558 to 0.053211, average 0.047661
Node 2 Table Mem Usage ranges from 0.049545 to 0.067333, average 0.059913
Vectors Added Node 2: 62.3779 Seconds

[readSparse] Read 158575364 numbers, 42500 vectors. 
Vectors Read Node 3: 63.4266 Seconds

Node 3 Table Mem Usage ranges from 0.002205 to 0.002769, average 0.002491
Node 3 Table Mem Usage ranges from 0.017128 to 0.022537, average 0.020215
Node 3 Table Mem Usage ranges from 0.029049 to 0.038742, average 0.034824
Node 3 Table Mem Usage ranges from 0.039989 to 0.053505, average 0.048001
Node 3 Table Mem Usage ranges from 0.049938 to 0.067108, average 0.060133
Vectors Added Node 3: 64.1953 Seconds

[readSparse] Read 158880244 numbers, 42500 vectors. 
Vectors Read Node 0: 65.1857 Seconds

Node 0 Table Mem Usage ranges from 0.002186 to 0.002701, average 0.002489
Node 0 Table Mem Usage ranges from 0.016838 to 0.022205, average 0.020087
Node 0 Table Mem Usage ranges from 0.028828 to 0.038467, average 0.034582
Node 0 Table Mem Usage ranges from 0.039551 to 0.052902, average 0.047618
Node 0 Table Mem Usage ranges from 0.049736 to 0.066566, average 0.059816
Vectors Added Node 0: 65.9617 Seconds

[readSparse] Read 157978063 numbers, 42500 vectors. 
Vectors Read Node 1: 87.683 Seconds

Node 1 Table Mem Usage ranges from 0.002159 to 0.002728, average 0.002500
Node 1 Table Mem Usage ranges from 0.017021 to 0.022060, average 0.020003
Node 1 Table Mem Usage ranges from 0.028851 to 0.037907, average 0.034264
Node 1 Table Mem Usage ranges from 0.039734 to 0.052608, average 0.047410
Node 1 Table Mem Usage ranges from 0.049675 to 0.066471, average 0.059684
Vectors Added Node 1: 88.4784 Seconds

[readSparse] Read 158914390 numbers, 42500 vectors. 
Vectors Read Node 5: 118.608 Seconds

Node 5 Table Mem Usage ranges from 0.002155 to 0.002651, average 0.002451
Node 5 Table Mem Usage ranges from 0.017170 to 0.022610, average 0.020340
Node 5 Table Mem Usage ranges from 0.028885 to 0.038544, average 0.034729
Node 5 Table Mem Usage ranges from 0.039608 to 0.053188, average 0.047767
Node 5 Table Mem Usage ranges from 0.049557 to 0.066624, average 0.059789
Vectors Added Node 5: 119.424 Seconds

[readSparse] Read 158097640 numbers, 42500 vectors. 
Vectors Read Node 6: 160.187 Seconds

Node 6 Table Mem Usage ranges from 0.002220 to 0.002758, average 0.002499
Node 6 Table Mem Usage ranges from 0.017010 to 0.022373, average 0.020105
Node 6 Table Mem Usage ranges from 0.029137 to 0.038727, average 0.034661
Node 6 Table Mem Usage ranges from 0.039879 to 0.053329, average 0.047858
Node 6 Table Mem Usage ranges from 0.049995 to 0.066853, average 0.060193
Vectors Added Node 6: 161.017 Seconds

[readSparse] Read 158993097 numbers, 42500 vectors. 
Vectors Read Node 4: 165.544 Seconds

Node 4 Table Mem Usage ranges from 0.002060 to 0.002670, average 0.002380
Node 4 Table Mem Usage ranges from 0.016636 to 0.022144, average 0.019762
Node 4 Table Mem Usage ranges from 0.028908 to 0.038479, average 0.034491
Node 4 Table Mem Usage ranges from 0.039440 to 0.053024, average 0.047388
Node 4 Table Mem Usage ranges from 0.049408 to 0.066730, average 0.059551
Vectors Added Node 4: 166.292 Seconds

[readSparse] Read 158305578 numbers, 42500 vectors. 
Vectors Read Node 7: 254.712 Seconds

Computing Query Hashes Node 4...
Computing Query Hashes Node 0...
Computing Query Hashes Node 5...
Computing Query Hashes Node 3...
Computing Query Hashes Node 6...
Computing Query Hashes Node 2...
Computing Query Hashes Node 1...
Node 7 Table Mem Usage ranges from 0.002186 to 0.002739, average 0.002471
Node 7 Table Mem Usage ranges from 0.017159 to 0.022404, average 0.020138
Node 7 Table Mem Usage ranges from 0.029198 to 0.038548, average 0.034633
Node 7 Table Mem Usage ranges from 0.039948 to 0.053150, average 0.047777
Node 7 Table Mem Usage ranges from 0.049900 to 0.066582, average 0.059775
Vectors Added Node 7: 255.474 Seconds

Computing Query Hashes Node 7...
Query Hashes Computed Node 7: 0.0310458 Seconds

Extracting Top K (TREE) Node 7...
Query Hashes Computed Node 4: 0.032521 Seconds

Extracting Top K (TREE) Node 4...
Query Hashes Computed Node 0: 0.0308991 Seconds

Extracting Top K (TREE) Node 0...
Query Hashes Computed Node 5: 0.0326336 Seconds

Extracting Top K (TREE) Node 5...
Query Hashes Computed Node 3: 0.0325109 Seconds

Extracting Top K (TREE) Node 3...
Query Hashes Computed Node 1: 0.0313818 Seconds

Extracting Top K (TREE) Node 1...
Query Hashes Computed Node 6: 0.0326058 Seconds

Extracting Top K (TREE) Node 6...
Query Hashes Computed Node 2: 0.0326278 Seconds

Extracting Top K (TREE) Node 2...
Top K (TREE) Extracted Node 3: 1.22335 Seconds

Top K (TREE) Extracted Node 1: 1.25964 Seconds

Top K (TREE) Extracted Node 7: 1.30733 Seconds

Top K (TREE) Extracted Node 5: 1.36334 Seconds

Top K (TREE) Extracted Node 2: 1.39611 Seconds

Top K (TREE) Extracted Node 6: 1.47483 Seconds

Top K (TREE) Extracted Node 4: 1.59313 Seconds

Top K (TREE) Extracted Node 0: 1.74302 Seconds

Extracting Top K (LINEAR) Node 5...
Extracting Top K (LINEAR) Node 3...
Extracting Top K (LINEAR) Node 1...
Extracting Top K (LINEAR) Node 7...
Extracting Top K (LINEAR) Node 4...
Extracting Top K (LINEAR) Node 0...
Extracting Top K (LINEAR) Node 6...
Extracting Top K (LINEAR) Node 2...
Top K (LINEAR) Extracted Node 1: 1.25647 Seconds

Top K (LINEAR) Extracted Node 2: 1.41076 Seconds

Top K (LINEAR) Extracted Node 3: 1.57075 Seconds

Top K (LINEAR) Extracted Node 4: 1.7417 Seconds

Top K (LINEAR) Extracted Node 5: 2.19413 Seconds

Top K (LINEAR) Extracted Node 6: 2.35959 Seconds

Top K (LINEAR) Extracted Node 7: 2.53012 Seconds

Top K (LINEAR) Extracted Node 0: 3.22645 Seconds

Extracting Top K (BRUTEFORCE) Node 5...
Extracting Top K (BRUTEFORCE) Node 3...
Extracting Top K (BRUTEFORCE) Node 1...
Extracting Top K (BRUTEFORCE) Node 7...
Extracting Top K (BRUTEFORCE) Node 4...
Extracting Top K (BRUTEFORCE) Node 0...
Extracting Top K (BRUTEFORCE) Node 6...
Extracting Top K (BRUTEFORCE) Node 2...
Top K (BRUTEFORCE) Extracted Node 1: 0.261352 Seconds

Top K (BRUTEFORCE) Extracted Node 2: 0.386618 Seconds

Top K (BRUTEFORCE) Extracted Node 3: 0.510302 Seconds

Top K (BRUTEFORCE) Extracted Node 4: 0.637928 Seconds

Top K (BRUTEFORCE) Extracted Node 5: 0.768847 Seconds

Top K (BRUTEFORCE) Extracted Node 6: 1.0315 Seconds

Top K (BRUTEFORCE) Extracted Node 7: 1.16022 Seconds

Top K (BRUTEFORCE) Extracted Node 0: 9.09969 Seconds

[readSparse] Read 1304697446 numbers, 350000 vectors. 


================================
TOP K TREE

[similarityMetric] Averaging output. 

S@k = s_out(s_true): In top k, average output similarity (average groundtruth similarity). 
S@1 = 0.895 
S@10 = 0.845 
S@20 = 0.822 
S@30 = 0.809 
S@32 = 0.807 
S@40 = 0.800 
S@50 = 0.792 
S@64 = 0.784 
S@100 = 0.770 
S@128 = 0.761 
1 10 20 30 32 40 50 64 100 128 
0.895 0.845 0.822 0.809 0.807 0.800 0.792 0.784 0.770 0.761 


================================
TOP K LINEAR

[similarityMetric] Averaging output. 

S@k = s_out(s_true): In top k, average output similarity (average groundtruth similarity). 
S@1 = 0.895 
S@10 = 0.844 
S@20 = 0.822 
S@30 = 0.808 
S@32 = 0.806 
S@40 = 0.799 
S@50 = 0.791 
S@64 = 0.783 
S@100 = 0.769 
S@128 = 0.760 
1 10 20 30 32 40 50 64 100 128 
0.895 0.844 0.822 0.808 0.806 0.799 0.791 0.783 0.769 0.760 


================================
TOP K BRUTEFORCE

[similarityMetric] Averaging output. 

S@k = s_out(s_true): In top k, average output similarity (average groundtruth similarity). 
S@1 = 0.900 
S@10 = 0.852 
S@20 = 0.831 
S@30 = 0.818 
S@32 = 0.816 
S@40 = 0.809 
S@50 = 0.802 
S@64 = 0.795 
S@100 = 0.781 
S@128 = 0.773 
1 10 20 30 32 40 50 64 100 128 
0.900 0.852 0.831 0.818 0.816 0.809 0.802 0.795 0.781 0.773 
Similarity Metric Computed
