
=================
== /scratch/ncm5/dataset/webspam/webspam_trigram.svm
=================

LSH Initialized in Node 2
LSH Initialized in Node 3
LSH Initialized in Node 1
340000 Vectors, 10000 Queries
Nodes: 4
Tables: 24
RangePow: 18
Reservoir Size: 256
Hashes: 8
CMS Bucket Size: 1024
CMS Hashes: 4

LSH Initialized in Node 0
CMS Initialized in Node 0
CMS Initialized in Node 2
CMS Initialized in Node 1
CMS Initialized in Node 3
LSH Reservoir Initialized in Node 0
LSH Reservoir Initialized in Node 1
LSH Reservoir Initialized in Node 2
LSH Reservoir Initialized in Node 3
FLASH Controller Initialized in Node 3
FLASH Controller Initialized in Node 2
FLASH Controller Initialized in Node 0
FLASH Controller Initialized in Node 1
[readSparse] Read 37207718 numbers, 10000 vectors. 
Adding Vectors Node 3...
Adding Vectors Node 2...
Adding Vectors Node 0...
Adding Vectors Node 1...
[readSparse] Read 316858307 numbers, 85000 vectors. 
Vectors Read Node 0: 137.618 Seconds

Vectors Added Node 0: 138.923 Seconds

[readSparse] Read 316320716 numbers, 85000 vectors. 
Vectors Read Node 1: 211.592 Seconds

Vectors Added Node 1: 212.998 Seconds

[readSparse] Read 317907487 numbers, 85000 vectors. 
Vectors Read Node 2: 285.934 Seconds

Vectors Added Node 2: 287.367 Seconds

[readSparse] Read 316403218 numbers, 85000 vectors. 
Vectors Read Node 3: 306.423 Seconds

Computing Query Hashes Node 1...
Computing Query Hashes Node 0...
Computing Query Hashes Node 2...
Vectors Added Node 3: 307.733 Seconds

Computing Query Hashes Node 3...
Query Hashes Computed Node 3: 0.0488649 Seconds

Query Hashes Computed Node 2: 0.0487341 Seconds

Query Hashes Computed Node 1: 0.0490492 Seconds

Query Hashes Computed Node 0: 0.0493049 Seconds

Extracting Top K (TREE) Node 3...
Extracting Top K (TREE) Node 0...
Extracting Top K (TREE) Node 2...
Extracting Top K (TREE) Node 1...
Top K (TREE) Extracted Node 3: 1.23143 Seconds

Top K (TREE) Extracted Node 1: 1.25083 Seconds

Top K (TREE) Extracted Node 2: 1.57864 Seconds

Top K (TREE) Extracted Node 0: 1.7101 Seconds

Extracting Top K (LINEAR) Node 3...
Extracting Top K (LINEAR) Node 1...
Extracting Top K (LINEAR) Node 0...
Extracting Top K (LINEAR) Node 2...
Top K (LINEAR) Extracted Node 1: 1.75951 Seconds

Top K (LINEAR) Extracted Node 2: 1.89526 Seconds

Top K (LINEAR) Extracted Node 3: 2.03836 Seconds

Extracting Top K (BRUTEFORCE) Node 3...
Extracting Top K (BRUTEFORCE) Node 1...
Extracting Top K (BRUTEFORCE) Node 2...
Top K (LINEAR) Extracted Node 0: 2.28298 Seconds

Extracting Top K (BRUTEFORCE) Node 0...
Top K (BRUTEFORCE) Extracted Node 1: 0.635419 Seconds

Top K (BRUTEFORCE) Extracted Node 3: 0.698518 Seconds

Top K (BRUTEFORCE) Extracted Node 2: 0.730063 Seconds

Top K (BRUTEFORCE) Extracted Node 0: 4.21633 Seconds

[readSparse] Read 1304697446 numbers, 350000 vectors. 


================================
TOP K TREE

[similarityMetric] Averaging output. 

S@k = s_out(s_true): In top k, average output similarity (average groundtruth similarity). 
S@1 = 0.901 
S@10 = 0.857 
S@20 = 0.841 
S@30 = 0.831 
S@32 = 0.829 
S@40 = 0.824 
S@50 = 0.818 
S@64 = 0.811 
S@100 = 0.799 
S@128 = 0.791 
1 10 20 30 32 40 50 64 100 128 
0.901 0.857 0.841 0.831 0.829 0.824 0.818 0.811 0.799 0.791 
[similarityMetric] Averaging output. 

S@k = s_out(s_true): In top k, average output similarity (average groundtruth similarity). 
S@1 = 0.901 
S@10 = 0.857 
S@20 = 0.840 
S@30 = 0.831 
S@32 = 0.829 
S@40 = 0.823 
S@50 = 0.817 
S@64 = 0.810 
S@100 = 0.798 
S@128 = 0.789 
1 10 20 30 32 40 50 64 100 128 
0.901 0.857 0.840 0.831 0.829 0.823 0.817 0.810 0.798 0.789 


================================
TOP K BRUTEFORCE

[similarityMetric] Averaging output. 

S@k = s_out(s_true): In top k, average output similarity (average groundtruth similarity). 
S@1 = 0.904 
S@10 = 0.860 
S@20 = 0.844 
S@30 = 0.835 
S@32 = 0.834 
S@40 = 0.829 
S@50 = 0.823 
S@64 = 0.817 
S@100 = 0.805 
S@128 = 0.798 
1 10 20 30 32 40 50 64 100 128 
0.904 0.860 0.844 0.835 0.834 0.829 0.823 0.817 0.805 0.798 
Similarity Metric Computed
