
=================
== ../../dataset/webspam/webspam_trigram.svm
=================

LSH Initialized in Node 4
LSH Initialized in Node 6
LSH Initialized in Node 5
LSH Initialized in Node 9
LSH Initialized in Node 8
LSH Initialized in Node 2
LSH Initialized in Node 3
LSH Initialized in Node 1
LSH Initialized in Node 7
340000 Vectors, 10000 Queries
Nodes: 10
Tables: 24
RangePow: 18
Reservoir Size: 256
Hashes: 8
CMS Bucket Size: 1024
CMS Hashes: 4

LSH Initialized in Node 0
CMS Initialized in Node 0
CMS Initialized in Node 5
CMS Initialized in Node 4
CMS Initialized in Node 2
CMS Initialized in Node 3
CMS Initialized in Node 1
CMS Initialized in Node 9
CMS Initialized in Node 7
CMS Initialized in Node 8
CMS Initialized in Node 6
LSH Reservoir Initialized in Node 6
LSH Reservoir Initialized in Node 8
LSH Reservoir Initialized in Node 9
LSH Reservoir Initialized in Node 7
LSH Reservoir Initialized in Node 5
LSH Reservoir Initialized in Node 3
LSH Reservoir Initialized in Node 4
LSH Reservoir Initialized in Node 2
LSH Reservoir Initialized in Node 1
LSH Reservoir Initialized in Node 0
FLASH Controller Initialized in Node 0
FLASH Controller Initialized in Node 3
FLASH Controller Initialized in Node 4
FLASH Controller Initialized in Node 2
FLASH Controller Initialized in Node 1
FLASH Controller Initialized in Node 5
FLASH Controller Initialized in Node 8
FLASH Controller Initialized in Node 7
FLASH Controller Initialized in Node 9
FLASH Controller Initialized in Node 6
[readSparse] Read 37207718 numbers, 10000 vectors. 
Adding Vectors Node 0...
Adding Vectors Node 9...
Adding Vectors Node 7...
Adding Vectors Node 8...
Adding Vectors Node 6...
Adding Vectors Node 5...
Adding Vectors Node 4...
Adding Vectors Node 2...
Adding Vectors Node 3...
Adding Vectors Node 1...
[readSparse] Read 127174890 numbers, 34000 vectors. 
Vectors Read Node 0: 87.0293 Seconds

Node 0 Table Mem Usage ranges from 0.001785 to 0.002209, average 0.002032
Node 0 Table Mem Usage ranges from 0.013962 to 0.018196, average 0.016568
Node 0 Table Mem Usage ranges from 0.024014 to 0.031857, average 0.028695
Node 0 Table Mem Usage ranges from 0.033112 to 0.044174, average 0.039704
Node 0 Table Mem Usage ranges from 0.041531 to 0.055466, average 0.049905
Vectors Added Node 0: 87.6974 Seconds

[readSparse] Read 126470976 numbers, 34000 vectors. 
Vectors Read Node 1: 103.292 Seconds

Node 1 Table Mem Usage ranges from 0.001736 to 0.002228, average 0.001997
Node 1 Table Mem Usage ranges from 0.013779 to 0.018227, average 0.016395
Node 1 Table Mem Usage ranges from 0.024010 to 0.031731, average 0.028621
Node 1 Table Mem Usage ranges from 0.032761 to 0.043621, average 0.039268
Node 1 Table Mem Usage ranges from 0.041130 to 0.055012, average 0.049439
Vectors Added Node 1: 103.978 Seconds

[readSparse] Read 127500770 numbers, 34000 vectors. 
Vectors Read Node 7: 125.552 Seconds

Node 7 Table Mem Usage ranges from 0.001720 to 0.002163, average 0.001977
Node 7 Table Mem Usage ranges from 0.013939 to 0.018105, average 0.016331
Node 7 Table Mem Usage ranges from 0.023998 to 0.031799, average 0.028590
Node 7 Table Mem Usage ranges from 0.033062 to 0.044250, average 0.039662
Node 7 Table Mem Usage ranges from 0.041569 to 0.055470, average 0.049818
Vectors Added Node 7: 125.957 Seconds

[readSparse] Read 126433068 numbers, 34000 vectors. 
Vectors Read Node 8: 135.541 Seconds

Node 8 Table Mem Usage ranges from 0.001743 to 0.002235, average 0.001998
Node 8 Table Mem Usage ranges from 0.014206 to 0.018665, average 0.016670
Node 8 Table Mem Usage ranges from 0.024345 to 0.032131, average 0.028871
Node 8 Table Mem Usage ranges from 0.033470 to 0.044369, average 0.040053
Node 8 Table Mem Usage ranges from 0.041950 to 0.055820, average 0.050322
Vectors Added Node 8: 136.083 Seconds

[readSparse] Read 126598698 numbers, 34000 vectors. 
Vectors Read Node 2: 145.043 Seconds

Node 2 Table Mem Usage ranges from 0.001789 to 0.002224, average 0.002022
Node 2 Table Mem Usage ranges from 0.014145 to 0.018398, average 0.016722
Node 2 Table Mem Usage ranges from 0.024292 to 0.032219, average 0.029020
Node 2 Table Mem Usage ranges from 0.033531 to 0.044506, average 0.040189
Node 2 Table Mem Usage ranges from 0.041721 to 0.055840, average 0.050313
Vectors Added Node 2: 145.659 Seconds

[readSparse] Read 126614538 numbers, 34000 vectors. 
Vectors Read Node 9: 170.705 Seconds

Node 9 Table Mem Usage ranges from 0.001778 to 0.002178, average 0.002005
Node 9 Table Mem Usage ranges from 0.014057 to 0.018299, average 0.016517
Node 9 Table Mem Usage ranges from 0.024113 to 0.031742, average 0.028616
Node 9 Table Mem Usage ranges from 0.033016 to 0.043934, average 0.039528
Node 9 Table Mem Usage ranges from 0.041477 to 0.055248, average 0.049722
Vectors Added Node 9: 171.109 Seconds

[readSparse] Read 126518752 numbers, 34000 vectors. 
Vectors Read Node 6: 171.966 Seconds

Node 6 Table Mem Usage ranges from 0.001743 to 0.002167, average 0.001996
Node 6 Table Mem Usage ranges from 0.014168 to 0.018288, average 0.016613
Node 6 Table Mem Usage ranges from 0.024403 to 0.031937, average 0.028877
Node 6 Table Mem Usage ranges from 0.033436 to 0.044296, average 0.039965
Node 6 Table Mem Usage ranges from 0.041748 to 0.055733, average 0.050188
Vectors Added Node 6: 172.367 Seconds

[readSparse] Read 126773696 numbers, 34000 vectors. 
Vectors Read Node 4: 178.74 Seconds

Node 4 Table Mem Usage ranges from 0.001732 to 0.002251, average 0.002015
Node 4 Table Mem Usage ranges from 0.014103 to 0.018532, average 0.016733
Node 4 Table Mem Usage ranges from 0.024357 to 0.032154, average 0.028960
Node 4 Table Mem Usage ranges from 0.033352 to 0.044357, average 0.039920
Node 4 Table Mem Usage ranges from 0.041672 to 0.055733, average 0.050100
Vectors Added Node 4: 179.307 Seconds

[readSparse] Read 127243577 numbers, 34000 vectors. 
Vectors Read Node 5: 179.808 Seconds

Node 5 Table Mem Usage ranges from 0.001682 to 0.002167, average 0.001942
Node 5 Table Mem Usage ranges from 0.013844 to 0.018208, average 0.016282
Node 5 Table Mem Usage ranges from 0.024017 to 0.031845, average 0.028591
Node 5 Table Mem Usage ranges from 0.033066 to 0.044037, average 0.039514
Node 5 Table Mem Usage ranges from 0.041355 to 0.055481, average 0.049706
Vectors Added Node 5: 180.211 Seconds

[readSparse] Read 126160763 numbers, 34000 vectors. 
Vectors Read Node 3: 187.966 Seconds

Computing Query Hashes Node 9...
Computing Query Hashes Node 7...
Computing Query Hashes Node 8...
Computing Query Hashes Node 6...
Computing Query Hashes Node 5...
Computing Query Hashes Node 4...
Computing Query Hashes Node 2...
Computing Query Hashes Node 0...
Node 3 Table Mem Usage ranges from 0.001785 to 0.002197, average 0.002005
Node 3 Table Mem Usage ranges from 0.013874 to 0.018291, average 0.016384
Node 3 Table Mem Usage ranges from 0.023987 to 0.031784, average 0.028528
Node 3 Table Mem Usage ranges from 0.032970 to 0.043888, average 0.039495
Node 3 Table Mem Usage ranges from 0.041496 to 0.055439, average 0.049731
Vectors Added Node 3: 188.592 Seconds

Computing Query Hashes Node 3...
Computing Query Hashes Node 1...
Query Hashes Computed Node 2: 0.0278788 Seconds

Query Hashes Computed Node 3: 0.0278924 Seconds

Query Hashes Computed Node 4: 0.0276604 Seconds

Query Hashes Computed Node 1: 0.0278946 Seconds

Query Hashes Computed Node 0: 0.028468 Seconds

Extracting Top K (TREE) Node 0...
Extracting Top K (TREE) Node 2...
Extracting Top K (TREE) Node 3...
Extracting Top K (TREE) Node 1...
Query Hashes Computed Node 9: 0.027702 Seconds

Extracting Top K (TREE) Node 9...
Query Hashes Computed Node 7: 0.0275582 Seconds

Extracting Top K (TREE) Node 7...
Query Hashes Computed Node 8: 0.027683 Seconds

Extracting Top K (TREE) Node 8...
Query Hashes Computed Node 6: 0.0319963 Seconds

Extracting Top K (TREE) Node 6...
Query Hashes Computed Node 5: 0.0276218 Seconds

Extracting Top K (TREE) Node 5...
Extracting Top K (TREE) Node 4...
Top K (TREE) Extracted Node 9: 0.78858 Seconds

Top K (TREE) Extracted Node 7: 0.791084 Seconds

Top K (TREE) Extracted Node 5: 0.916665 Seconds

Top K (TREE) Extracted Node 6: 1.00329 Seconds

Top K (TREE) Extracted Node 3: 1.31977 Seconds

Top K (TREE) Extracted Node 1: 1.37208 Seconds

Top K (TREE) Extracted Node 2: 1.51725 Seconds

Top K (TREE) Extracted Node 4: 1.64244 Seconds

Top K (TREE) Extracted Node 8: 1.74882 Seconds

Top K (TREE) Extracted Node 0: 1.9314 Seconds

Extracting Top K (LINEAR) Node 9...
Extracting Top K (LINEAR) Node 7...
Extracting Top K (LINEAR) Node 8...
Extracting Top K (LINEAR) Node 2...
Extracting Top K (LINEAR) Node 6...
Extracting Top K (LINEAR) Node 3...
Extracting Top K (LINEAR) Node 5...
Extracting Top K (LINEAR) Node 4...
Extracting Top K (LINEAR) Node 0...
Extracting Top K (LINEAR) Node 1...
Top K (LINEAR) Extracted Node 1: 1.30218 Seconds

Top K (LINEAR) Extracted Node 2: 1.46467 Seconds

Top K (LINEAR) Extracted Node 3: 1.62799 Seconds

Top K (LINEAR) Extracted Node 4: 1.79004 Seconds

Top K (LINEAR) Extracted Node 5: 2.06831 Seconds

Top K (LINEAR) Extracted Node 6: 2.29114 Seconds

Top K (LINEAR) Extracted Node 7: 2.64427 Seconds

Top K (LINEAR) Extracted Node 8: 2.87397 Seconds

Top K (LINEAR) Extracted Node 9: 3.05044 Seconds

Top K (LINEAR) Extracted Node 0: 4.05423 Seconds

Extracting Top K (BRUTEFORCE) Node 0...
Extracting Top K (BRUTEFORCE) Node 9...
Extracting Top K (BRUTEFORCE) Node 7...
Extracting Top K (BRUTEFORCE) Node 8...
Extracting Top K (BRUTEFORCE) Node 2...
Extracting Top K (BRUTEFORCE) Node 6...
Extracting Top K (BRUTEFORCE) Node 3...
Extracting Top K (BRUTEFORCE) Node 5...
Extracting Top K (BRUTEFORCE) Node 4...
Extracting Top K (BRUTEFORCE) Node 1...
Top K (BRUTEFORCE) Extracted Node 1: 0.311267 Seconds

Top K (BRUTEFORCE) Extracted Node 2: 0.449798 Seconds

Top K (BRUTEFORCE) Extracted Node 3: 0.587267 Seconds

Top K (BRUTEFORCE) Extracted Node 4: 0.719531 Seconds

Top K (BRUTEFORCE) Extracted Node 5: 0.915378 Seconds

Top K (BRUTEFORCE) Extracted Node 6: 1.13936 Seconds

Top K (BRUTEFORCE) Extracted Node 7: 1.28907 Seconds

Top K (BRUTEFORCE) Extracted Node 8: 1.43639 Seconds

Top K (BRUTEFORCE) Extracted Node 9: 1.69603 Seconds

Top K (BRUTEFORCE) Extracted Node 0: 12.7365 Seconds

[readSparse] Read 1304697446 numbers, 350000 vectors. 


================================
TOP K TREE

[similarityMetric] Averaging output. 

S@k = s_out(s_true): In top k, average output similarity (average groundtruth similarity). 
S@1 = 0.895 
S@10 = 0.844 
S@20 = 0.822 
S@30 = 0.808 
S@32 = 0.806 
S@40 = 0.799 
S@50 = 0.792 
S@64 = 0.783 
S@100 = 0.769 
S@128 = 0.761 
1 10 20 30 32 40 50 64 100 128 
0.895 0.844 0.822 0.808 0.806 0.799 0.792 0.783 0.769 0.761 


================================
TOP K LINEAR

[similarityMetric] Averaging output. 

S@k = s_out(s_true): In top k, average output similarity (average groundtruth similarity). 
S@1 = 0.894 
S@10 = 0.843 
S@20 = 0.821 
S@30 = 0.807 
S@32 = 0.805 
S@40 = 0.798 
S@50 = 0.791 
S@64 = 0.782 
S@100 = 0.768 
S@128 = 0.759 
1 10 20 30 32 40 50 64 100 128 
0.894 0.843 0.821 0.807 0.805 0.798 0.791 0.782 0.768 0.759 


================================
TOP K BRUTEFORCE

[similarityMetric] Averaging output. 

S@k = s_out(s_true): In top k, average output similarity (average groundtruth similarity). 
S@1 = 0.900 
S@10 = 0.852 
S@20 = 0.831 
S@30 = 0.818 
S@32 = 0.816 
S@40 = 0.809 
S@50 = 0.802 
S@64 = 0.794 
S@100 = 0.781 
S@128 = 0.773 
1 10 20 30 32 40 50 64 100 128 
0.900 0.852 0.831 0.818 0.816 0.809 0.802 0.794 0.781 0.773 
Similarity Metric Computed
