
=================
== /scratch/ncm5/dataset/webspam/webspam_trigram.svm
=================

LSH Initialized in Node 13
340000 Vectors, 10000 Queries
Nodes: 16
Tables: 24
RangePow: 18
Reservoir Size: 256
Hashes: 8
CMS Bucket Size: 1024
CMS Hashes: 4

LSH Initialized in Node 0
LSH Initialized in Node 11
LSH Initialized in Node 14
LSH Initialized in Node 3
LSH Initialized in Node 1
LSH Initialized in Node 2
LSH Initialized in Node 6
LSH Initialized in Node 5
LSH Initialized in Node 12
LSH Initialized in Node 4
LSH Initialized in Node 15
LSH Initialized in Node 8
LSH Initialized in Node 9
LSH Initialized in Node 10
LSH Initialized in Node 7
CMS Initialized in Node 14
CMS Initialized in Node 6
CMS Initialized in Node 11
CMS Initialized in Node 12
CMS Initialized in Node 4
CMS Initialized in Node 13
CMS Initialized in Node 5
CMS Initialized in Node 2
CMS Initialized in Node 10
CMS Initialized in Node 0
CMS Initialized in Node 8
CMS Initialized in Node 1
CMS Initialized in Node 3
CMS Initialized in Node 15
CMS Initialized in Node 9
CMS Initialized in Node 7
LSH Reservoir Initialized in Node 2
LSH Reservoir Initialized in Node 14
LSH Reservoir Initialized in Node 15
LSH Reservoir Initialized in Node 0
LSH Reservoir Initialized in Node 12
LSH Reservoir Initialized in Node 11
LSH Reservoir Initialized in Node 5
LSH Reservoir Initialized in Node 4
LSH Reservoir Initialized in Node 6
LSH Reservoir Initialized in Node 13
LSH Reservoir Initialized in Node 3
LSH Reservoir Initialized in Node 1
LSH Reservoir Initialized in Node 8
LSH Reservoir Initialized in Node 10
LSH Reservoir Initialized in Node 9
FLASH Controller Initialized in Node 0
FLASH Controller Initialized in Node 2
LSH Reservoir Initialized in Node 7
FLASH Controller Initialized in Node 1
FLASH Controller Initialized in Node 11
FLASH Controller Initialized in Node 9
FLASH Controller Initialized in Node 13
FLASH Controller Initialized in Node 7
FLASH Controller Initialized in Node 15
FLASH Controller Initialized in Node 4
FLASH Controller Initialized in Node 14
FLASH Controller Initialized in Node 6
FLASH Controller Initialized in Node 10
FLASH Controller Initialized in Node 8
FLASH Controller Initialized in Node 3
FLASH Controller Initialized in Node 12
FLASH Controller Initialized in Node 5
[readSparse] Read 37207718 numbers, 10000 vectors. 
Adding Vectors Node 1...
Adding Vectors Node 2...
Adding Vectors Node 6...
Adding Vectors Node 5...
Adding Vectors Node 11...
Adding Vectors Node 13...
Adding Vectors Node 12...
Adding Vectors Node 9...
Adding Vectors Node 0...
Adding Vectors Node 14...
Adding Vectors Node 3...
Adding Vectors Node 4...
Adding Vectors Node 15...
Adding Vectors Node 8...
Adding Vectors Node 7...
Adding Vectors Node 10...
[readSparse] Read 79243477 numbers, 21250 vectors. 
Vectors Read Node 0: 27.3931 Seconds

Vectors Added Node 0: 27.6584 Seconds

[readSparse] Read 79636767 numbers, 21250 vectors. 
Vectors Read Node 1: 32.5969 Seconds

Vectors Added Node 1: 32.8788 Seconds

[readSparse] Read 79061194 numbers, 21250 vectors. 
Vectors Read Node 2: 43.0918 Seconds

Vectors Added Node 2: 43.3223 Seconds

[readSparse] Read 78916869 numbers, 21250 vectors. 
Vectors Read Node 3: 62.2303 Seconds

Vectors Added Node 3: 62.4652 Seconds

[readSparse] Read 79260886 numbers, 21250 vectors. 
Vectors Read Node 4: 82.2647 Seconds

Vectors Added Node 4: 82.5082 Seconds

[readSparse] Read 78484466 numbers, 21250 vectors. 
Vectors Read Node 5: 103.675 Seconds

Vectors Added Node 5: 103.9 Seconds

[readSparse] Read 79207197 numbers, 21250 vectors. 
Vectors Read Node 6: 125.882 Seconds

Vectors Added Node 6: 126.113 Seconds

[readSparse] Read 79368167 numbers, 21250 vectors. 
Vectors Read Node 7: 127.744 Seconds

Vectors Added Node 7: 128.081 Seconds

[readSparse] Read 79497716 numbers, 21250 vectors. 
Vectors Read Node 8: 137.058 Seconds

Vectors Added Node 8: 137.371 Seconds

[readSparse] Read 79495381 numbers, 21250 vectors. 
Vectors Read Node 9: 169.073 Seconds

Vectors Added Node 9: 169.385 Seconds

[readSparse] Read 79119257 numbers, 21250 vectors. 
Vectors Read Node 12: 170.886 Seconds

Vectors Added Node 12: 171.112 Seconds

[readSparse] Read 78853846 numbers, 21250 vectors. 
Vectors Read Node 10: 180.85 Seconds

Vectors Added Node 10: 181.156 Seconds

[readSparse] Read 78978383 numbers, 21250 vectors. 
Vectors Read Node 13: 184.274 Seconds

Vectors Added Node 13: 184.537 Seconds

[readSparse] Read 80060544 numbers, 21250 vectors. 
Vectors Read Node 11: 187.426 Seconds

Vectors Added Node 11: 187.664 Seconds

[readSparse] Read 79142735 numbers, 21250 vectors. 
Vectors Read Node 14: 205.944 Seconds

Vectors Added Node 14: 206.176 Seconds

[readSparse] Read 79162843 numbers, 21250 vectors. 
Vectors Read Node 15: 214.155 Seconds

Computing Query Hashes Node 1...
Computing Query Hashes Node 2...
Computing Query Hashes Node 0...
Computing Query Hashes Node 14...
Computing Query Hashes Node 6...
Computing Query Hashes Node 5...
Computing Query Hashes Node 11...
Computing Query Hashes Node 13...
Computing Query Hashes Node 12...
Computing Query Hashes Node 4...
Vectors Added Node 15: 214.388 Seconds

Computing Query Hashes Node 15...
Computing Query Hashes Node 3...
Computing Query Hashes Node 8...
Computing Query Hashes Node 9...
Computing Query Hashes Node 10...
Computing Query Hashes Node 7...
Query Hashes Computed Node 2: 0.0229014 Seconds

Query Hashes Computed Node 1: 0.0229399 Seconds

Query Hashes Computed Node 0: 0.0254455 Seconds

Query Hashes Computed Node 11: 0.025762 Seconds

Query Hashes Computed Node 9: 0.0258163 Seconds

Query Hashes Computed Node 15: 0.0255825 Seconds

Query Hashes Computed Node 14: 0.0256114 Seconds

Query Hashes Computed Node 13: 0.0255996 Seconds

Query Hashes Computed Node 3: 0.0257082 Seconds

Query Hashes Computed Node 4: 0.0257418 Seconds

Query Hashes Computed Node 12: 0.0257734 Seconds

Query Hashes Computed Node 10: 0.0258125 Seconds

Query Hashes Computed Node 7: 0.0258129 Seconds

Query Hashes Computed Node 6: 0.025813 Seconds

Query Hashes Computed Node 8: 0.0258002 Seconds

Extracting Top K (TREE) Node 1...
Extracting Top K (TREE) Node 2...
Extracting Top K (TREE) Node 0...
Extracting Top K (TREE) Node 14...
Query Hashes Computed Node 5: 0.0257784 Seconds

Extracting Top K (TREE) Node 11...
Extracting Top K (TREE) Node 15...
Extracting Top K (TREE) Node 6...
Extracting Top K (TREE) Node 3...
Extracting Top K (TREE) Node 5...
Extracting Top K (TREE) Node 13...
Extracting Top K (TREE) Node 12...
Extracting Top K (TREE) Node 4...
Extracting Top K (TREE) Node 8...
Extracting Top K (TREE) Node 10...
Extracting Top K (TREE) Node 9...
Extracting Top K (TREE) Node 7...
Top K (TREE) Extracted Node 3: 0.712291 Seconds

Top K (TREE) Extracted Node 1: 0.793087 Seconds

Top K (TREE) Extracted Node 13: 0.855898 Seconds

Top K (TREE) Extracted Node 2: 0.868088 Seconds

Top K (TREE) Extracted Node 5: 0.873952 Seconds

Top K (TREE) Extracted Node 15: 0.886637 Seconds

Top K (TREE) Extracted Node 14: 0.964938 Seconds

Top K (TREE) Extracted Node 11: 0.998704 Seconds

Top K (TREE) Extracted Node 9: 1.00021 Seconds

Top K (TREE) Extracted Node 7: 1.02738 Seconds

Top K (TREE) Extracted Node 10: 1.10235 Seconds

Top K (TREE) Extracted Node 6: 1.10537 Seconds

Top K (TREE) Extracted Node 12: 1.20313 Seconds

Top K (TREE) Extracted Node 4: 1.21256 Seconds

Top K (TREE) Extracted Node 8: 1.34141 Seconds

Top K (TREE) Extracted Node 0: 1.47224 Seconds

Extracting Top K (LINEAR) Node 1...
Extracting Top K (LINEAR) Node 2...
Extracting Top K (LINEAR) Node 0...
Extracting Top K (LINEAR) Node 14...
Extracting Top K (LINEAR) Node 6...
Extracting Top K (LINEAR) Node 3...
Extracting Top K (LINEAR) Node 5...
Extracting Top K (LINEAR) Node 11...
Extracting Top K (LINEAR) Node 13...
Extracting Top K (LINEAR) Node 12...
Extracting Top K (LINEAR) Node 4...
Extracting Top K (LINEAR) Node 8...
Extracting Top K (LINEAR) Node 9...
Extracting Top K (LINEAR) Node 15...
Extracting Top K (LINEAR) Node 7...
Extracting Top K (LINEAR) Node 10...
Top K (LINEAR) Extracted Node 1: 0.783923 Seconds

Top K (LINEAR) Extracted Node 2: 0.908375 Seconds

Top K (LINEAR) Extracted Node 3: 1.04692 Seconds

Top K (LINEAR) Extracted Node 4: 1.18416 Seconds

Top K (LINEAR) Extracted Node 5: 1.32121 Seconds

Top K (LINEAR) Extracted Node 6: 1.45828 Seconds

Top K (LINEAR) Extracted Node 7: 1.60023 Seconds

Top K (LINEAR) Extracted Node 8: 1.73446 Seconds

Top K (LINEAR) Extracted Node 9: 1.86093 Seconds

Top K (LINEAR) Extracted Node 10: 1.98257 Seconds

Top K (LINEAR) Extracted Node 11: 2.10355 Seconds

Top K (LINEAR) Extracted Node 12: 2.22824 Seconds

Top K (LINEAR) Extracted Node 13: 2.50091 Seconds

Top K (LINEAR) Extracted Node 14: 2.63511 Seconds

Top K (LINEAR) Extracted Node 15: 2.76866 Seconds

Top K (LINEAR) Extracted Node 0: 3.84385 Seconds

Extracting Top K (BRUTEFORCE) Node 0...
Extracting Top K (BRUTEFORCE) Node 1...
Extracting Top K (BRUTEFORCE) Node 2...
Extracting Top K (BRUTEFORCE) Node 14...
Extracting Top K (BRUTEFORCE) Node 6...
Extracting Top K (BRUTEFORCE) Node 3...
Extracting Top K (BRUTEFORCE) Node 5...
Extracting Top K (BRUTEFORCE) Node 11...
Extracting Top K (BRUTEFORCE) Node 13...
Extracting Top K (BRUTEFORCE) Node 12...
Extracting Top K (BRUTEFORCE) Node 4...
Extracting Top K (BRUTEFORCE) Node 15...
Extracting Top K (BRUTEFORCE) Node 8...
Extracting Top K (BRUTEFORCE) Node 9...
Extracting Top K (BRUTEFORCE) Node 7...
Extracting Top K (BRUTEFORCE) Node 10...
Top K (BRUTEFORCE) Extracted Node 1: 0.181288 Seconds

Top K (BRUTEFORCE) Extracted Node 2: 0.290604 Seconds

Top K (BRUTEFORCE) Extracted Node 3: 0.398837 Seconds

Top K (BRUTEFORCE) Extracted Node 4: 0.508098 Seconds

Top K (BRUTEFORCE) Extracted Node 5: 0.6165 Seconds

Top K (BRUTEFORCE) Extracted Node 6: 0.724132 Seconds

Top K (BRUTEFORCE) Extracted Node 7: 0.830316 Seconds

Top K (BRUTEFORCE) Extracted Node 8: 0.938358 Seconds

Top K (BRUTEFORCE) Extracted Node 9: 1.04346 Seconds

Top K (BRUTEFORCE) Extracted Node 10: 1.14662 Seconds

Top K (BRUTEFORCE) Extracted Node 11: 1.25102 Seconds

Top K (BRUTEFORCE) Extracted Node 12: 1.35077 Seconds

Top K (BRUTEFORCE) Extracted Node 13: 1.55765 Seconds

Top K (BRUTEFORCE) Extracted Node 14: 1.65995 Seconds

Top K (BRUTEFORCE) Extracted Node 15: 1.74323 Seconds

Top K (BRUTEFORCE) Extracted Node 0: 13.7317 Seconds

[readSparse] Read 1304697446 numbers, 350000 vectors. 


================================
TOP K TREE

[similarityMetric] Averaging output. 

S@k = s_out(s_true): In top k, average output similarity (average groundtruth similarity). 
S@1 = 0.901 
S@10 = 0.857 
S@20 = 0.841 
S@30 = 0.831 
S@32 = 0.829 
S@40 = 0.824 
S@50 = 0.819 
S@64 = 0.812 
S@100 = 0.800 
S@128 = 0.792 
1 10 20 30 32 40 50 64 100 128 
0.901 0.857 0.841 0.831 0.829 0.824 0.819 0.812 0.800 0.792 
[similarityMetric] Averaging output. 

S@k = s_out(s_true): In top k, average output similarity (average groundtruth similarity). 
S@1 = 0.900 
S@10 = 0.857 
S@20 = 0.840 
S@30 = 0.830 
S@32 = 0.829 
S@40 = 0.823 
S@50 = 0.818 
S@64 = 0.811 
S@100 = 0.799 
S@128 = 0.791 
1 10 20 30 32 40 50 64 100 128 
0.900 0.857 0.840 0.830 0.829 0.823 0.818 0.811 0.799 0.791 


================================
TOP K BRUTEFORCE

[similarityMetric] Averaging output. 

S@k = s_out(s_true): In top k, average output similarity (average groundtruth similarity). 
S@1 = 0.904 
S@10 = 0.861 
S@20 = 0.844 
S@30 = 0.835 
S@32 = 0.834 
S@40 = 0.829 
S@50 = 0.824 
S@64 = 0.818 
S@100 = 0.806 
S@128 = 0.799 
1 10 20 30 32 40 50 64 100 128 
0.904 0.861 0.844 0.835 0.834 0.829 0.824 0.818 0.806 0.799 
Similarity Metric Computed
