
=================
== ../../dataset/webspam/webspam_trigram.svm
=================

LSH Initialized in Node 2
LSH Initialized in Node 4
LSH Initialized in Node 1
LSH Initialized in Node 5
LSH Initialized in Node 3
340000 Vectors, 10000 Queries
Nodes: 6
Tables: 24
RangePow: 18
Reservoir Size: 256
Hashes: 8
CMS Bucket Size: 1024
CMS Hashes: 4

LSH Initialized in Node 0
CMS Initialized in Node 3
CMS Initialized in Node 5
CMS Initialized in Node 0
CMS Initialized in Node 1
CMS Initialized in Node 2
CMS Initialized in Node 4
LSH Reservoir Initialized in Node 1
LSH Reservoir Initialized in Node 5
LSH Reservoir Initialized in Node 4
LSH Reservoir Initialized in Node 2
LSH Reservoir Initialized in Node 3
LSH Reservoir Initialized in Node 0
FLASH Controller Initialized in Node 0
FLASH Controller Initialized in Node 3
FLASH Controller Initialized in Node 1
FLASH Controller Initialized in Node 5
FLASH Controller Initialized in Node 4
FLASH Controller Initialized in Node 2
[readSparse] Read 37207718 numbers, 10000 vectors. 
Adding Vectors Node 0...
Adding Vectors Node 2...
Adding Vectors Node 4...
Adding Vectors Node 1...
Adding Vectors Node 5...
Adding Vectors Node 3...
[readSparse] Read 211446825 numbers, 56667 vectors. 
Vectors Read Node 0: 86.8443 Seconds

Node 0 Table Mem Usage ranges from 0.002766 to 0.003487, average 0.003188
Node 0 Table Mem Usage ranges from 0.021446 to 0.028393, average 0.025558
Node 0 Table Mem Usage ranges from 0.036381 to 0.048790, average 0.043794
Node 0 Table Mem Usage ranges from 0.049934 to 0.066952, average 0.060163
Node 0 Table Mem Usage ranges from 0.062000 to 0.084179, average 0.075099
Vectors Added Node 0: 87.8493 Seconds

[readSparse] Read 210930224 numbers, 56667 vectors. 
Vectors Read Node 1: 118.811 Seconds

Node 1 Table Mem Usage ranges from 0.002647 to 0.003414, average 0.003101
Node 1 Table Mem Usage ranges from 0.021580 to 0.028450, average 0.025633
Node 1 Table Mem Usage ranges from 0.036991 to 0.049068, average 0.044172
Node 1 Table Mem Usage ranges from 0.050587 to 0.067726, average 0.060723
Node 1 Table Mem Usage ranges from 0.062771 to 0.084480, average 0.075773
Vectors Added Node 1: 119.702 Seconds

[readSparse] Read 210802565 numbers, 56667 vectors. 
Vectors Read Node 2: 123.806 Seconds

Node 2 Table Mem Usage ranges from 0.002834 to 0.003464, average 0.003209
Node 2 Table Mem Usage ranges from 0.021484 to 0.028313, average 0.025553
Node 2 Table Mem Usage ranges from 0.036655 to 0.048985, average 0.043876
Node 2 Table Mem Usage ranges from 0.050270 to 0.067528, average 0.060441
Node 2 Table Mem Usage ranges from 0.062508 to 0.084621, average 0.075562
Vectors Added Node 2: 124.663 Seconds

[readSparse] Read 211770270 numbers, 56667 vectors. 
Vectors Read Node 3: 174.75 Seconds

Node 3 Table Mem Usage ranges from 0.002689 to 0.003464, average 0.003078
Node 3 Table Mem Usage ranges from 0.021450 to 0.028465, average 0.025508
Node 3 Table Mem Usage ranges from 0.036476 to 0.048874, average 0.043700
Node 3 Table Mem Usage ranges from 0.049763 to 0.067047, average 0.059950
Node 3 Table Mem Usage ranges from 0.062187 to 0.084419, average 0.075200
Vectors Added Node 3: 175.605 Seconds

[readSparse] Read 210844392 numbers, 56666 vectors. 
Vectors Read Node 5: 226.245 Seconds

Node 5 Table Mem Usage ranges from 0.002785 to 0.003483, average 0.003179
Node 5 Table Mem Usage ranges from 0.021732 to 0.028561, average 0.025790
Node 5 Table Mem Usage ranges from 0.037003 to 0.048885, average 0.044106
Node 5 Table Mem Usage ranges from 0.050423 to 0.067215, average 0.060535
Node 5 Table Mem Usage ranges from 0.062637 to 0.084038, average 0.075418
Vectors Added Node 5: 227.225 Seconds

[readSparse] Read 211695452 numbers, 56666 vectors. 
Vectors Read Node 4: 250.046 Seconds

Computing Query Hashes Node 2...
Computing Query Hashes Node 0...
Computing Query Hashes Node 1...
Computing Query Hashes Node 3...
Node 4 Table Mem Usage ranges from 0.002720 to 0.003422, average 0.003086
Node 4 Table Mem Usage ranges from 0.021580 to 0.028484, average 0.025552
Node 4 Table Mem Usage ranges from 0.036533 to 0.048668, average 0.043710
Node 4 Table Mem Usage ranges from 0.049980 to 0.067139, average 0.060187
Node 4 Table Mem Usage ranges from 0.062420 to 0.084209, average 0.075341
Vectors Added Node 4: 250.979 Seconds

Computing Query Hashes Node 4...
Computing Query Hashes Node 5...
Query Hashes Computed Node 3: 0.0333022 Seconds

Extracting Top K (TREE) Node 3...
Query Hashes Computed Node 2: 0.0350501 Seconds

Extracting Top K (TREE) Node 2...
Query Hashes Computed Node 0: 0.03551 Seconds

Extracting Top K (TREE) Node 0...
Query Hashes Computed Node 4: 0.0337478 Seconds

Extracting Top K (TREE) Node 4...
Query Hashes Computed Node 5: 0.0337113 Seconds

Extracting Top K (TREE) Node 5...
Query Hashes Computed Node 1: 0.0351919 Seconds

Extracting Top K (TREE) Node 1...
Top K (TREE) Extracted Node 3: 1.20025 Seconds

Top K (TREE) Extracted Node 1: 1.24662 Seconds

Top K (TREE) Extracted Node 5: 1.29339 Seconds

Top K (TREE) Extracted Node 2: 1.35847 Seconds

Top K (TREE) Extracted Node 4: 1.46915 Seconds

Top K (TREE) Extracted Node 0: 1.61125 Seconds

Extracting Top K (LINEAR) Node 2...
Extracting Top K (LINEAR) Node 0...
Extracting Top K (LINEAR) Node 4...
Extracting Top K (LINEAR) Node 5...
Extracting Top K (LINEAR) Node 1...
Extracting Top K (LINEAR) Node 3...
Top K (LINEAR) Extracted Node 1: 1.36077 Seconds

Top K (LINEAR) Extracted Node 2: 1.51942 Seconds

Top K (LINEAR) Extracted Node 3: 1.66529 Seconds

Top K (LINEAR) Extracted Node 4: 1.90892 Seconds

Top K (LINEAR) Extracted Node 5: 2.18774 Seconds

Extracting Top K (BRUTEFORCE) Node 2...
Top K (LINEAR) Extracted Node 0: 2.77513 Seconds

Extracting Top K (BRUTEFORCE) Node 4...
Extracting Top K (BRUTEFORCE) Node 5...
Extracting Top K (BRUTEFORCE) Node 1...
Extracting Top K (BRUTEFORCE) Node 3...
Extracting Top K (BRUTEFORCE) Node 0...
Top K (BRUTEFORCE) Extracted Node 1: 0.250899 Seconds

Top K (BRUTEFORCE) Extracted Node 2: 0.374878 Seconds

Top K (BRUTEFORCE) Extracted Node 3: 0.498813 Seconds

Top K (BRUTEFORCE) Extracted Node 4: 0.759192 Seconds

Top K (BRUTEFORCE) Extracted Node 5: 0.875588 Seconds

Top K (BRUTEFORCE) Extracted Node 0: 6.84005 Seconds

[readSparse] Read 1304697446 numbers, 350000 vectors. 


================================
TOP K TREE

[similarityMetric] Averaging output. 

S@k = s_out(s_true): In top k, average output similarity (average groundtruth similarity). 
S@1 = 0.895 
S@10 = 0.845 
S@20 = 0.823 
S@30 = 0.809 
S@32 = 0.807 
S@40 = 0.800 
S@50 = 0.793 
S@64 = 0.785 
S@100 = 0.770 
S@128 = 0.762 
1 10 20 30 32 40 50 64 100 128 
0.895 0.845 0.823 0.809 0.807 0.800 0.793 0.785 0.770 0.762 


================================
TOP K LINEAR

[similarityMetric] Averaging output. 

S@k = s_out(s_true): In top k, average output similarity (average groundtruth similarity). 
S@1 = 0.894 
S@10 = 0.845 
S@20 = 0.822 
S@30 = 0.809 
S@32 = 0.807 
S@40 = 0.800 
S@50 = 0.792 
S@64 = 0.784 
S@100 = 0.769 
S@128 = 0.761 
1 10 20 30 32 40 50 64 100 128 
0.894 0.845 0.822 0.809 0.807 0.800 0.792 0.784 0.769 0.761 


================================
TOP K BRUTEFORCE

[similarityMetric] Averaging output. 

S@k = s_out(s_true): In top k, average output similarity (average groundtruth similarity). 
S@1 = 0.900 
S@10 = 0.852 
S@20 = 0.831 
S@30 = 0.818 
S@32 = 0.816 
S@40 = 0.809 
S@50 = 0.802 
S@64 = 0.795 
S@100 = 0.781 
S@128 = 0.773 
1 10 20 30 32 40 50 64 100 128 
0.900 0.852 0.831 0.818 0.816 0.809 0.802 0.795 0.781 0.773 
Similarity Metric Computed
