
=================
== ../../dataset/webspam/webspam_trigram.svm
=================

LSH Initialized in Node 8
LSH Initialized in Node 4
LSH Initialized in Node 1
LSH Initialized in Node 5
LSH Initialized in Node 9
LSH Initialized in Node 10
LSH Initialized in Node 6
LSH Initialized in Node 11
LSH Initialized in Node 2
LSH Initialized in Node 3
LSH Initialized in Node 7
340000 Vectors, 10000 Queries
Nodes: 12
Tables: 24
RangePow: 18
Reservoir Size: 256
Hashes: 8
CMS Bucket Size: 1024
CMS Hashes: 4

LSH Initialized in Node 0
CMS Initialized in Node 0
CMS Initialized in Node 11
CMS Initialized in Node 6
CMS Initialized in Node 10
CMS Initialized in Node 9
CMS Initialized in Node 4
CMS Initialized in Node 2
CMS Initialized in Node 3
CMS Initialized in Node 8
CMS Initialized in Node 7
CMS Initialized in Node 1
CMS Initialized in Node 5
LSH Reservoir Initialized in Node 11
LSH Reservoir Initialized in Node 5
LSH Reservoir Initialized in Node 4
LSH Reservoir Initialized in Node 7
LSH Reservoir Initialized in Node 8
LSH Reservoir Initialized in Node 9
LSH Reservoir Initialized in Node 6
LSH Reservoir Initialized in Node 3
LSH Reservoir Initialized in Node 10
LSH Reservoir Initialized in Node 2
LSH Reservoir Initialized in Node 1
LSH Reservoir Initialized in Node 0
FLASH Controller Initialized in Node 0
FLASH Controller Initialized in Node 4
FLASH Controller Initialized in Node 1
FLASH Controller Initialized in Node 2
FLASH Controller Initialized in Node 5
FLASH Controller Initialized in Node 7
FLASH Controller Initialized in Node 10
FLASH Controller Initialized in Node 9
FLASH Controller Initialized in Node 6
FLASH Controller Initialized in Node 11
FLASH Controller Initialized in Node 8
FLASH Controller Initialized in Node 3
[readSparse] Read 37207718 numbers, 10000 vectors. 
Adding Vectors Node 4...
Adding Vectors Node 5...
Adding Vectors Node 7...
Adding Vectors Node 6...
Adding Vectors Node 9...
Adding Vectors Node 11...
Adding Vectors Node 0...
Adding Vectors Node 2...
Adding Vectors Node 8...
Adding Vectors Node 1...
Adding Vectors Node 10...
Adding Vectors Node 3...
[readSparse] Read 105873728 numbers, 28334 vectors. 
Vectors Read Node 0: 77.0938 Seconds

Node 0 Table Mem Usage ranges from 0.001534 to 0.001904, average 0.001735
Node 0 Table Mem Usage ranges from 0.011963 to 0.015610, average 0.014219
Node 0 Table Mem Usage ranges from 0.020496 to 0.027245, average 0.024546
Node 0 Table Mem Usage ranges from 0.028393 to 0.037907, average 0.034114
Node 0 Table Mem Usage ranges from 0.035633 to 0.047787, average 0.042973
Vectors Added Node 0: 77.6782 Seconds

[readSparse] Read 105573688 numbers, 28334 vectors. 
Vectors Read Node 1: 91.6004 Seconds

Node 1 Table Mem Usage ranges from 0.001499 to 0.001846, average 0.001672
Node 1 Table Mem Usage ranges from 0.012138 to 0.015812, average 0.014212
Node 1 Table Mem Usage ranges from 0.020462 to 0.027138, average 0.024413
Node 1 Table Mem Usage ranges from 0.028385 to 0.037994, average 0.034025
Node 1 Table Mem Usage ranges from 0.035519 to 0.047588, average 0.042707
Vectors Added Node 1: 92.185 Seconds

[readSparse] Read 105227641 numbers, 28333 vectors. 
Vectors Read Node 4: 113.973 Seconds

Node 4 Table Mem Usage ranges from 0.001564 to 0.001904, average 0.001753
Node 4 Table Mem Usage ranges from 0.012096 to 0.015778, average 0.014263
Node 4 Table Mem Usage ranges from 0.020729 to 0.027164, average 0.024542
Node 4 Table Mem Usage ranges from 0.028511 to 0.037777, average 0.034012
Node 4 Table Mem Usage ranges from 0.035908 to 0.047817, average 0.042980
Vectors Added Node 4: 114.402 Seconds

[readSparse] Read 105554927 numbers, 28333 vectors. 
Vectors Read Node 9: 114.709 Seconds

Node 9 Table Mem Usage ranges from 0.001560 to 0.001873, average 0.001731
Node 9 Table Mem Usage ranges from 0.012135 to 0.015900, average 0.014249
Node 9 Table Mem Usage ranges from 0.020721 to 0.027370, average 0.024574
Node 9 Table Mem Usage ranges from 0.028709 to 0.038166, average 0.034153
Node 9 Table Mem Usage ranges from 0.035892 to 0.048080, average 0.043090
Vectors Added Node 9: 115.222 Seconds

[readSparse] Read 105416880 numbers, 28334 vectors. 
Vectors Read Node 2: 131.862 Seconds

Node 2 Table Mem Usage ranges from 0.001396 to 0.001781, average 0.001636
Node 2 Table Mem Usage ranges from 0.012016 to 0.015652, average 0.014159
Node 2 Table Mem Usage ranges from 0.020798 to 0.027393, average 0.024643
Node 2 Table Mem Usage ranges from 0.028904 to 0.037983, average 0.034339
Node 2 Table Mem Usage ranges from 0.036236 to 0.048084, average 0.043253
Vectors Added Node 2: 132.398 Seconds

[readSparse] Read 105571111 numbers, 28333 vectors. 
Vectors Read Node 5: 150.385 Seconds

Node 5 Table Mem Usage ranges from 0.001423 to 0.001820, average 0.001654
Node 5 Table Mem Usage ranges from 0.012295 to 0.015980, average 0.014296
Node 5 Table Mem Usage ranges from 0.020931 to 0.027439, average 0.024717
Node 5 Table Mem Usage ranges from 0.028839 to 0.038101, average 0.034278
Node 5 Table Mem Usage ranges from 0.036049 to 0.047871, average 0.043103
Vectors Added Node 5: 150.886 Seconds

[readSparse] Read 105639499 numbers, 28333 vectors. 
Vectors Read Node 7: 162.277 Seconds

Node 7 Table Mem Usage ranges from 0.001534 to 0.001865, average 0.001713
Node 7 Table Mem Usage ranges from 0.012150 to 0.015709, average 0.014155
Node 7 Table Mem Usage ranges from 0.020828 to 0.027176, average 0.024626
Node 7 Table Mem Usage ranges from 0.028847 to 0.037941, average 0.034242
Node 7 Table Mem Usage ranges from 0.036213 to 0.048065, average 0.043275
Vectors Added Node 7: 162.719 Seconds

[readSparse] Read 106140525 numbers, 28333 vectors. 
Vectors Read Node 8: 171.583 Seconds

Node 8 Table Mem Usage ranges from 0.001431 to 0.001820, average 0.001625
Node 8 Table Mem Usage ranges from 0.012074 to 0.015820, average 0.014150
Node 8 Table Mem Usage ranges from 0.020733 to 0.027416, average 0.024536
Node 8 Table Mem Usage ranges from 0.028488 to 0.037712, average 0.033894
Node 8 Table Mem Usage ranges from 0.035770 to 0.047672, average 0.042811
Vectors Added Node 8: 172.054 Seconds

[readSparse] Read 105521209 numbers, 28334 vectors. 
Vectors Read Node 3: 174.608 Seconds

Node 3 Table Mem Usage ranges from 0.001572 to 0.001919, average 0.001758
Node 3 Table Mem Usage ranges from 0.012043 to 0.015728, average 0.014258
Node 3 Table Mem Usage ranges from 0.020599 to 0.027225, average 0.024618
Node 3 Table Mem Usage ranges from 0.028477 to 0.037880, average 0.034166
Node 3 Table Mem Usage ranges from 0.035599 to 0.047657, average 0.042871
Vectors Added Node 3: 175.147 Seconds

[readSparse] Read 106126128 numbers, 28333 vectors. 
Vectors Read Node 6: 180.438 Seconds

Node 6 Table Mem Usage ranges from 0.001396 to 0.001820, average 0.001637
Node 6 Table Mem Usage ranges from 0.011826 to 0.015453, average 0.013836
Node 6 Table Mem Usage ranges from 0.020630 to 0.027245, average 0.024458
Node 6 Table Mem Usage ranges from 0.028614 to 0.037777, average 0.033977
Node 6 Table Mem Usage ranges from 0.035870 to 0.047791, average 0.042822
Vectors Added Node 6: 180.953 Seconds

[readSparse] Read 105203985 numbers, 28333 vectors. 
Vectors Read Node 10: 183.996 Seconds

Node 10 Table Mem Usage ranges from 0.001457 to 0.001869, average 0.001695
Node 10 Table Mem Usage ranges from 0.012230 to 0.015850, average 0.014313
Node 10 Table Mem Usage ranges from 0.020916 to 0.027508, average 0.024860
Node 10 Table Mem Usage ranges from 0.028919 to 0.038177, average 0.034375
Node 10 Table Mem Usage ranges from 0.036270 to 0.048019, average 0.043242
Vectors Added Node 10: 184.733 Seconds

[readSparse] Read 105640407 numbers, 28333 vectors. 
Vectors Read Node 11: 185.446 Seconds

Computing Query Hashes Node 4...
Computing Query Hashes Node 7...
Computing Query Hashes Node 6...
Computing Query Hashes Node 5...
Computing Query Hashes Node 8...
Computing Query Hashes Node 9...
Computing Query Hashes Node 1...
Computing Query Hashes Node 10...
Computing Query Hashes Node 3...
Computing Query Hashes Node 0...
Computing Query Hashes Node 2...
Node 11 Table Mem Usage ranges from 0.001461 to 0.001816, average 0.001667
Node 11 Table Mem Usage ranges from 0.012253 to 0.015717, average 0.014301
Node 11 Table Mem Usage ranges from 0.020836 to 0.027229, average 0.024621
Node 11 Table Mem Usage ranges from 0.028568 to 0.037781, average 0.034017
Node 11 Table Mem Usage ranges from 0.035770 to 0.047470, average 0.042785
Vectors Added Node 11: 185.784 Seconds

Computing Query Hashes Node 11...
Query Hashes Computed Node 7: 0.0221792 Seconds

Query Hashes Computed Node 8: 0.0222273 Seconds

Query Hashes Computed Node 9: 0.0223165 Seconds

Query Hashes Computed Node 5: 0.0224415 Seconds

Query Hashes Computed Node 2: 0.0224932 Seconds

Query Hashes Computed Node 6: 0.0224308 Seconds

Extracting Top K (TREE) Node 5...
Extracting Top K (TREE) Node 7...
Extracting Top K (TREE) Node 6...
Extracting Top K (TREE) Node 8...
Extracting Top K (TREE) Node 9...
Query Hashes Computed Node 1: 0.0241195 Seconds

Extracting Top K (TREE) Node 1...
Query Hashes Computed Node 11: 0.0223703 Seconds

Query Hashes Computed Node 10: 0.0222053 Seconds

Query Hashes Computed Node 0: 0.0248052 Seconds

Extracting Top K (TREE) Node 0...
Extracting Top K (TREE) Node 2...
Query Hashes Computed Node 4: 0.0240301 Seconds

Extracting Top K (TREE) Node 4...
Extracting Top K (TREE) Node 11...
Extracting Top K (TREE) Node 10...
Query Hashes Computed Node 3: 0.0249014 Seconds

Extracting Top K (TREE) Node 3...
Top K (TREE) Extracted Node 11: 0.892226 Seconds

Top K (TREE) Extracted Node 5: 1.15739 Seconds

Top K (TREE) Extracted Node 7: 1.257 Seconds

Top K (TREE) Extracted Node 3: 1.28522 Seconds

Top K (TREE) Extracted Node 1: 1.29298 Seconds

Top K (TREE) Extracted Node 9: 1.31991 Seconds

Top K (TREE) Extracted Node 6: 1.3786 Seconds

Top K (TREE) Extracted Node 2: 1.43043 Seconds

Top K (TREE) Extracted Node 10: 1.43201 Seconds

Top K (TREE) Extracted Node 4: 1.53161 Seconds

Top K (TREE) Extracted Node 8: 1.68997 Seconds

Top K (TREE) Extracted Node 0: 1.84072 Seconds

Extracting Top K (LINEAR) Node 4...
Extracting Top K (LINEAR) Node 5...
Extracting Top K (LINEAR) Node 7...
Extracting Top K (LINEAR) Node 6...
Extracting Top K (LINEAR) Node 8...
Extracting Top K (LINEAR) Node 9...
Extracting Top K (LINEAR) Node 1...
Extracting Top K (LINEAR) Node 11...
Extracting Top K (LINEAR) Node 10...
Extracting Top K (LINEAR) Node 3...
Extracting Top K (LINEAR) Node 0...
Extracting Top K (LINEAR) Node 2...
Top K (LINEAR) Extracted Node 1: 1.33531 Seconds

Top K (LINEAR) Extracted Node 2: 1.51112 Seconds

Top K (LINEAR) Extracted Node 3: 1.65624 Seconds

Top K (LINEAR) Extracted Node 4: 1.78236 Seconds

Top K (LINEAR) Extracted Node 5: 1.93929 Seconds

Top K (LINEAR) Extracted Node 6: 2.11283 Seconds

Top K (LINEAR) Extracted Node 7: 2.35339 Seconds

Top K (LINEAR) Extracted Node 8: 2.53464 Seconds

Top K (LINEAR) Extracted Node 9: 2.68974 Seconds

Top K (LINEAR) Extracted Node 10: 3.15002 Seconds

Top K (LINEAR) Extracted Node 11: 3.29488 Seconds

Extracting Top K (BRUTEFORCE) Node 4...
Extracting Top K (BRUTEFORCE) Node 7...
Extracting Top K (BRUTEFORCE) Node 8...
Extracting Top K (BRUTEFORCE) Node 9...
Extracting Top K (BRUTEFORCE) Node 1...
Extracting Top K (BRUTEFORCE) Node 11...
Extracting Top K (BRUTEFORCE) Node 10...
Top K (LINEAR) Extracted Node 0: 4.45658 Seconds

Extracting Top K (BRUTEFORCE) Node 2...
Extracting Top K (BRUTEFORCE) Node 5...
Extracting Top K (BRUTEFORCE) Node 6...
Extracting Top K (BRUTEFORCE) Node 3...
Extracting Top K (BRUTEFORCE) Node 0...
Top K (BRUTEFORCE) Extracted Node 1: 0.271708 Seconds

Top K (BRUTEFORCE) Extracted Node 2: 0.415979 Seconds

Top K (BRUTEFORCE) Extracted Node 3: 0.554754 Seconds

Top K (BRUTEFORCE) Extracted Node 4: 0.690399 Seconds

Top K (BRUTEFORCE) Extracted Node 5: 0.82721 Seconds

Top K (BRUTEFORCE) Extracted Node 6: 0.959764 Seconds

Top K (BRUTEFORCE) Extracted Node 7: 1.07371 Seconds

Top K (BRUTEFORCE) Extracted Node 8: 1.18814 Seconds

Top K (BRUTEFORCE) Extracted Node 9: 1.31306 Seconds

Top K (BRUTEFORCE) Extracted Node 10: 1.45265 Seconds

Top K (BRUTEFORCE) Extracted Node 11: 1.82563 Seconds

Top K (BRUTEFORCE) Extracted Node 0: 15.4469 Seconds

[readSparse] Read 1304697446 numbers, 350000 vectors. 


================================
TOP K TREE

[similarityMetric] Averaging output. 

S@k = s_out(s_true): In top k, average output similarity (average groundtruth similarity). 
S@1 = 0.894 
S@10 = 0.844 
S@20 = 0.821 
S@30 = 0.808 
S@32 = 0.806 
S@40 = 0.798 
S@50 = 0.791 
S@64 = 0.783 
S@100 = 0.769 
S@128 = 0.760 
1 10 20 30 32 40 50 64 100 128 
0.894 0.844 0.821 0.808 0.806 0.798 0.791 0.783 0.769 0.760 


================================
TOP K LINEAR

[similarityMetric] Averaging output. 

S@k = s_out(s_true): In top k, average output similarity (average groundtruth similarity). 
S@1 = 0.894 
S@10 = 0.843 
S@20 = 0.820 
S@30 = 0.807 
S@32 = 0.804 
S@40 = 0.797 
S@50 = 0.790 
S@64 = 0.782 
S@100 = 0.768 
S@128 = 0.759 
1 10 20 30 32 40 50 64 100 128 
0.894 0.843 0.820 0.807 0.804 0.797 0.790 0.782 0.768 0.759 


================================
TOP K BRUTEFORCE

[similarityMetric] Averaging output. 

S@k = s_out(s_true): In top k, average output similarity (average groundtruth similarity). 
S@1 = 0.900 
S@10 = 0.852 
S@20 = 0.831 
S@30 = 0.818 
S@32 = 0.816 
S@40 = 0.809 
S@50 = 0.802 
S@64 = 0.794 
S@100 = 0.781 
S@128 = 0.773 
1 10 20 30 32 40 50 64 100 128 
0.900 0.852 0.831 0.818 0.816 0.809 0.802 0.794 0.781 0.773 
Similarity Metric Computed
