
=================
== ../../dataset/webspam/webspam_trigram.svm
=================

LSH Initialized in Node 2
LSH Initialized in Node 5
LSH Initialized in Node 4
LSH Initialized in Node 3
LSH Initialized in Node 1
340000 Vectors, 10000 Queries
Nodes: 6
Tables: 24
RangePow: 18
Reservoir Size: 256
Hashes: 8
CMS Bucket Size: 1024
CMS Hashes: 4

LSH Initialized in Node 0
CMS Initialized in Node 4
CMS Initialized in Node 2
CMS Initialized in Node 3
CMS Initialized in Node 0
CMS Initialized in Node 5
CMS Initialized in Node 1
LSH Reservoir Initialized in Node 5
LSH Reservoir Initialized in Node 2
LSH Reservoir Initialized in Node 4
LSH Reservoir Initialized in Node 1
LSH Reservoir Initialized in Node 0
FLASH Controller Initialized in Node 0
LSH Reservoir Initialized in Node 3
FLASH Controller Initialized in Node 3
FLASH Controller Initialized in Node 5
FLASH Controller Initialized in Node 1
FLASH Controller Initialized in Node 2
FLASH Controller Initialized in Node 4
Adding Vectors Node 1...
Adding Vectors Node 0...
Adding Vectors Node 3...
Adding Vectors Node 4...
Adding Vectors Node 5...
Adding Vectors Node 2...
Vectors Read Node 0: 62.555 Seconds

Node 0 Table Mem Usage ranges from 0.002758 to 0.003471, average 0.003170
Node 0 Table Mem Usage ranges from 0.021481 to 0.028263, average 0.025537
Node 0 Table Mem Usage ranges from 0.036427 to 0.048557, average 0.043763
Node 0 Table Mem Usage ranges from 0.050003 to 0.066902, average 0.060121
Node 0 Table Mem Usage ranges from 0.062077 to 0.083950, average 0.075058
Vectors Added Node 0: 63.1986 Seconds

Vectors Read Node 2: 64.0448 Seconds

Node 2 Table Mem Usage ranges from 0.002819 to 0.003475, average 0.003205
Node 2 Table Mem Usage ranges from 0.021427 to 0.028282, average 0.025519
Node 2 Table Mem Usage ranges from 0.036594 to 0.048885, average 0.043823
Node 2 Table Mem Usage ranges from 0.050213 to 0.067497, average 0.060378
Node 2 Table Mem Usage ranges from 0.062450 to 0.084572, average 0.075485
Vectors Added Node 2: 64.6845 Seconds

Vectors Read Node 5: 67.2212 Seconds

Node 5 Table Mem Usage ranges from 0.002762 to 0.003479, average 0.003171
Node 5 Table Mem Usage ranges from 0.021679 to 0.028484, average 0.025742
Node 5 Table Mem Usage ranges from 0.036934 to 0.048798, average 0.044028
Node 5 Table Mem Usage ranges from 0.050365 to 0.067242, average 0.060436
Node 5 Table Mem Usage ranges from 0.062569 to 0.083920, average 0.075293
Vectors Added Node 5: 67.8545 Seconds

Vectors Read Node 1: 99.5566 Seconds

Node 1 Table Mem Usage ranges from 0.002640 to 0.003384, average 0.003096
Node 1 Table Mem Usage ranges from 0.021568 to 0.028351, average 0.025625
Node 1 Table Mem Usage ranges from 0.036968 to 0.048935, average 0.044152
Node 1 Table Mem Usage ranges from 0.050663 to 0.067642, average 0.060702
Node 1 Table Mem Usage ranges from 0.062866 to 0.084541, average 0.075747
Vectors Added Node 1: 100.199 Seconds

Vectors Read Node 3: 159.473 Seconds

Node 3 Table Mem Usage ranges from 0.002693 to 0.003471, average 0.003071
Node 3 Table Mem Usage ranges from 0.021439 to 0.028397, average 0.025467
Node 3 Table Mem Usage ranges from 0.036480 to 0.048779, average 0.043636
Node 3 Table Mem Usage ranges from 0.049805 to 0.067005, average 0.059862
Node 3 Table Mem Usage ranges from 0.062134 to 0.084354, average 0.075096
Vectors Added Node 3: 160.124 Seconds

Vectors Read Node 4: 171.192 Seconds

Computing Query Hashes Node 3...
Computing Query Hashes Node 5...
Computing Query Hashes Node 1...
Computing Query Hashes Node 2...
Computing Query Hashes Node 0...
Node 4 Table Mem Usage ranges from 0.002705 to 0.003399, average 0.003076
Node 4 Table Mem Usage ranges from 0.021549 to 0.028419, average 0.025510
Node 4 Table Mem Usage ranges from 0.036495 to 0.048569, average 0.043649
Node 4 Table Mem Usage ranges from 0.049927 to 0.067093, average 0.060104
Node 4 Table Mem Usage ranges from 0.062363 to 0.084156, average 0.075226
Vectors Added Node 4: 171.861 Seconds

Computing Query Hashes Node 4...
Query Hashes Computed Node 3: 0.0174779 Seconds

Extracting Top K (TREE) Node 3...
Query Hashes Computed Node 5: 0.0174659 Seconds

Extracting Top K (TREE) Node 5...
Query Hashes Computed Node 1: 0.0175867 Seconds

Extracting Top K (TREE) Node 1...
Query Hashes Computed Node 2: 0.0175087 Seconds

Extracting Top K (TREE) Node 2...
Query Hashes Computed Node 4: 0.0174879 Seconds

Extracting Top K (TREE) Node 4...
Query Hashes Computed Node 0: 0.0176015 Seconds

Extracting Top K (TREE) Node 0...
Top K (TREE) Extracted Node 1: 1.02268 Seconds

Top K (TREE) Extracted Node 3: 1.03194 Seconds

Top K (TREE) Extracted Node 5: 1.05759 Seconds

Top K (TREE) Extracted Node 2: 1.12089 Seconds

Top K (TREE) Extracted Node 4: 1.21161 Seconds

Extracting Top K (LINEAR) Node 3...
Extracting Top K (LINEAR) Node 5...
Extracting Top K (LINEAR) Node 1...
Top K (TREE) Extracted Node 0: 1.33585 Seconds

Extracting Top K (LINEAR) Node 2...
Extracting Top K (LINEAR) Node 4...
Extracting Top K (LINEAR) Node 0...
Top K (LINEAR) Extracted Node 1: 1.04191 Seconds

Top K (LINEAR) Extracted Node 2: 1.11701 Seconds

Top K (LINEAR) Extracted Node 3: 1.20288 Seconds

Top K (LINEAR) Extracted Node 4: 1.32711 Seconds

Top K (LINEAR) Extracted Node 5: 1.47332 Seconds

Extracting Top K (BRUTEFORCE) Node 3...
Extracting Top K (BRUTEFORCE) Node 5...
Extracting Top K (BRUTEFORCE) Node 1...
Extracting Top K (BRUTEFORCE) Node 2...
Extracting Top K (BRUTEFORCE) Node 4...
Top K (LINEAR) Extracted Node 0: 1.86163 Seconds

Extracting Top K (BRUTEFORCE) Node 0...
Top K (BRUTEFORCE) Extracted Node 1: 0.145307 Seconds

Top K (BRUTEFORCE) Extracted Node 2: 0.206517 Seconds

Top K (BRUTEFORCE) Extracted Node 3: 0.267534 Seconds

Top K (BRUTEFORCE) Extracted Node 4: 0.327881 Seconds

Top K (BRUTEFORCE) Extracted Node 5: 0.471466 Seconds

Top K (BRUTEFORCE) Extracted Node 0: 5.2777 Seconds



================================
TOP K TREE

[similarityMetric] Averaging output. 

S@k = s_out(s_true): In top k, average output similarity (average groundtruth similarity). 
S@1 = 0.894 
S@10 = 0.846 
S@20 = 0.823 
S@30 = 0.810 
S@32 = 0.808 
S@40 = 0.800 
S@50 = 0.793 
S@64 = 0.785 
S@100 = 0.770 
S@128 = 0.762 
1 10 20 30 32 40 50 64 100 128 
0.894 0.846 0.823 0.810 0.808 0.800 0.793 0.785 0.770 0.762 


================================
TOP K LINEAR

[similarityMetric] Averaging output. 

S@k = s_out(s_true): In top k, average output similarity (average groundtruth similarity). 
S@1 = 0.893 
S@10 = 0.843 
S@20 = 0.821 
S@30 = 0.807 
S@32 = 0.805 
S@40 = 0.798 
S@50 = 0.791 
S@64 = 0.783 
S@100 = 0.769 
S@128 = 0.761 
1 10 20 30 32 40 50 64 100 128 
0.893 0.843 0.821 0.807 0.805 0.798 0.791 0.783 0.769 0.761 


================================
TOP K BRUTEFORCE

[similarityMetric] Averaging output. 

S@k = s_out(s_true): In top k, average output similarity (average groundtruth similarity). 
S@1 = 0.900 
S@10 = 0.851 
S@20 = 0.831 
S@30 = 0.818 
S@32 = 0.816 
S@40 = 0.809 
S@50 = 0.802 
S@64 = 0.795 
S@100 = 0.781 
S@128 = 0.773 
1 10 20 30 32 40 50 64 100 128 
0.900 0.851 0.831 0.818 0.816 0.809 0.802 0.795 0.781 0.773 
Similarity Metric Computed
