
=================
== /scratch/ncm5/dataset/webspam/webspam_trigram.svm
=================

LSH Initialized in Node 4
LSH Initialized in Node 2
LSH Initialized in Node 3
LSH Initialized in Node 1
LSH Initialized in Node 5
340000 Vectors, 10000 Queries
Nodes: 6
Tables: 24
RangePow: 18
Reservoir Size: 256
Hashes: 8
CMS Bucket Size: 1024
CMS Hashes: 4

LSH Initialized in Node 0
CMS Initialized in Node 0
CMS Initialized in Node 2
CMS Initialized in Node 4
CMS Initialized in Node 1
CMS Initialized in Node 5
CMS Initialized in Node 3
LSH Reservoir Initialized in Node 3
LSH Reservoir Initialized in Node 4
LSH Reservoir Initialized in Node 1
LSH Reservoir Initialized in Node 0
LSH Reservoir Initialized in Node 2
LSH Reservoir Initialized in Node 5
FLASH Controller Initialized in Node 4
FLASH Controller Initialized in Node 0
FLASH Controller Initialized in Node 5
FLASH Controller Initialized in Node 2
FLASH Controller Initialized in Node 3
FLASH Controller Initialized in Node 1
[readSparse] Read 37207718 numbers, 10000 vectors. 
Adding Vectors Node 1...
Adding Vectors Node 5...
Adding Vectors Node 3...
Adding Vectors Node 2...
Adding Vectors Node 4...
Adding Vectors Node 0...
[readSparse] Read 211446825 numbers, 56667 vectors. 
Vectors Read Node 0: 116.318 Seconds

Vectors Added Node 0: 117.276 Seconds

[readSparse] Read 210930224 numbers, 56667 vectors. 
Vectors Read Node 1: 160.373 Seconds

Vectors Added Node 1: 161.319 Seconds

[readSparse] Read 210802565 numbers, 56667 vectors. 
Vectors Read Node 2: 212.122 Seconds

Vectors Added Node 2: 213.08 Seconds

[readSparse] Read 211770270 numbers, 56667 vectors. 
Vectors Read Node 3: 228.633 Seconds

Vectors Added Node 3: 229.424 Seconds

[readSparse] Read 211695452 numbers, 56666 vectors. 
Vectors Read Node 4: 255.47 Seconds

Vectors Added Node 4: 256.412 Seconds

[readSparse] Read 210844392 numbers, 56666 vectors. 
Vectors Read Node 5: 283.441 Seconds

Vectors Added Node 5: 284.408 Seconds

Computing Query Hashes Node 3...
Computing Query Hashes Node 4...
Computing Query Hashes Node 1...
Computing Query Hashes Node 2...
Computing Query Hashes Node 0...
Computing Query Hashes Node 5...
Query Hashes Computed Node 3: 0.0320873 Seconds

Query Hashes Computed Node 2: 0.0321314 Seconds

Query Hashes Computed Node 1: 0.0323493 Seconds

Query Hashes Computed Node 4: 0.0323362 Seconds

Query Hashes Computed Node 0: 0.0326544 Seconds

Query Hashes Computed Node 5: 0.0326611 Seconds

Extracting Top K (TREE) Node 0...
Extracting Top K (TREE) Node 2...
Extracting Top K (TREE) Node 3...
Extracting Top K (TREE) Node 4...
Extracting Top K (TREE) Node 1...
Extracting Top K (TREE) Node 5...
Top K (TREE) Extracted Node 1: 1.26349 Seconds

Top K (TREE) Extracted Node 3: 1.27009 Seconds

Top K (TREE) Extracted Node 5: 1.27046 Seconds

Top K (TREE) Extracted Node 2: 1.59815 Seconds

Top K (TREE) Extracted Node 4: 1.93412 Seconds

Top K (TREE) Extracted Node 0: 2.08896 Seconds

Extracting Top K (LINEAR) Node 2...
Extracting Top K (LINEAR) Node 3...
Extracting Top K (LINEAR) Node 4...
Extracting Top K (LINEAR) Node 0...
Extracting Top K (LINEAR) Node 5...
Extracting Top K (LINEAR) Node 1...
Top K (LINEAR) Extracted Node 2: 2.18112 Seconds

Top K (LINEAR) Extracted Node 1: 2.2266 Seconds

Top K (LINEAR) Extracted Node 4: 2.36961 Seconds

Top K (LINEAR) Extracted Node 3: 2.39936 Seconds

Top K (LINEAR) Extracted Node 5: 2.40385 Seconds

Extracting Top K (BRUTEFORCE) Node 2...
Extracting Top K (BRUTEFORCE) Node 3...
Extracting Top K (BRUTEFORCE) Node 4...
Extracting Top K (BRUTEFORCE) Node 1...
Extracting Top K (BRUTEFORCE) Node 5...
Top K (LINEAR) Extracted Node 0: 2.82627 Seconds

Extracting Top K (BRUTEFORCE) Node 0...
Top K (BRUTEFORCE) Extracted Node 4: 0.935941 Seconds

Top K (BRUTEFORCE) Extracted Node 5: 0.949847 Seconds

Top K (BRUTEFORCE) Extracted Node 2: 1.00575 Seconds

Top K (BRUTEFORCE) Extracted Node 1: 1.11697 Seconds

Top K (BRUTEFORCE) Extracted Node 3: 1.1344 Seconds

Top K (BRUTEFORCE) Extracted Node 0: 6.97384 Seconds

[readSparse] Read 1304697446 numbers, 350000 vectors. 


================================
TOP K TREE

[similarityMetric] Averaging output. 

S@k = s_out(s_true): In top k, average output similarity (average groundtruth similarity). 
S@1 = 0.901 
S@10 = 0.857 
S@20 = 0.841 
S@30 = 0.831 
S@32 = 0.829 
S@40 = 0.824 
S@50 = 0.818 
S@64 = 0.811 
S@100 = 0.799 
S@128 = 0.791 
1 10 20 30 32 40 50 64 100 128 
0.901 0.857 0.841 0.831 0.829 0.824 0.818 0.811 0.799 0.791 
[similarityMetric] Averaging output. 

S@k = s_out(s_true): In top k, average output similarity (average groundtruth similarity). 
S@1 = 0.901 
S@10 = 0.857 
S@20 = 0.840 
S@30 = 0.830 
S@32 = 0.829 
S@40 = 0.824 
S@50 = 0.818 
S@64 = 0.811 
S@100 = 0.798 
S@128 = 0.790 
1 10 20 30 32 40 50 64 100 128 
0.901 0.857 0.840 0.830 0.829 0.824 0.818 0.811 0.798 0.790 


================================
TOP K BRUTEFORCE

[similarityMetric] Averaging output. 

S@k = s_out(s_true): In top k, average output similarity (average groundtruth similarity). 
S@1 = 0.904 
S@10 = 0.860 
S@20 = 0.844 
S@30 = 0.835 
S@32 = 0.834 
S@40 = 0.829 
S@50 = 0.824 
S@64 = 0.817 
S@100 = 0.806 
S@128 = 0.799 
1 10 20 30 32 40 50 64 100 128 
0.904 0.860 0.844 0.835 0.834 0.829 0.824 0.817 0.806 0.799 
Similarity Metric Computed
