
=================
== /scratch/ncm5/dataset/webspam/webspam_trigram.svm
=================

LSH Initialized in Node 4
LSH Initialized in Node 8
LSH Initialized in Node 2
LSH Initialized in Node 6
LSH Initialized in Node 1
LSH Initialized in Node 9
LSH Initialized in Node 5
LSH Initialized in Node 3
LSH Initialized in Node 7
340000 Vectors, 10000 Queries
Nodes: 10
Tables: 24
RangePow: 18
Reservoir Size: 256
Hashes: 8
CMS Bucket Size: 1024
CMS Hashes: 4

LSH Initialized in Node 0
CMS Initialized in Node 1
CMS Initialized in Node 0
CMS Initialized in Node 8
CMS Initialized in Node 9
CMS Initialized in Node 5
CMS Initialized in Node 2
CMS Initialized in Node 6
CMS Initialized in Node 4
CMS Initialized in Node 7
CMS Initialized in Node 3
LSH Reservoir Initialized in Node 3
LSH Reservoir Initialized in Node 5
LSH Reservoir Initialized in Node 4
LSH Reservoir Initialized in Node 9
LSH Reservoir Initialized in Node 1
LSH Reservoir Initialized in Node 0
LSH Reservoir Initialized in Node 6
LSH Reservoir Initialized in Node 2
LSH Reservoir Initialized in Node 7
LSH Reservoir Initialized in Node 8
FLASH Controller Initialized in Node 6
FLASH Controller Initialized in Node 0
FLASH Controller Initialized in Node 8
FLASH Controller Initialized in Node 5
FLASH Controller Initialized in Node 3
FLASH Controller Initialized in Node 9
FLASH Controller Initialized in Node 1
FLASH Controller Initialized in Node 4
FLASH Controller Initialized in Node 2
FLASH Controller Initialized in Node 7
[readSparse] Read 37207718 numbers, 10000 vectors. 
Adding Vectors Node 7...
Adding Vectors Node 1...
Adding Vectors Node 5...
Adding Vectors Node 9...
Adding Vectors Node 3...
Adding Vectors Node 8...
Adding Vectors Node 2...
Adding Vectors Node 6...
Adding Vectors Node 4...
Adding Vectors Node 0...
[readSparse] Read 127174890 numbers, 34000 vectors. 
Vectors Read Node 0: 80.1289 Seconds

Vectors Added Node 0: 80.7282 Seconds

[readSparse] Read 126470976 numbers, 34000 vectors. 
Vectors Read Node 1: 117.858 Seconds

Vectors Added Node 1: 118.445 Seconds

[readSparse] Read 126598698 numbers, 34000 vectors. 
Vectors Read Node 2: 151.698 Seconds

Vectors Added Node 2: 152.303 Seconds

[readSparse] Read 126160763 numbers, 34000 vectors. 
Vectors Read Node 3: 180.445 Seconds

Vectors Added Node 3: 180.919 Seconds

[readSparse] Read 126773696 numbers, 34000 vectors. 
Vectors Read Node 4: 198.028 Seconds

Vectors Added Node 4: 198.604 Seconds

[readSparse] Read 126518752 numbers, 34000 vectors. 
Vectors Read Node 6: 206.418 Seconds

Vectors Added Node 6: 207.02 Seconds

[readSparse] Read 127243577 numbers, 34000 vectors. 
Vectors Read Node 5: 218.778 Seconds

Vectors Added Node 5: 219.327 Seconds

[readSparse] Read 126614538 numbers, 34000 vectors. 
Vectors Read Node 9: 229.114 Seconds

Vectors Added Node 9: 229.682 Seconds

[readSparse] Read 127500770 numbers, 34000 vectors. 
Vectors Read Node 7: 235.289 Seconds

[readSparse] Read 126433068 numbers, 34000 vectors. 
Vectors Read Node 8: 235.307 Seconds

Vectors Added Node 7: 235.91 Seconds

Computing Query Hashes Node 7...
Computing Query Hashes Node 6...
Computing Query Hashes Node 9...
Computing Query Hashes Node 5...
Computing Query Hashes Node 3...
Computing Query Hashes Node 1...
Computing Query Hashes Node 0...
Vectors Added Node 8: 235.935 Seconds

Computing Query Hashes Node 8...
Computing Query Hashes Node 2...
Computing Query Hashes Node 4...
Query Hashes Computed Node 5: 0.0238514 Seconds

Query Hashes Computed Node 4: 0.0213645 Seconds

Query Hashes Computed Node 7: 0.0380858 Seconds

Query Hashes Computed Node 6: 0.0382945 Seconds

Query Hashes Computed Node 8: 0.03931 Seconds

Query Hashes Computed Node 9: 0.0413319 Seconds

Query Hashes Computed Node 2: 0.0390655 Seconds

Query Hashes Computed Node 3: 0.0415993 Seconds

Query Hashes Computed Node 1: 0.0450982 Seconds

Query Hashes Computed Node 0: 0.0451474 Seconds

Extracting Top K (TREE) Node 8...
Extracting Top K (TREE) Node 3...
Extracting Top K (TREE) Node 6...
Extracting Top K (TREE) Node 4...
Extracting Top K (TREE) Node 9...
Extracting Top K (TREE) Node 5...
Extracting Top K (TREE) Node 2...
Extracting Top K (TREE) Node 7...
Extracting Top K (TREE) Node 1...
Extracting Top K (TREE) Node 0...
Top K (TREE) Extracted Node 9: 1.26348 Seconds

Top K (TREE) Extracted Node 3: 1.29099 Seconds

Top K (TREE) Extracted Node 5: 1.29473 Seconds

Top K (TREE) Extracted Node 7: 1.35163 Seconds

Top K (TREE) Extracted Node 1: 1.49579 Seconds

Top K (TREE) Extracted Node 6: 1.71266 Seconds

Top K (TREE) Extracted Node 2: 1.83828 Seconds

Top K (TREE) Extracted Node 4: 2.16988 Seconds

Top K (TREE) Extracted Node 8: 2.51885 Seconds

Top K (TREE) Extracted Node 0: 2.66486 Seconds

Extracting Top K (LINEAR) Node 8...
Extracting Top K (LINEAR) Node 6...
Extracting Top K (LINEAR) Node 4...
Extracting Top K (LINEAR) Node 0...
Extracting Top K (LINEAR) Node 9...
Extracting Top K (LINEAR) Node 2...
Extracting Top K (LINEAR) Node 7...
Extracting Top K (LINEAR) Node 3...
Extracting Top K (LINEAR) Node 1...
Extracting Top K (LINEAR) Node 5...
Top K (LINEAR) Extracted Node 7: 4.04487 Seconds

Top K (LINEAR) Extracted Node 9: 4.08056 Seconds

Top K (LINEAR) Extracted Node 4: 4.28209 Seconds

Top K (LINEAR) Extracted Node 1: 4.29081 Seconds

Top K (LINEAR) Extracted Node 8: 4.35976 Seconds

Top K (LINEAR) Extracted Node 2: 4.36936 Seconds

Top K (LINEAR) Extracted Node 5: 4.41248 Seconds

Top K (LINEAR) Extracted Node 3: 4.51048 Seconds

Top K (LINEAR) Extracted Node 6: 4.51725 Seconds

Top K (LINEAR) Extracted Node 0: 5.35318 Seconds

Extracting Top K (BRUTEFORCE) Node 8...
Extracting Top K (BRUTEFORCE) Node 9...
Extracting Top K (BRUTEFORCE) Node 2...
Extracting Top K (BRUTEFORCE) Node 7...
Extracting Top K (BRUTEFORCE) Node 3...
Extracting Top K (BRUTEFORCE) Node 6...
Extracting Top K (BRUTEFORCE) Node 4...
Extracting Top K (BRUTEFORCE) Node 1...
Extracting Top K (BRUTEFORCE) Node 0...
Extracting Top K (BRUTEFORCE) Node 5...
Top K (BRUTEFORCE) Extracted Node 2: 0.777135 Seconds

Top K (BRUTEFORCE) Extracted Node 6: 1.02643 Seconds

Top K (BRUTEFORCE) Extracted Node 4: 1.23424 Seconds

Top K (BRUTEFORCE) Extracted Node 9: 1.61598 Seconds

Top K (BRUTEFORCE) Extracted Node 3: 1.85314 Seconds

Top K (BRUTEFORCE) Extracted Node 1: 1.91328 Seconds

Top K (BRUTEFORCE) Extracted Node 7: 1.97345 Seconds

Top K (BRUTEFORCE) Extracted Node 5: 1.99982 Seconds

Top K (BRUTEFORCE) Extracted Node 8: 2.00659 Seconds

Top K (BRUTEFORCE) Extracted Node 0: 11.6336 Seconds

[readSparse] Read 1304697446 numbers, 350000 vectors. 


================================
TOP K TREE

[similarityMetric] Averaging output. 

S@k = s_out(s_true): In top k, average output similarity (average groundtruth similarity). 
S@1 = 0.901 
S@10 = 0.857 
S@20 = 0.840 
S@30 = 0.831 
S@32 = 0.829 
S@40 = 0.824 
S@50 = 0.818 
S@64 = 0.811 
S@100 = 0.799 
S@128 = 0.791 
1 10 20 30 32 40 50 64 100 128 
0.901 0.857 0.840 0.831 0.829 0.824 0.818 0.811 0.799 0.791 
[similarityMetric] Averaging output. 

S@k = s_out(s_true): In top k, average output similarity (average groundtruth similarity). 
S@1 = 0.900 
S@10 = 0.857 
S@20 = 0.840 
S@30 = 0.830 
S@32 = 0.829 
S@40 = 0.823 
S@50 = 0.818 
S@64 = 0.811 
S@100 = 0.799 
S@128 = 0.791 
1 10 20 30 32 40 50 64 100 128 
0.900 0.857 0.840 0.830 0.829 0.823 0.818 0.811 0.799 0.791 


================================
TOP K BRUTEFORCE

[similarityMetric] Averaging output. 

S@k = s_out(s_true): In top k, average output similarity (average groundtruth similarity). 
S@1 = 0.904 
S@10 = 0.861 
S@20 = 0.844 
S@30 = 0.835 
S@32 = 0.834 
S@40 = 0.829 
S@50 = 0.824 
S@64 = 0.817 
S@100 = 0.806 
S@128 = 0.799 
1 10 20 30 32 40 50 64 100 128 
0.904 0.861 0.844 0.835 0.834 0.829 0.824 0.817 0.806 0.799 
Similarity Metric Computed
